2018-01-19 05:54:28 [scrapy] INFO: Scrapy 1.1.1 started (bot: kickstarter)
2018-01-19 05:54:28 [scrapy] INFO: Overridden settings: {'NEWSPIDER_MODULE': 'kickstarter.spiders', 'ROBOTSTXT_OBEY': True, 'LOG_LEVEL': 'INFO', 'SPIDER_MODULES': ['kickstarter.spiders'], 'BOT_NAME': 'kickstarter', 'LOG_STDOUT': True, 'LOG_FILE': 'log/KickSpider_190553.log'}
2018-01-19 05:54:28 [scrapy] INFO: Enabled extensions:
['scrapy.extensions.logstats.LogStats',
 'scrapy.extensions.telnet.TelnetConsole',
 'scrapy.extensions.corestats.CoreStats']
2018-01-19 05:54:28 [scrapy] INFO: Enabled downloader middlewares:
['scrapy.downloadermiddlewares.robotstxt.RobotsTxtMiddleware',
 'scrapy.downloadermiddlewares.httpauth.HttpAuthMiddleware',
 'scrapy.downloadermiddlewares.downloadtimeout.DownloadTimeoutMiddleware',
 'scrapy.downloadermiddlewares.useragent.UserAgentMiddleware',
 'scrapy.downloadermiddlewares.retry.RetryMiddleware',
 'scrapy.downloadermiddlewares.defaultheaders.DefaultHeadersMiddleware',
 'scrapy.downloadermiddlewares.redirect.MetaRefreshMiddleware',
 'scrapy.downloadermiddlewares.httpcompression.HttpCompressionMiddleware',
 'scrapy.downloadermiddlewares.redirect.RedirectMiddleware',
 'scrapy.downloadermiddlewares.cookies.CookiesMiddleware',
 'scrapy.downloadermiddlewares.chunked.ChunkedTransferMiddleware',
 'scrapy.downloadermiddlewares.stats.DownloaderStats']
2018-01-19 05:54:28 [scrapy] INFO: Enabled spider middlewares:
['scrapy.spidermiddlewares.httperror.HttpErrorMiddleware',
 'scrapy.spidermiddlewares.offsite.OffsiteMiddleware',
 'scrapy.spidermiddlewares.referer.RefererMiddleware',
 'scrapy.spidermiddlewares.urllength.UrlLengthMiddleware',
 'scrapy.spidermiddlewares.depth.DepthMiddleware']
2018-01-19 05:54:28 [scrapy] INFO: Enabled item pipelines:
['kickstarter.pipelines.MongodbPipeline']
2018-01-19 05:54:28 [scrapy] INFO: Spider opened
2018-01-19 05:54:28 [scrapy] INFO: Crawled 0 pages (at 0 pages/min), scraped 0 items (at 0 items/min)
2018-01-19 05:54:31 [scrapy] ERROR: Spider error processing <GET https://www.kickstarter.com/projects/jpoprevolution/j-pop-revolution/rewards> (referer: None)
Traceback (most recent call last):
  File "D:\ProgramData\Anaconda2\lib\site-packages\scrapy\utils\defer.py", line 102, in iter_errback
    yield next(it)
  File "D:\ProgramData\Anaconda2\lib\site-packages\scrapy\spidermiddlewares\offsite.py", line 29, in process_spider_output
    for x in result:
  File "D:\ProgramData\Anaconda2\lib\site-packages\scrapy\spidermiddlewares\referer.py", line 22, in <genexpr>
    return (_set_referer(r) for r in result or ())
  File "D:\ProgramData\Anaconda2\lib\site-packages\scrapy\spidermiddlewares\urllength.py", line 37, in <genexpr>
    return (r for r in result or () if _filter(r))
  File "D:\ProgramData\Anaconda2\lib\site-packages\scrapy\spidermiddlewares\depth.py", line 58, in <genexpr>
    return (r for r in result or () if _filter(r))
  File "d:\mypy\kickstarter\kickstarter\kickstarter\spiders\reward_spider.py", line 21, in parse
    cp = json.loads(current_project)
  File "D:\ProgramData\Anaconda2\lib\json\__init__.py", line 339, in loads
    return _default_decoder.decode(s)
  File "D:\ProgramData\Anaconda2\lib\json\decoder.py", line 364, in decode
    obj, end = self.raw_decode(s, idx=_w(s, 0).end())
  File "D:\ProgramData\Anaconda2\lib\json\decoder.py", line 380, in raw_decode
    obj, end = self.scan_once(s, idx)
ValueError: Expecting ',' delimiter: line 1 column 14407 (char 14406)
2018-01-19 05:54:31 [scrapy] ERROR: Spider error processing <GET https://www.kickstarter.com/projects/snckpck/raddddd-a-poetry-short-story-illustration-book/rewards> (referer: None)
Traceback (most recent call last):
  File "D:\ProgramData\Anaconda2\lib\site-packages\scrapy\utils\defer.py", line 102, in iter_errback
    yield next(it)
  File "D:\ProgramData\Anaconda2\lib\site-packages\scrapy\spidermiddlewares\offsite.py", line 29, in process_spider_output
    for x in result:
  File "D:\ProgramData\Anaconda2\lib\site-packages\scrapy\spidermiddlewares\referer.py", line 22, in <genexpr>
    return (_set_referer(r) for r in result or ())
  File "D:\ProgramData\Anaconda2\lib\site-packages\scrapy\spidermiddlewares\urllength.py", line 37, in <genexpr>
    return (r for r in result or () if _filter(r))
  File "D:\ProgramData\Anaconda2\lib\site-packages\scrapy\spidermiddlewares\depth.py", line 58, in <genexpr>
    return (r for r in result or () if _filter(r))
  File "d:\mypy\kickstarter\kickstarter\kickstarter\spiders\reward_spider.py", line 21, in parse
    cp = json.loads(current_project)
  File "D:\ProgramData\Anaconda2\lib\json\__init__.py", line 339, in loads
    return _default_decoder.decode(s)
  File "D:\ProgramData\Anaconda2\lib\json\decoder.py", line 364, in decode
    obj, end = self.raw_decode(s, idx=_w(s, 0).end())
  File "D:\ProgramData\Anaconda2\lib\json\decoder.py", line 380, in raw_decode
    obj, end = self.scan_once(s, idx)
ValueError: Expecting ',' delimiter: line 1 column 6400 (char 6399)
2018-01-19 05:55:31 [scrapy] INFO: Crawled 17 pages (at 17 pages/min), scraped 10 items (at 10 items/min)
2018-01-19 05:55:40 [scrapy] ERROR: Spider error processing <GET https://www.kickstarter.com/login?then=%2Fprojects%2FPaulHartner%2F1384087152%2Frewards> (referer: None)
Traceback (most recent call last):
  File "D:\ProgramData\Anaconda2\lib\site-packages\scrapy\utils\defer.py", line 102, in iter_errback
    yield next(it)
  File "D:\ProgramData\Anaconda2\lib\site-packages\scrapy\spidermiddlewares\offsite.py", line 29, in process_spider_output
    for x in result:
  File "D:\ProgramData\Anaconda2\lib\site-packages\scrapy\spidermiddlewares\referer.py", line 22, in <genexpr>
    return (_set_referer(r) for r in result or ())
  File "D:\ProgramData\Anaconda2\lib\site-packages\scrapy\spidermiddlewares\urllength.py", line 37, in <genexpr>
    return (r for r in result or () if _filter(r))
  File "D:\ProgramData\Anaconda2\lib\site-packages\scrapy\spidermiddlewares\depth.py", line 58, in <genexpr>
    return (r for r in result or () if _filter(r))
  File "d:\mypy\kickstarter\kickstarter\kickstarter\spiders\reward_spider.py", line 16, in parse
    current_project = response.css('script').re(r'window\.current_project.+?"(\{.+?\})";')[0]
IndexError: list index out of range
2018-01-19 05:56:02 [scrapy] ERROR: Spider error processing <GET https://www.kickstarter.com/login?then=%2Fprojects%2Fisyana%2F69489148%2Frewards> (referer: None)
Traceback (most recent call last):
  File "D:\ProgramData\Anaconda2\lib\site-packages\scrapy\utils\defer.py", line 102, in iter_errback
    yield next(it)
  File "D:\ProgramData\Anaconda2\lib\site-packages\scrapy\spidermiddlewares\offsite.py", line 29, in process_spider_output
    for x in result:
  File "D:\ProgramData\Anaconda2\lib\site-packages\scrapy\spidermiddlewares\referer.py", line 22, in <genexpr>
    return (_set_referer(r) for r in result or ())
  File "D:\ProgramData\Anaconda2\lib\site-packages\scrapy\spidermiddlewares\urllength.py", line 37, in <genexpr>
    return (r for r in result or () if _filter(r))
  File "D:\ProgramData\Anaconda2\lib\site-packages\scrapy\spidermiddlewares\depth.py", line 58, in <genexpr>
    return (r for r in result or () if _filter(r))
  File "d:\mypy\kickstarter\kickstarter\kickstarter\spiders\reward_spider.py", line 16, in parse
    current_project = response.css('script').re(r'window\.current_project.+?"(\{.+?\})";')[0]
IndexError: list index out of range
2018-01-19 05:56:30 [scrapy] INFO: Crawled 29 pages (at 12 pages/min), scraped 22 items (at 12 items/min)
2018-01-19 05:58:00 [scrapy] INFO: Crawled 37 pages (at 8 pages/min), scraped 30 items (at 8 items/min)
2018-01-19 05:58:36 [scrapy] INFO: Crawled 44 pages (at 7 pages/min), scraped 36 items (at 6 items/min)
2018-01-19 05:59:30 [scrapy] INFO: Crawled 51 pages (at 7 pages/min), scraped 44 items (at 8 items/min)
2018-01-19 06:00:53 [scrapy] INFO: Crawled 60 pages (at 9 pages/min), scraped 55 items (at 11 items/min)
2018-01-19 06:01:54 [scrapy] INFO: Crawled 76 pages (at 16 pages/min), scraped 63 items (at 8 items/min)
2018-01-19 06:02:38 [scrapy] INFO: Crawled 77 pages (at 1 pages/min), scraped 71 items (at 8 items/min)
2018-01-19 06:05:10 [scrapy] INFO: Crawled 94 pages (at 17 pages/min), scraped 87 items (at 16 items/min)
2018-01-19 06:05:56 [scrapy] INFO: Crawled 108 pages (at 14 pages/min), scraped 95 items (at 8 items/min)
2018-01-19 06:06:56 [scrapy] INFO: Crawled 108 pages (at 0 pages/min), scraped 103 items (at 8 items/min)
2018-01-19 06:07:42 [scrapy] INFO: Crawled 124 pages (at 16 pages/min), scraped 111 items (at 8 items/min)
2018-01-19 06:08:32 [scrapy] INFO: Crawled 132 pages (at 8 pages/min), scraped 120 items (at 9 items/min)
2018-01-19 06:09:51 [scrapy] INFO: Crawled 140 pages (at 8 pages/min), scraped 133 items (at 13 items/min)
2018-01-19 06:10:30 [scrapy] INFO: Crawled 146 pages (at 6 pages/min), scraped 139 items (at 6 items/min)
2018-01-19 06:11:31 [scrapy] INFO: Crawled 160 pages (at 14 pages/min), scraped 153 items (at 14 items/min)
2018-01-19 06:12:36 [scrapy] INFO: Crawled 174 pages (at 14 pages/min), scraped 167 items (at 14 items/min)
2018-01-19 06:14:05 [scrapy] INFO: Crawled 180 pages (at 6 pages/min), scraped 173 items (at 6 items/min)
2018-01-19 06:14:34 [scrapy] INFO: Crawled 186 pages (at 6 pages/min), scraped 179 items (at 6 items/min)
2018-01-19 06:15:32 [scrapy] INFO: Crawled 196 pages (at 10 pages/min), scraped 189 items (at 10 items/min)
2018-01-19 06:16:30 [scrapy] INFO: Crawled 204 pages (at 8 pages/min), scraped 197 items (at 8 items/min)
2018-01-19 06:17:34 [scrapy] INFO: Crawled 216 pages (at 12 pages/min), scraped 209 items (at 12 items/min)
2018-01-19 06:18:29 [scrapy] INFO: Crawled 224 pages (at 8 pages/min), scraped 217 items (at 8 items/min)
2018-01-19 06:19:51 [scrapy] INFO: Crawled 232 pages (at 8 pages/min), scraped 225 items (at 8 items/min)
2018-01-19 06:20:39 [scrapy] INFO: Crawled 240 pages (at 8 pages/min), scraped 233 items (at 8 items/min)
2018-01-19 06:21:28 [scrapy] INFO: Crawled 247 pages (at 7 pages/min), scraped 239 items (at 6 items/min)
2018-01-19 06:22:49 [scrapy] INFO: Crawled 256 pages (at 9 pages/min), scraped 249 items (at 10 items/min)
2018-01-19 06:23:33 [scrapy] INFO: Crawled 262 pages (at 6 pages/min), scraped 255 items (at 6 items/min)
2018-01-19 06:24:54 [scrapy] INFO: Crawled 272 pages (at 10 pages/min), scraped 265 items (at 10 items/min)
2018-01-19 06:25:49 [scrapy] INFO: Crawled 280 pages (at 8 pages/min), scraped 273 items (at 8 items/min)
2018-01-19 06:26:32 [scrapy] INFO: Crawled 289 pages (at 9 pages/min), scraped 281 items (at 8 items/min)
2018-01-19 06:28:06 [scrapy] INFO: Crawled 296 pages (at 7 pages/min), scraped 289 items (at 8 items/min)
2018-01-19 06:28:40 [scrapy] INFO: Crawled 302 pages (at 6 pages/min), scraped 295 items (at 6 items/min)
2018-01-19 06:29:56 [scrapy] INFO: Crawled 309 pages (at 7 pages/min), scraped 301 items (at 6 items/min)
2018-01-19 06:30:30 [scrapy] INFO: Crawled 314 pages (at 5 pages/min), scraped 307 items (at 6 items/min)
2018-01-19 06:31:32 [scrapy] INFO: Crawled 330 pages (at 16 pages/min), scraped 323 items (at 16 items/min)
2018-01-19 06:32:28 [scrapy] INFO: Crawled 338 pages (at 8 pages/min), scraped 331 items (at 8 items/min)
2018-01-19 06:33:54 [scrapy] INFO: Crawled 346 pages (at 8 pages/min), scraped 339 items (at 8 items/min)
2018-01-19 06:34:34 [scrapy] INFO: Crawled 354 pages (at 8 pages/min), scraped 347 items (at 8 items/min)
2018-01-19 06:35:32 [scrapy] INFO: Crawled 362 pages (at 8 pages/min), scraped 355 items (at 8 items/min)
2018-01-19 06:36:35 [scrapy] INFO: Crawled 370 pages (at 8 pages/min), scraped 363 items (at 8 items/min)
2018-01-19 06:37:37 [scrapy] INFO: Crawled 382 pages (at 12 pages/min), scraped 375 items (at 12 items/min)
2018-01-19 06:38:33 [scrapy] INFO: Crawled 390 pages (at 8 pages/min), scraped 383 items (at 8 items/min)
2018-01-19 06:39:32 [scrapy] INFO: Crawled 400 pages (at 10 pages/min), scraped 393 items (at 10 items/min)
2018-01-19 06:41:13 [scrapy] INFO: Crawled 406 pages (at 6 pages/min), scraped 399 items (at 6 items/min)
2018-01-19 06:41:46 [scrapy] INFO: Crawled 410 pages (at 4 pages/min), scraped 403 items (at 4 items/min)
2018-01-19 06:42:51 [scrapy] INFO: Crawled 419 pages (at 9 pages/min), scraped 411 items (at 8 items/min)
2018-01-19 06:44:11 [scrapy] INFO: Crawled 429 pages (at 10 pages/min), scraped 421 items (at 10 items/min)
2018-01-19 06:44:37 [scrapy] INFO: Crawled 434 pages (at 5 pages/min), scraped 427 items (at 6 items/min)
2018-01-19 06:46:01 [scrapy] INFO: Crawled 445 pages (at 11 pages/min), scraped 440 items (at 13 items/min)
2018-01-19 06:46:50 [scrapy] INFO: Crawled 462 pages (at 17 pages/min), scraped 448 items (at 8 items/min)
2018-01-19 06:47:39 [scrapy] INFO: Crawled 471 pages (at 9 pages/min), scraped 459 items (at 11 items/min)
2018-01-19 06:48:42 [scrapy] INFO: Crawled 477 pages (at 6 pages/min), scraped 470 items (at 11 items/min)
2018-01-19 06:49:38 [scrapy] INFO: Crawled 483 pages (at 6 pages/min), scraped 476 items (at 6 items/min)
2018-01-19 06:50:58 [scrapy] INFO: Crawled 493 pages (at 10 pages/min), scraped 486 items (at 10 items/min)
2018-01-19 06:51:31 [scrapy] INFO: Crawled 499 pages (at 6 pages/min), scraped 492 items (at 6 items/min)
2018-01-19 06:51:46 [scrapy] INFO: Closing spider (finished)
2018-01-19 06:51:46 [scrapy] INFO: Dumping Scrapy stats:
{'downloader/request_bytes': 422920,
 'downloader/request_count': 503,
 'downloader/request_method_count/GET': 503,
 'downloader/response_bytes': 37350079,
 'downloader/response_count': 503,
 'downloader/response_status_count/200': 501,
 'downloader/response_status_count/302': 2,
 'finish_reason': 'finished',
 'finish_time': datetime.datetime(2018, 1, 18, 22, 51, 46, 347000),
 'item_scraped_count': 496,
 'log_count/ERROR': 4,
 'log_count/INFO': 63,
 'response_received_count': 501,
 'scheduler/dequeued': 502,
 'scheduler/dequeued/memory': 502,
 'scheduler/enqueued': 502,
 'scheduler/enqueued/memory': 502,
 'spider_exceptions/IndexError': 2,
 'spider_exceptions/ValueError': 2,
 'start_time': datetime.datetime(2018, 1, 18, 21, 54, 28, 590000)}
2018-01-19 06:51:46 [scrapy] INFO: Spider closed (finished)
