2018-01-18 16:20:45 [scrapy] INFO: Scrapy 1.1.1 started (bot: kickstarter)
2018-01-18 16:20:45 [scrapy] INFO: Overridden settings: {'NEWSPIDER_MODULE': 'kickstarter.spiders', 'ROBOTSTXT_OBEY': True, 'LOG_LEVEL': 'INFO', 'SPIDER_MODULES': ['kickstarter.spiders'], 'BOT_NAME': 'kickstarter', 'LOG_STDOUT': True, 'LOG_FILE': 'log/KickSpider_181619.log'}
2018-01-18 16:20:45 [scrapy] INFO: Enabled extensions:
['scrapy.extensions.logstats.LogStats',
 'scrapy.extensions.telnet.TelnetConsole',
 'scrapy.extensions.corestats.CoreStats']
2018-01-18 16:20:45 [scrapy] INFO: Enabled downloader middlewares:
['scrapy.downloadermiddlewares.robotstxt.RobotsTxtMiddleware',
 'scrapy.downloadermiddlewares.httpauth.HttpAuthMiddleware',
 'scrapy.downloadermiddlewares.downloadtimeout.DownloadTimeoutMiddleware',
 'scrapy.downloadermiddlewares.useragent.UserAgentMiddleware',
 'scrapy.downloadermiddlewares.retry.RetryMiddleware',
 'scrapy.downloadermiddlewares.defaultheaders.DefaultHeadersMiddleware',
 'scrapy.downloadermiddlewares.redirect.MetaRefreshMiddleware',
 'scrapy.downloadermiddlewares.httpcompression.HttpCompressionMiddleware',
 'scrapy.downloadermiddlewares.redirect.RedirectMiddleware',
 'scrapy.downloadermiddlewares.cookies.CookiesMiddleware',
 'scrapy.downloadermiddlewares.chunked.ChunkedTransferMiddleware',
 'scrapy.downloadermiddlewares.stats.DownloaderStats']
2018-01-18 16:20:45 [scrapy] INFO: Enabled spider middlewares:
['scrapy.spidermiddlewares.httperror.HttpErrorMiddleware',
 'scrapy.spidermiddlewares.offsite.OffsiteMiddleware',
 'scrapy.spidermiddlewares.referer.RefererMiddleware',
 'scrapy.spidermiddlewares.urllength.UrlLengthMiddleware',
 'scrapy.spidermiddlewares.depth.DepthMiddleware']
2018-01-18 16:20:45 [scrapy] INFO: Enabled item pipelines:
['kickstarter.pipelines.MongodbPipeline']
2018-01-18 16:20:45 [scrapy] INFO: Spider opened
2018-01-18 16:20:45 [scrapy] INFO: Crawled 0 pages (at 0 pages/min), scraped 0 items (at 0 items/min)
2018-01-18 16:20:48 [scrapy] ERROR: Spider error processing <GET https://www.kickstarter.com/projects/jpoprevolution/j-pop-revolution/rewards> (referer: None)
Traceback (most recent call last):
  File "D:\ProgramData\Anaconda2\lib\site-packages\scrapy\utils\defer.py", line 102, in iter_errback
    yield next(it)
  File "D:\ProgramData\Anaconda2\lib\site-packages\scrapy\spidermiddlewares\offsite.py", line 29, in process_spider_output
    for x in result:
  File "D:\ProgramData\Anaconda2\lib\site-packages\scrapy\spidermiddlewares\referer.py", line 22, in <genexpr>
    return (_set_referer(r) for r in result or ())
  File "D:\ProgramData\Anaconda2\lib\site-packages\scrapy\spidermiddlewares\urllength.py", line 37, in <genexpr>
    return (r for r in result or () if _filter(r))
  File "D:\ProgramData\Anaconda2\lib\site-packages\scrapy\spidermiddlewares\depth.py", line 58, in <genexpr>
    return (r for r in result or () if _filter(r))
  File "d:\mypy\kickstarter\kickstarter\kickstarter\spiders\reward_spider.py", line 21, in parse
    cp = json.loads(current_project)
  File "D:\ProgramData\Anaconda2\lib\json\__init__.py", line 339, in loads
    return _default_decoder.decode(s)
  File "D:\ProgramData\Anaconda2\lib\json\decoder.py", line 364, in decode
    obj, end = self.raw_decode(s, idx=_w(s, 0).end())
  File "D:\ProgramData\Anaconda2\lib\json\decoder.py", line 380, in raw_decode
    obj, end = self.scan_once(s, idx)
ValueError: Expecting ',' delimiter: line 1 column 14407 (char 14406)
2018-01-18 16:22:01 [scrapy] INFO: Crawled 18 pages (at 18 pages/min), scraped 11 items (at 11 items/min)
2018-01-18 16:22:23 [scrapy] ERROR: Spider error processing <GET https://www.kickstarter.com/login?then=%2Fprojects%2Fisyana%2F69489148%2Frewards> (referer: None)
Traceback (most recent call last):
  File "D:\ProgramData\Anaconda2\lib\site-packages\scrapy\utils\defer.py", line 102, in iter_errback
    yield next(it)
  File "D:\ProgramData\Anaconda2\lib\site-packages\scrapy\spidermiddlewares\offsite.py", line 29, in process_spider_output
    for x in result:
  File "D:\ProgramData\Anaconda2\lib\site-packages\scrapy\spidermiddlewares\referer.py", line 22, in <genexpr>
    return (_set_referer(r) for r in result or ())
  File "D:\ProgramData\Anaconda2\lib\site-packages\scrapy\spidermiddlewares\urllength.py", line 37, in <genexpr>
    return (r for r in result or () if _filter(r))
  File "D:\ProgramData\Anaconda2\lib\site-packages\scrapy\spidermiddlewares\depth.py", line 58, in <genexpr>
    return (r for r in result or () if _filter(r))
  File "d:\mypy\kickstarter\kickstarter\kickstarter\spiders\reward_spider.py", line 16, in parse
    current_project = response.css('script').re(r'window\.current_project.+?"(\{.+?\})";')[0]
IndexError: list index out of range
2018-01-18 16:23:10 [scrapy] INFO: Crawled 27 pages (at 9 pages/min), scraped 22 items (at 11 items/min)
2018-01-18 16:23:52 [scrapy] INFO: Crawled 33 pages (at 6 pages/min), scraped 28 items (at 6 items/min)
2018-01-18 16:24:51 [scrapy] INFO: Crawled 44 pages (at 11 pages/min), scraped 38 items (at 10 items/min)
2018-01-18 16:26:00 [scrapy] INFO: Crawled 55 pages (at 11 pages/min), scraped 50 items (at 12 items/min)
2018-01-18 16:26:45 [scrapy] INFO: Crawled 55 pages (at 0 pages/min), scraped 52 items (at 2 items/min)
2018-01-18 16:27:45 [scrapy] INFO: Crawled 55 pages (at 0 pages/min), scraped 52 items (at 0 items/min)
2018-01-18 16:28:45 [scrapy] INFO: Crawled 55 pages (at 0 pages/min), scraped 52 items (at 0 items/min)
2018-01-18 16:30:21 [scrapy] INFO: Crawled 71 pages (at 16 pages/min), scraped 66 items (at 14 items/min)
2018-01-18 16:31:16 [scrapy] INFO: Crawled 80 pages (at 9 pages/min), scraped 73 items (at 7 items/min)
2018-01-18 16:31:30 [scrapy] ERROR: Spider error processing <GET https://www.kickstarter.com/login?then=%2Fprojects%2FPaulHartner%2F1384087152%2Frewards> (referer: None)
Traceback (most recent call last):
  File "D:\ProgramData\Anaconda2\lib\site-packages\scrapy\utils\defer.py", line 102, in iter_errback
    yield next(it)
  File "D:\ProgramData\Anaconda2\lib\site-packages\scrapy\spidermiddlewares\offsite.py", line 29, in process_spider_output
    for x in result:
  File "D:\ProgramData\Anaconda2\lib\site-packages\scrapy\spidermiddlewares\referer.py", line 22, in <genexpr>
    return (_set_referer(r) for r in result or ())
  File "D:\ProgramData\Anaconda2\lib\site-packages\scrapy\spidermiddlewares\urllength.py", line 37, in <genexpr>
    return (r for r in result or () if _filter(r))
  File "D:\ProgramData\Anaconda2\lib\site-packages\scrapy\spidermiddlewares\depth.py", line 58, in <genexpr>
    return (r for r in result or () if _filter(r))
  File "d:\mypy\kickstarter\kickstarter\kickstarter\spiders\reward_spider.py", line 16, in parse
    current_project = response.css('script').re(r'window\.current_project.+?"(\{.+?\})";')[0]
IndexError: list index out of range
2018-01-18 16:31:53 [scrapy] INFO: Crawled 86 pages (at 6 pages/min), scraped 80 items (at 7 items/min)
2018-01-18 16:33:07 [scrapy] INFO: Crawled 98 pages (at 12 pages/min), scraped 92 items (at 12 items/min)
2018-01-18 16:33:56 [scrapy] INFO: Crawled 108 pages (at 10 pages/min), scraped 102 items (at 10 items/min)
2018-01-18 16:34:56 [scrapy] INFO: Crawled 118 pages (at 10 pages/min), scraped 112 items (at 10 items/min)
2018-01-18 16:35:49 [scrapy] INFO: Crawled 128 pages (at 10 pages/min), scraped 122 items (at 10 items/min)
2018-01-18 16:37:03 [scrapy] INFO: Crawled 140 pages (at 12 pages/min), scraped 134 items (at 12 items/min)
2018-01-18 16:37:56 [scrapy] INFO: Crawled 148 pages (at 8 pages/min), scraped 142 items (at 8 items/min)
2018-01-18 16:38:54 [scrapy] INFO: Crawled 158 pages (at 10 pages/min), scraped 152 items (at 10 items/min)
2018-01-18 16:39:57 [scrapy] INFO: Crawled 168 pages (at 10 pages/min), scraped 162 items (at 10 items/min)
2018-01-18 16:40:48 [scrapy] INFO: Crawled 174 pages (at 6 pages/min), scraped 168 items (at 6 items/min)
2018-01-18 16:41:49 [scrapy] INFO: Crawled 180 pages (at 6 pages/min), scraped 174 items (at 6 items/min)
2018-01-18 16:42:54 [scrapy] INFO: Crawled 194 pages (at 14 pages/min), scraped 188 items (at 14 items/min)
2018-01-18 16:43:58 [scrapy] INFO: Crawled 202 pages (at 8 pages/min), scraped 196 items (at 8 items/min)
2018-01-18 16:44:56 [scrapy] INFO: Crawled 210 pages (at 8 pages/min), scraped 204 items (at 8 items/min)
2018-01-18 16:45:46 [scrapy] INFO: Crawled 218 pages (at 8 pages/min), scraped 212 items (at 8 items/min)
2018-01-18 16:46:50 [scrapy] INFO: Crawled 231 pages (at 13 pages/min), scraped 224 items (at 12 items/min)
2018-01-18 16:48:01 [scrapy] INFO: Crawled 243 pages (at 12 pages/min), scraped 236 items (at 12 items/min)
2018-01-18 16:49:07 [scrapy] INFO: Crawled 247 pages (at 4 pages/min), scraped 240 items (at 4 items/min)
2018-01-18 16:49:47 [scrapy] INFO: Crawled 254 pages (at 7 pages/min), scraped 248 items (at 8 items/min)
2018-01-18 16:50:48 [scrapy] INFO: Crawled 263 pages (at 9 pages/min), scraped 256 items (at 8 items/min)
2018-01-18 16:51:58 [scrapy] INFO: Crawled 267 pages (at 4 pages/min), scraped 260 items (at 4 items/min)
2018-01-18 16:53:01 [scrapy] INFO: Crawled 276 pages (at 9 pages/min), scraped 270 items (at 10 items/min)
2018-01-18 16:53:49 [scrapy] INFO: Crawled 289 pages (at 13 pages/min), scraped 282 items (at 12 items/min)
2018-01-18 16:54:49 [scrapy] INFO: Crawled 298 pages (at 9 pages/min), scraped 292 items (at 10 items/min)
2018-01-18 16:56:04 [scrapy] INFO: Crawled 308 pages (at 10 pages/min), scraped 302 items (at 10 items/min)
2018-01-18 16:56:47 [scrapy] INFO: Crawled 314 pages (at 6 pages/min), scraped 308 items (at 6 items/min)
2018-01-18 16:57:55 [scrapy] INFO: Crawled 326 pages (at 12 pages/min), scraped 320 items (at 12 items/min)
2018-01-18 16:58:48 [scrapy] INFO: Crawled 330 pages (at 4 pages/min), scraped 324 items (at 4 items/min)
2018-01-18 16:59:48 [scrapy] INFO: Crawled 340 pages (at 10 pages/min), scraped 334 items (at 10 items/min)
2018-01-18 17:00:46 [scrapy] INFO: Crawled 352 pages (at 12 pages/min), scraped 346 items (at 12 items/min)
2018-01-18 17:01:56 [scrapy] INFO: Crawled 364 pages (at 12 pages/min), scraped 358 items (at 12 items/min)
2018-01-18 17:03:02 [scrapy] INFO: Crawled 370 pages (at 6 pages/min), scraped 364 items (at 6 items/min)
2018-01-18 17:03:59 [scrapy] INFO: Crawled 378 pages (at 8 pages/min), scraped 372 items (at 8 items/min)
2018-01-18 17:04:59 [scrapy] INFO: Crawled 388 pages (at 10 pages/min), scraped 382 items (at 10 items/min)
2018-01-18 17:08:21 [scrapy] INFO: Crawled 390 pages (at 2 pages/min), scraped 384 items (at 2 items/min)
2018-01-18 17:08:53 [scrapy] INFO: Crawled 390 pages (at 0 pages/min), scraped 386 items (at 2 items/min)
2018-01-18 17:09:45 [scrapy] INFO: Crawled 390 pages (at 0 pages/min), scraped 386 items (at 0 items/min)
2018-01-18 17:10:51 [scrapy] INFO: Crawled 392 pages (at 2 pages/min), scraped 388 items (at 2 items/min)
2018-01-18 17:11:30 [scrapy] ERROR: Error downloading <GET https://www.kickstarter.com/projects/254144386/warriors-and-yogis/rewards>: [<twisted.python.failure.Failure OpenSSL.SSL.Error: [('SSL routines', 'ssl23_read', 'ssl handshake failure')]>]
2018-01-18 17:11:48 [scrapy] INFO: Crawled 404 pages (at 12 pages/min), scraped 394 items (at 6 items/min)
2018-01-18 17:13:32 [scrapy] INFO: Crawled 406 pages (at 2 pages/min), scraped 400 items (at 6 items/min)
2018-01-18 17:14:00 [scrapy] INFO: Crawled 414 pages (at 8 pages/min), scraped 406 items (at 6 items/min)
2018-01-18 17:14:58 [scrapy] INFO: Crawled 422 pages (at 8 pages/min), scraped 414 items (at 8 items/min)
2018-01-18 17:15:53 [scrapy] INFO: Crawled 426 pages (at 4 pages/min), scraped 420 items (at 6 items/min)
2018-01-18 17:17:01 [scrapy] INFO: Crawled 432 pages (at 6 pages/min), scraped 426 items (at 6 items/min)
2018-01-18 17:17:54 [scrapy] INFO: Crawled 440 pages (at 8 pages/min), scraped 434 items (at 8 items/min)
2018-01-18 17:18:51 [scrapy] INFO: Crawled 450 pages (at 10 pages/min), scraped 444 items (at 10 items/min)
2018-01-18 17:19:46 [scrapy] INFO: Crawled 456 pages (at 6 pages/min), scraped 450 items (at 6 items/min)
2018-01-18 17:21:02 [scrapy] INFO: Crawled 468 pages (at 12 pages/min), scraped 462 items (at 12 items/min)
2018-01-18 17:21:47 [scrapy] INFO: Crawled 478 pages (at 10 pages/min), scraped 472 items (at 10 items/min)
2018-01-18 17:22:21 [scrapy] INFO: Closing spider (finished)
2018-01-18 17:22:21 [scrapy] INFO: Dumping Scrapy stats:
{'downloader/exception_count': 81,
 'downloader/exception_type_count/twisted.internet.error.TCPTimedOutError': 77,
 'downloader/exception_type_count/twisted.internet.error.TimeoutError': 2,
 'downloader/exception_type_count/twisted.web._newclient.ResponseNeverReceived': 2,
 'downloader/request_bytes': 476732,
 'downloader/request_count': 566,
 'downloader/request_method_count/GET': 566,
 'downloader/response_bytes': 36066010,
 'downloader/response_count': 485,
 'downloader/response_status_count/200': 483,
 'downloader/response_status_count/302': 2,
 'finish_reason': 'finished',
 'finish_time': datetime.datetime(2018, 1, 18, 9, 22, 21, 379000),
 'item_scraped_count': 479,
 'log_count/ERROR': 21,
 'log_count/INFO': 66,
 'response_received_count': 483,
 'scheduler/dequeued': 565,
 'scheduler/dequeued/memory': 565,
 'scheduler/enqueued': 565,
 'scheduler/enqueued/memory': 565,
 'spider_exceptions/IndexError': 2,
 'spider_exceptions/ValueError': 1,
 'start_time': datetime.datetime(2018, 1, 18, 8, 20, 45, 958000)}
2018-01-18 17:22:21 [scrapy] INFO: Spider closed (finished)
