2018-01-18 23:54:55 [scrapy] INFO: Scrapy 1.1.1 started (bot: kickstarter)
2018-01-18 23:54:55 [scrapy] INFO: Overridden settings: {'NEWSPIDER_MODULE': 'kickstarter.spiders', 'ROBOTSTXT_OBEY': True, 'LOG_LEVEL': 'INFO', 'SPIDER_MODULES': ['kickstarter.spiders'], 'BOT_NAME': 'kickstarter', 'LOG_STDOUT': True, 'LOG_FILE': 'log/KickSpider_182353.log'}
2018-01-18 23:54:56 [scrapy] INFO: Enabled extensions:
['scrapy.extensions.logstats.LogStats',
 'scrapy.extensions.telnet.TelnetConsole',
 'scrapy.extensions.corestats.CoreStats']
2018-01-18 23:54:56 [scrapy] INFO: Enabled downloader middlewares:
['scrapy.downloadermiddlewares.robotstxt.RobotsTxtMiddleware',
 'scrapy.downloadermiddlewares.httpauth.HttpAuthMiddleware',
 'scrapy.downloadermiddlewares.downloadtimeout.DownloadTimeoutMiddleware',
 'scrapy.downloadermiddlewares.useragent.UserAgentMiddleware',
 'scrapy.downloadermiddlewares.retry.RetryMiddleware',
 'scrapy.downloadermiddlewares.defaultheaders.DefaultHeadersMiddleware',
 'scrapy.downloadermiddlewares.redirect.MetaRefreshMiddleware',
 'scrapy.downloadermiddlewares.httpcompression.HttpCompressionMiddleware',
 'scrapy.downloadermiddlewares.redirect.RedirectMiddleware',
 'scrapy.downloadermiddlewares.cookies.CookiesMiddleware',
 'scrapy.downloadermiddlewares.chunked.ChunkedTransferMiddleware',
 'scrapy.downloadermiddlewares.stats.DownloaderStats']
2018-01-18 23:54:56 [scrapy] INFO: Enabled spider middlewares:
['scrapy.spidermiddlewares.httperror.HttpErrorMiddleware',
 'scrapy.spidermiddlewares.offsite.OffsiteMiddleware',
 'scrapy.spidermiddlewares.referer.RefererMiddleware',
 'scrapy.spidermiddlewares.urllength.UrlLengthMiddleware',
 'scrapy.spidermiddlewares.depth.DepthMiddleware']
2018-01-18 23:54:56 [scrapy] INFO: Enabled item pipelines:
['kickstarter.pipelines.MongodbPipeline']
2018-01-18 23:54:56 [scrapy] INFO: Spider opened
2018-01-18 23:54:56 [scrapy] INFO: Crawled 0 pages (at 0 pages/min), scraped 0 items (at 0 items/min)
2018-01-18 23:54:59 [scrapy] ERROR: Spider error processing <GET https://www.kickstarter.com/projects/jpoprevolution/j-pop-revolution/rewards> (referer: None)
Traceback (most recent call last):
  File "D:\ProgramData\Anaconda2\lib\site-packages\scrapy\utils\defer.py", line 102, in iter_errback
    yield next(it)
  File "D:\ProgramData\Anaconda2\lib\site-packages\scrapy\spidermiddlewares\offsite.py", line 29, in process_spider_output
    for x in result:
  File "D:\ProgramData\Anaconda2\lib\site-packages\scrapy\spidermiddlewares\referer.py", line 22, in <genexpr>
    return (_set_referer(r) for r in result or ())
  File "D:\ProgramData\Anaconda2\lib\site-packages\scrapy\spidermiddlewares\urllength.py", line 37, in <genexpr>
    return (r for r in result or () if _filter(r))
  File "D:\ProgramData\Anaconda2\lib\site-packages\scrapy\spidermiddlewares\depth.py", line 58, in <genexpr>
    return (r for r in result or () if _filter(r))
  File "d:\mypy\kickstarter\kickstarter\kickstarter\spiders\reward_spider.py", line 21, in parse
    cp = json.loads(current_project)
  File "D:\ProgramData\Anaconda2\lib\json\__init__.py", line 339, in loads
    return _default_decoder.decode(s)
  File "D:\ProgramData\Anaconda2\lib\json\decoder.py", line 364, in decode
    obj, end = self.raw_decode(s, idx=_w(s, 0).end())
  File "D:\ProgramData\Anaconda2\lib\json\decoder.py", line 380, in raw_decode
    obj, end = self.scan_once(s, idx)
ValueError: Expecting ',' delimiter: line 1 column 14407 (char 14406)
2018-01-18 23:55:05 [scrapy] ERROR: Spider error processing <GET https://www.kickstarter.com/projects/snckpck/raddddd-a-poetry-short-story-illustration-book/rewards> (referer: None)
Traceback (most recent call last):
  File "D:\ProgramData\Anaconda2\lib\site-packages\scrapy\utils\defer.py", line 102, in iter_errback
    yield next(it)
  File "D:\ProgramData\Anaconda2\lib\site-packages\scrapy\spidermiddlewares\offsite.py", line 29, in process_spider_output
    for x in result:
  File "D:\ProgramData\Anaconda2\lib\site-packages\scrapy\spidermiddlewares\referer.py", line 22, in <genexpr>
    return (_set_referer(r) for r in result or ())
  File "D:\ProgramData\Anaconda2\lib\site-packages\scrapy\spidermiddlewares\urllength.py", line 37, in <genexpr>
    return (r for r in result or () if _filter(r))
  File "D:\ProgramData\Anaconda2\lib\site-packages\scrapy\spidermiddlewares\depth.py", line 58, in <genexpr>
    return (r for r in result or () if _filter(r))
  File "d:\mypy\kickstarter\kickstarter\kickstarter\spiders\reward_spider.py", line 21, in parse
    cp = json.loads(current_project)
  File "D:\ProgramData\Anaconda2\lib\json\__init__.py", line 339, in loads
    return _default_decoder.decode(s)
  File "D:\ProgramData\Anaconda2\lib\json\decoder.py", line 364, in decode
    obj, end = self.raw_decode(s, idx=_w(s, 0).end())
  File "D:\ProgramData\Anaconda2\lib\json\decoder.py", line 380, in raw_decode
    obj, end = self.scan_once(s, idx)
ValueError: Expecting ',' delimiter: line 1 column 6400 (char 6399)
2018-01-18 23:56:16 [scrapy] INFO: Crawled 17 pages (at 17 pages/min), scraped 10 items (at 10 items/min)
2018-01-18 23:56:16 [scrapy] ERROR: Spider error processing <GET https://www.kickstarter.com/login?then=%2Fprojects%2FPaulHartner%2F1384087152%2Frewards> (referer: None)
Traceback (most recent call last):
  File "D:\ProgramData\Anaconda2\lib\site-packages\scrapy\utils\defer.py", line 102, in iter_errback
    yield next(it)
  File "D:\ProgramData\Anaconda2\lib\site-packages\scrapy\spidermiddlewares\offsite.py", line 29, in process_spider_output
    for x in result:
  File "D:\ProgramData\Anaconda2\lib\site-packages\scrapy\spidermiddlewares\referer.py", line 22, in <genexpr>
    return (_set_referer(r) for r in result or ())
  File "D:\ProgramData\Anaconda2\lib\site-packages\scrapy\spidermiddlewares\urllength.py", line 37, in <genexpr>
    return (r for r in result or () if _filter(r))
  File "D:\ProgramData\Anaconda2\lib\site-packages\scrapy\spidermiddlewares\depth.py", line 58, in <genexpr>
    return (r for r in result or () if _filter(r))
  File "d:\mypy\kickstarter\kickstarter\kickstarter\spiders\reward_spider.py", line 16, in parse
    current_project = response.css('script').re(r'window\.current_project.+?"(\{.+?\})";')[0]
IndexError: list index out of range
2018-01-18 23:56:16 [scrapy] ERROR: Spider error processing <GET https://www.kickstarter.com/login?then=%2Fprojects%2Fisyana%2F69489148%2Frewards> (referer: None)
Traceback (most recent call last):
  File "D:\ProgramData\Anaconda2\lib\site-packages\scrapy\utils\defer.py", line 102, in iter_errback
    yield next(it)
  File "D:\ProgramData\Anaconda2\lib\site-packages\scrapy\spidermiddlewares\offsite.py", line 29, in process_spider_output
    for x in result:
  File "D:\ProgramData\Anaconda2\lib\site-packages\scrapy\spidermiddlewares\referer.py", line 22, in <genexpr>
    return (_set_referer(r) for r in result or ())
  File "D:\ProgramData\Anaconda2\lib\site-packages\scrapy\spidermiddlewares\urllength.py", line 37, in <genexpr>
    return (r for r in result or () if _filter(r))
  File "D:\ProgramData\Anaconda2\lib\site-packages\scrapy\spidermiddlewares\depth.py", line 58, in <genexpr>
    return (r for r in result or () if _filter(r))
  File "d:\mypy\kickstarter\kickstarter\kickstarter\spiders\reward_spider.py", line 16, in parse
    current_project = response.css('script').re(r'window\.current_project.+?"(\{.+?\})";')[0]
IndexError: list index out of range
2018-01-18 23:57:04 [scrapy] INFO: Crawled 25 pages (at 8 pages/min), scraped 18 items (at 8 items/min)
2018-01-18 23:58:07 [scrapy] INFO: Crawled 40 pages (at 15 pages/min), scraped 32 items (at 14 items/min)
2018-01-18 23:58:59 [scrapy] INFO: Crawled 47 pages (at 7 pages/min), scraped 40 items (at 8 items/min)
2018-01-19 00:00:05 [scrapy] INFO: Crawled 49 pages (at 2 pages/min), scraped 42 items (at 2 items/min)
2018-01-19 00:01:13 [scrapy] INFO: Crawled 55 pages (at 6 pages/min), scraped 48 items (at 6 items/min)
2018-01-19 00:02:00 [scrapy] INFO: Crawled 63 pages (at 8 pages/min), scraped 56 items (at 8 items/min)
2018-01-19 00:03:00 [scrapy] INFO: Crawled 71 pages (at 8 pages/min), scraped 64 items (at 8 items/min)
2018-01-19 00:03:59 [scrapy] INFO: Crawled 79 pages (at 8 pages/min), scraped 72 items (at 8 items/min)
2018-01-19 00:05:09 [scrapy] INFO: Crawled 91 pages (at 12 pages/min), scraped 84 items (at 12 items/min)
2018-01-19 00:06:22 [scrapy] INFO: Crawled 101 pages (at 10 pages/min), scraped 94 items (at 10 items/min)
2018-01-19 00:06:57 [scrapy] INFO: Crawled 107 pages (at 6 pages/min), scraped 100 items (at 6 items/min)
2018-01-19 00:08:09 [scrapy] INFO: Crawled 111 pages (at 4 pages/min), scraped 104 items (at 4 items/min)
2018-01-19 00:08:59 [scrapy] INFO: Crawled 119 pages (at 8 pages/min), scraped 112 items (at 8 items/min)
2018-01-19 00:09:57 [scrapy] INFO: Crawled 129 pages (at 10 pages/min), scraped 122 items (at 10 items/min)
2018-01-19 00:11:03 [scrapy] INFO: Crawled 138 pages (at 9 pages/min), scraped 130 items (at 8 items/min)
2018-01-19 00:12:00 [scrapy] INFO: Crawled 143 pages (at 5 pages/min), scraped 136 items (at 6 items/min)
2018-01-19 00:13:20 [scrapy] INFO: Crawled 153 pages (at 10 pages/min), scraped 146 items (at 10 items/min)
2018-01-19 00:14:09 [scrapy] INFO: Crawled 159 pages (at 6 pages/min), scraped 152 items (at 6 items/min)
2018-01-19 00:15:18 [scrapy] INFO: Crawled 165 pages (at 6 pages/min), scraped 158 items (at 6 items/min)
2018-01-19 00:15:58 [scrapy] INFO: Crawled 171 pages (at 6 pages/min), scraped 164 items (at 6 items/min)
2018-01-19 00:17:01 [scrapy] INFO: Crawled 179 pages (at 8 pages/min), scraped 172 items (at 8 items/min)
2018-01-19 00:18:17 [scrapy] INFO: Crawled 187 pages (at 8 pages/min), scraped 180 items (at 8 items/min)
2018-01-19 00:19:18 [scrapy] INFO: Crawled 195 pages (at 8 pages/min), scraped 188 items (at 8 items/min)
2018-01-19 00:20:05 [scrapy] INFO: Crawled 198 pages (at 3 pages/min), scraped 190 items (at 2 items/min)
2018-01-19 00:20:59 [scrapy] INFO: Crawled 205 pages (at 7 pages/min), scraped 198 items (at 8 items/min)
2018-01-19 00:22:02 [scrapy] INFO: Crawled 219 pages (at 14 pages/min), scraped 212 items (at 14 items/min)
2018-01-19 00:23:11 [scrapy] INFO: Crawled 227 pages (at 8 pages/min), scraped 220 items (at 8 items/min)
2018-01-19 00:24:01 [scrapy] INFO: Crawled 235 pages (at 8 pages/min), scraped 228 items (at 8 items/min)
2018-01-19 00:25:00 [scrapy] INFO: Crawled 245 pages (at 10 pages/min), scraped 238 items (at 10 items/min)
2018-01-19 00:25:57 [scrapy] INFO: Crawled 253 pages (at 8 pages/min), scraped 246 items (at 8 items/min)
2018-01-19 00:29:07 [scrapy] INFO: Crawled 259 pages (at 6 pages/min), scraped 252 items (at 6 items/min)
2018-01-19 00:30:12 [scrapy] INFO: Crawled 269 pages (at 10 pages/min), scraped 262 items (at 10 items/min)
2018-01-19 00:30:57 [scrapy] INFO: Crawled 275 pages (at 6 pages/min), scraped 268 items (at 6 items/min)
2018-01-19 00:31:56 [scrapy] INFO: Crawled 283 pages (at 8 pages/min), scraped 276 items (at 8 items/min)
2018-01-19 00:32:59 [scrapy] INFO: Crawled 291 pages (at 8 pages/min), scraped 284 items (at 8 items/min)
2018-01-19 00:33:56 [scrapy] INFO: Crawled 299 pages (at 8 pages/min), scraped 292 items (at 8 items/min)
2018-01-19 00:35:00 [scrapy] INFO: Crawled 309 pages (at 10 pages/min), scraped 302 items (at 10 items/min)
2018-01-19 00:36:01 [scrapy] INFO: Crawled 319 pages (at 10 pages/min), scraped 312 items (at 10 items/min)
2018-01-19 00:37:04 [scrapy] INFO: Crawled 331 pages (at 12 pages/min), scraped 324 items (at 12 items/min)
2018-01-19 00:37:59 [scrapy] INFO: Crawled 337 pages (at 6 pages/min), scraped 330 items (at 6 items/min)
2018-01-19 00:38:59 [scrapy] INFO: Crawled 347 pages (at 10 pages/min), scraped 340 items (at 10 items/min)
2018-01-19 00:39:59 [scrapy] INFO: Crawled 360 pages (at 13 pages/min), scraped 352 items (at 12 items/min)
2018-01-19 00:41:15 [scrapy] INFO: Crawled 369 pages (at 9 pages/min), scraped 362 items (at 10 items/min)
2018-01-19 00:42:01 [scrapy] INFO: Crawled 375 pages (at 6 pages/min), scraped 368 items (at 6 items/min)
2018-01-19 00:42:58 [scrapy] INFO: Crawled 385 pages (at 10 pages/min), scraped 378 items (at 10 items/min)
2018-01-19 00:44:02 [scrapy] INFO: Crawled 397 pages (at 12 pages/min), scraped 390 items (at 12 items/min)
2018-01-19 00:45:05 [scrapy] INFO: Crawled 407 pages (at 10 pages/min), scraped 400 items (at 10 items/min)
2018-01-19 00:46:05 [scrapy] INFO: Crawled 413 pages (at 6 pages/min), scraped 406 items (at 6 items/min)
2018-01-19 00:47:03 [scrapy] INFO: Crawled 425 pages (at 12 pages/min), scraped 418 items (at 12 items/min)
2018-01-19 00:59:03 [scrapy] INFO: Crawled 429 pages (at 4 pages/min), scraped 422 items (at 4 items/min)
2018-01-19 01:01:59 [scrapy] INFO: Crawled 446 pages (at 17 pages/min), scraped 433 items (at 11 items/min)
2018-01-19 01:03:33 [scrapy] INFO: Crawled 462 pages (at 16 pages/min), scraped 449 items (at 16 items/min)
2018-01-19 01:04:20 [scrapy] INFO: Crawled 464 pages (at 2 pages/min), scraped 457 items (at 8 items/min)
2018-01-19 01:06:02 [scrapy] INFO: Crawled 472 pages (at 8 pages/min), scraped 465 items (at 8 items/min)
2018-01-19 01:07:17 [scrapy] INFO: Crawled 486 pages (at 14 pages/min), scraped 479 items (at 14 items/min)
2018-01-19 01:08:00 [scrapy] INFO: Crawled 495 pages (at 9 pages/min), scraped 487 items (at 8 items/min)
2018-01-19 01:08:36 [scrapy] INFO: Closing spider (finished)
2018-01-19 01:08:36 [scrapy] INFO: Dumping Scrapy stats:
{'downloader/exception_count': 2,
 'downloader/exception_type_count/twisted.internet.error.TimeoutError': 2,
 'downloader/request_bytes': 425918,
 'downloader/request_count': 505,
 'downloader/request_method_count/GET': 505,
 'downloader/response_bytes': 37621200,
 'downloader/response_count': 503,
 'downloader/response_status_count/200': 501,
 'downloader/response_status_count/302': 2,
 'finish_reason': 'finished',
 'finish_time': datetime.datetime(2018, 1, 18, 17, 8, 36, 105000),
 'item_scraped_count': 496,
 'log_count/ERROR': 4,
 'log_count/INFO': 64,
 'response_received_count': 501,
 'scheduler/dequeued': 504,
 'scheduler/dequeued/memory': 504,
 'scheduler/enqueued': 504,
 'scheduler/enqueued/memory': 504,
 'spider_exceptions/IndexError': 2,
 'spider_exceptions/ValueError': 2,
 'start_time': datetime.datetime(2018, 1, 18, 15, 54, 56, 469000)}
2018-01-19 01:08:36 [scrapy] INFO: Spider closed (finished)
