2018-01-19 09:00:41 [scrapy] INFO: Scrapy 1.1.1 started (bot: kickstarter)
2018-01-19 09:00:41 [scrapy] INFO: Overridden settings: {'NEWSPIDER_MODULE': 'kickstarter.spiders', 'ROBOTSTXT_OBEY': True, 'LOG_LEVEL': 'INFO', 'SPIDER_MODULES': ['kickstarter.spiders'], 'BOT_NAME': 'kickstarter', 'LOG_STDOUT': True, 'LOG_FILE': 'log/KickSpider_190859.log'}
2018-01-19 09:00:41 [scrapy] INFO: Enabled extensions:
['scrapy.extensions.logstats.LogStats',
 'scrapy.extensions.telnet.TelnetConsole',
 'scrapy.extensions.corestats.CoreStats']
2018-01-19 09:00:42 [scrapy] INFO: Enabled downloader middlewares:
['scrapy.downloadermiddlewares.robotstxt.RobotsTxtMiddleware',
 'scrapy.downloadermiddlewares.httpauth.HttpAuthMiddleware',
 'scrapy.downloadermiddlewares.downloadtimeout.DownloadTimeoutMiddleware',
 'scrapy.downloadermiddlewares.useragent.UserAgentMiddleware',
 'scrapy.downloadermiddlewares.retry.RetryMiddleware',
 'scrapy.downloadermiddlewares.defaultheaders.DefaultHeadersMiddleware',
 'scrapy.downloadermiddlewares.redirect.MetaRefreshMiddleware',
 'scrapy.downloadermiddlewares.httpcompression.HttpCompressionMiddleware',
 'scrapy.downloadermiddlewares.redirect.RedirectMiddleware',
 'scrapy.downloadermiddlewares.cookies.CookiesMiddleware',
 'scrapy.downloadermiddlewares.chunked.ChunkedTransferMiddleware',
 'scrapy.downloadermiddlewares.stats.DownloaderStats']
2018-01-19 09:00:42 [scrapy] INFO: Enabled spider middlewares:
['scrapy.spidermiddlewares.httperror.HttpErrorMiddleware',
 'scrapy.spidermiddlewares.offsite.OffsiteMiddleware',
 'scrapy.spidermiddlewares.referer.RefererMiddleware',
 'scrapy.spidermiddlewares.urllength.UrlLengthMiddleware',
 'scrapy.spidermiddlewares.depth.DepthMiddleware']
2018-01-19 09:00:42 [scrapy] INFO: Enabled item pipelines:
['kickstarter.pipelines.MongodbPipeline']
2018-01-19 09:00:42 [scrapy] INFO: Spider opened
2018-01-19 09:00:42 [scrapy] INFO: Crawled 0 pages (at 0 pages/min), scraped 0 items (at 0 items/min)
2018-01-19 09:00:44 [scrapy] ERROR: Spider error processing <GET https://www.kickstarter.com/projects/jpoprevolution/j-pop-revolution/rewards> (referer: None)
Traceback (most recent call last):
  File "D:\ProgramData\Anaconda2\lib\site-packages\scrapy\utils\defer.py", line 102, in iter_errback
    yield next(it)
  File "D:\ProgramData\Anaconda2\lib\site-packages\scrapy\spidermiddlewares\offsite.py", line 29, in process_spider_output
    for x in result:
  File "D:\ProgramData\Anaconda2\lib\site-packages\scrapy\spidermiddlewares\referer.py", line 22, in <genexpr>
    return (_set_referer(r) for r in result or ())
  File "D:\ProgramData\Anaconda2\lib\site-packages\scrapy\spidermiddlewares\urllength.py", line 37, in <genexpr>
    return (r for r in result or () if _filter(r))
  File "D:\ProgramData\Anaconda2\lib\site-packages\scrapy\spidermiddlewares\depth.py", line 58, in <genexpr>
    return (r for r in result or () if _filter(r))
  File "d:\mypy\kickstarter\kickstarter\kickstarter\spiders\reward_spider.py", line 21, in parse
    cp = json.loads(current_project)
  File "D:\ProgramData\Anaconda2\lib\json\__init__.py", line 339, in loads
    return _default_decoder.decode(s)
  File "D:\ProgramData\Anaconda2\lib\json\decoder.py", line 364, in decode
    obj, end = self.raw_decode(s, idx=_w(s, 0).end())
  File "D:\ProgramData\Anaconda2\lib\json\decoder.py", line 380, in raw_decode
    obj, end = self.scan_once(s, idx)
ValueError: Expecting ',' delimiter: line 1 column 14407 (char 14406)
2018-01-19 09:00:52 [scrapy] ERROR: Spider error processing <GET https://www.kickstarter.com/projects/snckpck/raddddd-a-poetry-short-story-illustration-book/rewards> (referer: None)
Traceback (most recent call last):
  File "D:\ProgramData\Anaconda2\lib\site-packages\scrapy\utils\defer.py", line 102, in iter_errback
    yield next(it)
  File "D:\ProgramData\Anaconda2\lib\site-packages\scrapy\spidermiddlewares\offsite.py", line 29, in process_spider_output
    for x in result:
  File "D:\ProgramData\Anaconda2\lib\site-packages\scrapy\spidermiddlewares\referer.py", line 22, in <genexpr>
    return (_set_referer(r) for r in result or ())
  File "D:\ProgramData\Anaconda2\lib\site-packages\scrapy\spidermiddlewares\urllength.py", line 37, in <genexpr>
    return (r for r in result or () if _filter(r))
  File "D:\ProgramData\Anaconda2\lib\site-packages\scrapy\spidermiddlewares\depth.py", line 58, in <genexpr>
    return (r for r in result or () if _filter(r))
  File "d:\mypy\kickstarter\kickstarter\kickstarter\spiders\reward_spider.py", line 21, in parse
    cp = json.loads(current_project)
  File "D:\ProgramData\Anaconda2\lib\json\__init__.py", line 339, in loads
    return _default_decoder.decode(s)
  File "D:\ProgramData\Anaconda2\lib\json\decoder.py", line 364, in decode
    obj, end = self.raw_decode(s, idx=_w(s, 0).end())
  File "D:\ProgramData\Anaconda2\lib\json\decoder.py", line 380, in raw_decode
    obj, end = self.scan_once(s, idx)
ValueError: Expecting ',' delimiter: line 1 column 6400 (char 6399)
2018-01-19 09:01:46 [scrapy] INFO: Crawled 17 pages (at 17 pages/min), scraped 11 items (at 11 items/min)
2018-01-19 09:01:46 [scrapy] ERROR: Spider error processing <GET https://www.kickstarter.com/login?then=%2Fprojects%2FPaulHartner%2F1384087152%2Frewards> (referer: None)
Traceback (most recent call last):
  File "D:\ProgramData\Anaconda2\lib\site-packages\scrapy\utils\defer.py", line 102, in iter_errback
    yield next(it)
  File "D:\ProgramData\Anaconda2\lib\site-packages\scrapy\spidermiddlewares\offsite.py", line 29, in process_spider_output
    for x in result:
  File "D:\ProgramData\Anaconda2\lib\site-packages\scrapy\spidermiddlewares\referer.py", line 22, in <genexpr>
    return (_set_referer(r) for r in result or ())
  File "D:\ProgramData\Anaconda2\lib\site-packages\scrapy\spidermiddlewares\urllength.py", line 37, in <genexpr>
    return (r for r in result or () if _filter(r))
  File "D:\ProgramData\Anaconda2\lib\site-packages\scrapy\spidermiddlewares\depth.py", line 58, in <genexpr>
    return (r for r in result or () if _filter(r))
  File "d:\mypy\kickstarter\kickstarter\kickstarter\spiders\reward_spider.py", line 16, in parse
    current_project = response.css('script').re(r'window\.current_project.+?"(\{.+?\})";')[0]
IndexError: list index out of range
2018-01-19 09:02:06 [scrapy] ERROR: Spider error processing <GET https://www.kickstarter.com/login?then=%2Fprojects%2Fisyana%2F69489148%2Frewards> (referer: None)
Traceback (most recent call last):
  File "D:\ProgramData\Anaconda2\lib\site-packages\scrapy\utils\defer.py", line 102, in iter_errback
    yield next(it)
  File "D:\ProgramData\Anaconda2\lib\site-packages\scrapy\spidermiddlewares\offsite.py", line 29, in process_spider_output
    for x in result:
  File "D:\ProgramData\Anaconda2\lib\site-packages\scrapy\spidermiddlewares\referer.py", line 22, in <genexpr>
    return (_set_referer(r) for r in result or ())
  File "D:\ProgramData\Anaconda2\lib\site-packages\scrapy\spidermiddlewares\urllength.py", line 37, in <genexpr>
    return (r for r in result or () if _filter(r))
  File "D:\ProgramData\Anaconda2\lib\site-packages\scrapy\spidermiddlewares\depth.py", line 58, in <genexpr>
    return (r for r in result or () if _filter(r))
  File "d:\mypy\kickstarter\kickstarter\kickstarter\spiders\reward_spider.py", line 16, in parse
    current_project = response.css('script').re(r'window\.current_project.+?"(\{.+?\})";')[0]
IndexError: list index out of range
2018-01-19 09:02:48 [scrapy] INFO: Crawled 28 pages (at 11 pages/min), scraped 20 items (at 9 items/min)
2018-01-19 09:04:02 [scrapy] INFO: Crawled 34 pages (at 6 pages/min), scraped 27 items (at 7 items/min)
2018-01-19 09:04:44 [scrapy] INFO: Crawled 42 pages (at 8 pages/min), scraped 35 items (at 8 items/min)
2018-01-19 09:05:45 [scrapy] INFO: Crawled 56 pages (at 14 pages/min), scraped 49 items (at 14 items/min)
2018-01-19 09:06:47 [scrapy] INFO: Crawled 60 pages (at 4 pages/min), scraped 53 items (at 4 items/min)
2018-01-19 09:07:49 [scrapy] INFO: Crawled 72 pages (at 12 pages/min), scraped 65 items (at 12 items/min)
2018-01-19 09:08:49 [scrapy] INFO: Crawled 84 pages (at 12 pages/min), scraped 77 items (at 12 items/min)
2018-01-19 09:09:46 [scrapy] INFO: Crawled 96 pages (at 12 pages/min), scraped 89 items (at 12 items/min)
2018-01-19 09:10:56 [scrapy] INFO: Crawled 104 pages (at 8 pages/min), scraped 97 items (at 8 items/min)
2018-01-19 09:11:47 [scrapy] INFO: Crawled 112 pages (at 8 pages/min), scraped 105 items (at 8 items/min)
2018-01-19 09:12:53 [scrapy] INFO: Crawled 123 pages (at 11 pages/min), scraped 115 items (at 10 items/min)
2018-01-19 09:13:46 [scrapy] INFO: Crawled 128 pages (at 5 pages/min), scraped 121 items (at 6 items/min)
2018-01-19 09:14:46 [scrapy] INFO: Crawled 140 pages (at 12 pages/min), scraped 135 items (at 14 items/min)
2018-01-19 09:16:52 [scrapy] INFO: Crawled 159 pages (at 19 pages/min), scraped 146 items (at 11 items/min)
2018-01-19 09:17:47 [scrapy] INFO: Crawled 167 pages (at 8 pages/min), scraped 157 items (at 11 items/min)
2018-01-19 09:18:50 [scrapy] INFO: Crawled 177 pages (at 10 pages/min), scraped 170 items (at 13 items/min)
2018-01-19 09:20:12 [scrapy] INFO: Crawled 185 pages (at 8 pages/min), scraped 178 items (at 8 items/min)
2018-01-19 09:20:44 [scrapy] INFO: Crawled 192 pages (at 7 pages/min), scraped 184 items (at 6 items/min)
2018-01-19 09:22:01 [scrapy] INFO: Crawled 203 pages (at 11 pages/min), scraped 196 items (at 12 items/min)
2018-01-19 09:22:46 [scrapy] INFO: Crawled 213 pages (at 10 pages/min), scraped 206 items (at 10 items/min)
2018-01-19 09:23:51 [scrapy] INFO: Crawled 225 pages (at 12 pages/min), scraped 218 items (at 12 items/min)
2018-01-19 09:24:43 [scrapy] INFO: Crawled 235 pages (at 10 pages/min), scraped 228 items (at 10 items/min)
2018-01-19 09:25:57 [scrapy] INFO: Crawled 247 pages (at 12 pages/min), scraped 240 items (at 12 items/min)
2018-01-19 09:26:43 [scrapy] INFO: Crawled 257 pages (at 10 pages/min), scraped 250 items (at 10 items/min)
2018-01-19 09:27:44 [scrapy] INFO: Crawled 265 pages (at 8 pages/min), scraped 258 items (at 8 items/min)
2018-01-19 09:28:47 [scrapy] INFO: Crawled 277 pages (at 12 pages/min), scraped 270 items (at 12 items/min)
2018-01-19 09:30:21 [scrapy] INFO: Crawled 279 pages (at 2 pages/min), scraped 272 items (at 2 items/min)
2018-01-19 09:30:54 [scrapy] INFO: Crawled 283 pages (at 4 pages/min), scraped 276 items (at 4 items/min)
2018-01-19 09:31:44 [scrapy] INFO: Crawled 291 pages (at 8 pages/min), scraped 284 items (at 8 items/min)
2018-01-19 09:32:48 [scrapy] INFO: Crawled 305 pages (at 14 pages/min), scraped 298 items (at 14 items/min)
2018-01-19 09:33:54 [scrapy] INFO: Crawled 315 pages (at 10 pages/min), scraped 308 items (at 10 items/min)
2018-01-19 09:34:58 [scrapy] INFO: Crawled 317 pages (at 2 pages/min), scraped 310 items (at 2 items/min)
2018-01-19 09:35:44 [scrapy] INFO: Crawled 323 pages (at 6 pages/min), scraped 316 items (at 6 items/min)
2018-01-19 09:36:45 [scrapy] INFO: Crawled 336 pages (at 13 pages/min), scraped 328 items (at 12 items/min)
2018-01-19 09:37:49 [scrapy] INFO: Crawled 347 pages (at 11 pages/min), scraped 340 items (at 12 items/min)
2018-01-19 09:38:42 [scrapy] INFO: Crawled 357 pages (at 10 pages/min), scraped 350 items (at 10 items/min)
2018-01-19 09:39:47 [scrapy] INFO: Crawled 367 pages (at 10 pages/min), scraped 360 items (at 10 items/min)
2018-01-19 09:40:49 [scrapy] INFO: Crawled 379 pages (at 12 pages/min), scraped 372 items (at 12 items/min)
2018-01-19 09:41:51 [scrapy] INFO: Crawled 391 pages (at 12 pages/min), scraped 384 items (at 12 items/min)
2018-01-19 09:43:03 [scrapy] INFO: Crawled 399 pages (at 8 pages/min), scraped 392 items (at 8 items/min)
2018-01-19 09:43:47 [scrapy] INFO: Crawled 405 pages (at 6 pages/min), scraped 398 items (at 6 items/min)
2018-01-19 09:44:48 [scrapy] INFO: Crawled 416 pages (at 11 pages/min), scraped 408 items (at 10 items/min)
2018-01-19 09:45:46 [scrapy] INFO: Crawled 425 pages (at 9 pages/min), scraped 418 items (at 10 items/min)
2018-01-19 09:46:43 [scrapy] INFO: Crawled 433 pages (at 8 pages/min), scraped 426 items (at 8 items/min)
2018-01-19 09:48:02 [scrapy] INFO: Crawled 437 pages (at 4 pages/min), scraped 430 items (at 4 items/min)
2018-01-19 09:48:44 [scrapy] INFO: Crawled 445 pages (at 8 pages/min), scraped 438 items (at 8 items/min)
2018-01-19 09:49:52 [scrapy] INFO: Crawled 455 pages (at 10 pages/min), scraped 448 items (at 10 items/min)
2018-01-19 09:51:01 [scrapy] INFO: Crawled 465 pages (at 10 pages/min), scraped 458 items (at 10 items/min)
2018-01-19 09:51:52 [scrapy] INFO: Crawled 475 pages (at 10 pages/min), scraped 468 items (at 10 items/min)
2018-01-19 09:53:07 [scrapy] INFO: Crawled 483 pages (at 8 pages/min), scraped 476 items (at 8 items/min)
2018-01-19 09:54:16 [scrapy] INFO: Crawled 487 pages (at 4 pages/min), scraped 480 items (at 4 items/min)
2018-01-19 09:54:46 [scrapy] INFO: Crawled 493 pages (at 6 pages/min), scraped 486 items (at 6 items/min)
2018-01-19 09:56:02 [scrapy] INFO: Crawled 501 pages (at 8 pages/min), scraped 496 items (at 10 items/min)
2018-01-19 09:56:02 [scrapy] INFO: Closing spider (finished)
2018-01-19 09:56:02 [scrapy] INFO: Dumping Scrapy stats:
{'downloader/request_bytes': 423732,
 'downloader/request_count': 504,
 'downloader/request_method_count/GET': 504,
 'downloader/response_bytes': 37030846,
 'downloader/response_count': 504,
 'downloader/response_status_count/200': 501,
 'downloader/response_status_count/302': 3,
 'finish_reason': 'finished',
 'finish_time': datetime.datetime(2018, 1, 19, 1, 56, 2, 108000),
 'item_scraped_count': 496,
 'log_count/ERROR': 4,
 'log_count/INFO': 61,
 'response_received_count': 501,
 'scheduler/dequeued': 503,
 'scheduler/dequeued/memory': 503,
 'scheduler/enqueued': 503,
 'scheduler/enqueued/memory': 503,
 'spider_exceptions/IndexError': 2,
 'spider_exceptions/ValueError': 2,
 'start_time': datetime.datetime(2018, 1, 19, 1, 0, 42, 122000)}
2018-01-19 09:56:02 [scrapy] INFO: Spider closed (finished)
