2018-01-19 04:32:44 [scrapy] INFO: Scrapy 1.1.1 started (bot: kickstarter)
2018-01-19 04:32:44 [scrapy] INFO: Overridden settings: {'NEWSPIDER_MODULE': 'kickstarter.spiders', 'ROBOTSTXT_OBEY': True, 'LOG_LEVEL': 'INFO', 'SPIDER_MODULES': ['kickstarter.spiders'], 'BOT_NAME': 'kickstarter', 'LOG_STDOUT': True, 'LOG_FILE': 'log/KickSpider_190431.log'}
2018-01-19 04:32:44 [scrapy] INFO: Enabled extensions:
['scrapy.extensions.logstats.LogStats',
 'scrapy.extensions.telnet.TelnetConsole',
 'scrapy.extensions.corestats.CoreStats']
2018-01-19 04:32:44 [scrapy] INFO: Enabled downloader middlewares:
['scrapy.downloadermiddlewares.robotstxt.RobotsTxtMiddleware',
 'scrapy.downloadermiddlewares.httpauth.HttpAuthMiddleware',
 'scrapy.downloadermiddlewares.downloadtimeout.DownloadTimeoutMiddleware',
 'scrapy.downloadermiddlewares.useragent.UserAgentMiddleware',
 'scrapy.downloadermiddlewares.retry.RetryMiddleware',
 'scrapy.downloadermiddlewares.defaultheaders.DefaultHeadersMiddleware',
 'scrapy.downloadermiddlewares.redirect.MetaRefreshMiddleware',
 'scrapy.downloadermiddlewares.httpcompression.HttpCompressionMiddleware',
 'scrapy.downloadermiddlewares.redirect.RedirectMiddleware',
 'scrapy.downloadermiddlewares.cookies.CookiesMiddleware',
 'scrapy.downloadermiddlewares.chunked.ChunkedTransferMiddleware',
 'scrapy.downloadermiddlewares.stats.DownloaderStats']
2018-01-19 04:32:44 [scrapy] INFO: Enabled spider middlewares:
['scrapy.spidermiddlewares.httperror.HttpErrorMiddleware',
 'scrapy.spidermiddlewares.offsite.OffsiteMiddleware',
 'scrapy.spidermiddlewares.referer.RefererMiddleware',
 'scrapy.spidermiddlewares.urllength.UrlLengthMiddleware',
 'scrapy.spidermiddlewares.depth.DepthMiddleware']
2018-01-19 04:32:44 [scrapy] INFO: Enabled item pipelines:
['kickstarter.pipelines.MongodbPipeline']
2018-01-19 04:32:44 [scrapy] INFO: Spider opened
2018-01-19 04:32:44 [scrapy] INFO: Crawled 0 pages (at 0 pages/min), scraped 0 items (at 0 items/min)
2018-01-19 04:32:47 [scrapy] ERROR: Spider error processing <GET https://www.kickstarter.com/projects/jpoprevolution/j-pop-revolution/rewards> (referer: None)
Traceback (most recent call last):
  File "D:\ProgramData\Anaconda2\lib\site-packages\scrapy\utils\defer.py", line 102, in iter_errback
    yield next(it)
  File "D:\ProgramData\Anaconda2\lib\site-packages\scrapy\spidermiddlewares\offsite.py", line 29, in process_spider_output
    for x in result:
  File "D:\ProgramData\Anaconda2\lib\site-packages\scrapy\spidermiddlewares\referer.py", line 22, in <genexpr>
    return (_set_referer(r) for r in result or ())
  File "D:\ProgramData\Anaconda2\lib\site-packages\scrapy\spidermiddlewares\urllength.py", line 37, in <genexpr>
    return (r for r in result or () if _filter(r))
  File "D:\ProgramData\Anaconda2\lib\site-packages\scrapy\spidermiddlewares\depth.py", line 58, in <genexpr>
    return (r for r in result or () if _filter(r))
  File "d:\mypy\kickstarter\kickstarter\kickstarter\spiders\reward_spider.py", line 21, in parse
    cp = json.loads(current_project)
  File "D:\ProgramData\Anaconda2\lib\json\__init__.py", line 339, in loads
    return _default_decoder.decode(s)
  File "D:\ProgramData\Anaconda2\lib\json\decoder.py", line 364, in decode
    obj, end = self.raw_decode(s, idx=_w(s, 0).end())
  File "D:\ProgramData\Anaconda2\lib\json\decoder.py", line 380, in raw_decode
    obj, end = self.scan_once(s, idx)
ValueError: Expecting ',' delimiter: line 1 column 14407 (char 14406)
2018-01-19 04:32:48 [scrapy] ERROR: Spider error processing <GET https://www.kickstarter.com/projects/snckpck/raddddd-a-poetry-short-story-illustration-book/rewards> (referer: None)
Traceback (most recent call last):
  File "D:\ProgramData\Anaconda2\lib\site-packages\scrapy\utils\defer.py", line 102, in iter_errback
    yield next(it)
  File "D:\ProgramData\Anaconda2\lib\site-packages\scrapy\spidermiddlewares\offsite.py", line 29, in process_spider_output
    for x in result:
  File "D:\ProgramData\Anaconda2\lib\site-packages\scrapy\spidermiddlewares\referer.py", line 22, in <genexpr>
    return (_set_referer(r) for r in result or ())
  File "D:\ProgramData\Anaconda2\lib\site-packages\scrapy\spidermiddlewares\urllength.py", line 37, in <genexpr>
    return (r for r in result or () if _filter(r))
  File "D:\ProgramData\Anaconda2\lib\site-packages\scrapy\spidermiddlewares\depth.py", line 58, in <genexpr>
    return (r for r in result or () if _filter(r))
  File "d:\mypy\kickstarter\kickstarter\kickstarter\spiders\reward_spider.py", line 21, in parse
    cp = json.loads(current_project)
  File "D:\ProgramData\Anaconda2\lib\json\__init__.py", line 339, in loads
    return _default_decoder.decode(s)
  File "D:\ProgramData\Anaconda2\lib\json\decoder.py", line 364, in decode
    obj, end = self.raw_decode(s, idx=_w(s, 0).end())
  File "D:\ProgramData\Anaconda2\lib\json\decoder.py", line 380, in raw_decode
    obj, end = self.scan_once(s, idx)
ValueError: Expecting ',' delimiter: line 1 column 6400 (char 6399)
2018-01-19 04:33:48 [scrapy] INFO: Crawled 18 pages (at 18 pages/min), scraped 11 items (at 11 items/min)
2018-01-19 04:33:48 [scrapy] ERROR: Spider error processing <GET https://www.kickstarter.com/login?then=%2Fprojects%2FPaulHartner%2F1384087152%2Frewards> (referer: None)
Traceback (most recent call last):
  File "D:\ProgramData\Anaconda2\lib\site-packages\scrapy\utils\defer.py", line 102, in iter_errback
    yield next(it)
  File "D:\ProgramData\Anaconda2\lib\site-packages\scrapy\spidermiddlewares\offsite.py", line 29, in process_spider_output
    for x in result:
  File "D:\ProgramData\Anaconda2\lib\site-packages\scrapy\spidermiddlewares\referer.py", line 22, in <genexpr>
    return (_set_referer(r) for r in result or ())
  File "D:\ProgramData\Anaconda2\lib\site-packages\scrapy\spidermiddlewares\urllength.py", line 37, in <genexpr>
    return (r for r in result or () if _filter(r))
  File "D:\ProgramData\Anaconda2\lib\site-packages\scrapy\spidermiddlewares\depth.py", line 58, in <genexpr>
    return (r for r in result or () if _filter(r))
  File "d:\mypy\kickstarter\kickstarter\kickstarter\spiders\reward_spider.py", line 16, in parse
    current_project = response.css('script').re(r'window\.current_project.+?"(\{.+?\})";')[0]
IndexError: list index out of range
2018-01-19 04:33:48 [scrapy] ERROR: Spider error processing <GET https://www.kickstarter.com/login?then=%2Fprojects%2Fisyana%2F69489148%2Frewards> (referer: None)
Traceback (most recent call last):
  File "D:\ProgramData\Anaconda2\lib\site-packages\scrapy\utils\defer.py", line 102, in iter_errback
    yield next(it)
  File "D:\ProgramData\Anaconda2\lib\site-packages\scrapy\spidermiddlewares\offsite.py", line 29, in process_spider_output
    for x in result:
  File "D:\ProgramData\Anaconda2\lib\site-packages\scrapy\spidermiddlewares\referer.py", line 22, in <genexpr>
    return (_set_referer(r) for r in result or ())
  File "D:\ProgramData\Anaconda2\lib\site-packages\scrapy\spidermiddlewares\urllength.py", line 37, in <genexpr>
    return (r for r in result or () if _filter(r))
  File "D:\ProgramData\Anaconda2\lib\site-packages\scrapy\spidermiddlewares\depth.py", line 58, in <genexpr>
    return (r for r in result or () if _filter(r))
  File "d:\mypy\kickstarter\kickstarter\kickstarter\spiders\reward_spider.py", line 16, in parse
    current_project = response.css('script').re(r'window\.current_project.+?"(\{.+?\})";')[0]
IndexError: list index out of range
2018-01-19 04:35:17 [scrapy] INFO: Crawled 30 pages (at 12 pages/min), scraped 23 items (at 12 items/min)
2018-01-19 04:36:03 [scrapy] INFO: Crawled 32 pages (at 2 pages/min), scraped 25 items (at 2 items/min)
2018-01-19 04:37:06 [scrapy] INFO: Crawled 38 pages (at 6 pages/min), scraped 31 items (at 6 items/min)
2018-01-19 04:37:52 [scrapy] INFO: Crawled 45 pages (at 7 pages/min), scraped 37 items (at 6 items/min)
2018-01-19 04:54:25 [scrapy] INFO: Crawled 58 pages (at 13 pages/min), scraped 51 items (at 14 items/min)
2018-01-19 04:54:48 [scrapy] INFO: Crawled 58 pages (at 0 pages/min), scraped 53 items (at 2 items/min)
2018-01-19 04:56:19 [scrapy] INFO: Crawled 72 pages (at 14 pages/min), scraped 63 items (at 10 items/min)
2018-01-19 04:57:47 [scrapy] INFO: Crawled 76 pages (at 4 pages/min), scraped 67 items (at 4 items/min)
2018-01-19 04:58:58 [scrapy] INFO: Crawled 85 pages (at 9 pages/min), scraped 78 items (at 11 items/min)
2018-01-19 04:59:47 [scrapy] INFO: Crawled 93 pages (at 8 pages/min), scraped 86 items (at 8 items/min)
2018-01-19 05:00:47 [scrapy] INFO: Crawled 103 pages (at 10 pages/min), scraped 96 items (at 10 items/min)
2018-01-19 05:01:49 [scrapy] INFO: Crawled 109 pages (at 6 pages/min), scraped 102 items (at 6 items/min)
2018-01-19 05:02:46 [scrapy] INFO: Crawled 119 pages (at 10 pages/min), scraped 112 items (at 10 items/min)
2018-01-19 05:03:55 [scrapy] INFO: Crawled 133 pages (at 14 pages/min), scraped 126 items (at 14 items/min)
2018-01-19 05:04:49 [scrapy] INFO: Crawled 143 pages (at 10 pages/min), scraped 136 items (at 10 items/min)
2018-01-19 05:05:52 [scrapy] INFO: Crawled 153 pages (at 10 pages/min), scraped 146 items (at 10 items/min)
2018-01-19 05:06:45 [scrapy] INFO: Crawled 161 pages (at 8 pages/min), scraped 154 items (at 8 items/min)
2018-01-19 05:07:53 [scrapy] INFO: Crawled 175 pages (at 14 pages/min), scraped 168 items (at 14 items/min)
2018-01-19 05:08:50 [scrapy] INFO: Crawled 184 pages (at 9 pages/min), scraped 176 items (at 8 items/min)
2018-01-19 05:09:48 [scrapy] INFO: Crawled 197 pages (at 13 pages/min), scraped 190 items (at 14 items/min)
2018-01-19 05:10:46 [scrapy] INFO: Crawled 209 pages (at 12 pages/min), scraped 202 items (at 12 items/min)
2018-01-19 05:11:47 [scrapy] INFO: Crawled 219 pages (at 10 pages/min), scraped 212 items (at 10 items/min)
2018-01-19 05:12:47 [scrapy] INFO: Crawled 231 pages (at 12 pages/min), scraped 224 items (at 12 items/min)
2018-01-19 05:15:45 [scrapy] INFO: Crawled 233 pages (at 2 pages/min), scraped 226 items (at 2 items/min)
2018-01-19 05:16:51 [scrapy] INFO: Crawled 245 pages (at 12 pages/min), scraped 238 items (at 12 items/min)
2018-01-19 05:17:54 [scrapy] INFO: Crawled 253 pages (at 8 pages/min), scraped 246 items (at 8 items/min)
2018-01-19 05:18:52 [scrapy] INFO: Crawled 259 pages (at 6 pages/min), scraped 252 items (at 6 items/min)
2018-01-19 05:19:53 [scrapy] INFO: Crawled 273 pages (at 14 pages/min), scraped 266 items (at 14 items/min)
2018-01-19 05:20:51 [scrapy] INFO: Crawled 279 pages (at 6 pages/min), scraped 272 items (at 6 items/min)
2018-01-19 05:21:53 [scrapy] INFO: Crawled 289 pages (at 10 pages/min), scraped 282 items (at 10 items/min)
2018-01-19 05:22:52 [scrapy] INFO: Crawled 297 pages (at 8 pages/min), scraped 290 items (at 8 items/min)
2018-01-19 05:23:45 [scrapy] INFO: Crawled 305 pages (at 8 pages/min), scraped 298 items (at 8 items/min)
2018-01-19 05:24:51 [scrapy] INFO: Crawled 317 pages (at 12 pages/min), scraped 310 items (at 12 items/min)
2018-01-19 05:25:57 [scrapy] INFO: Crawled 325 pages (at 8 pages/min), scraped 318 items (at 8 items/min)
2018-01-19 05:27:05 [scrapy] INFO: Crawled 339 pages (at 14 pages/min), scraped 332 items (at 14 items/min)
2018-01-19 05:28:10 [scrapy] INFO: Crawled 343 pages (at 4 pages/min), scraped 336 items (at 4 items/min)
2018-01-19 05:28:50 [scrapy] INFO: Crawled 351 pages (at 8 pages/min), scraped 344 items (at 8 items/min)
2018-01-19 05:29:50 [scrapy] INFO: Crawled 363 pages (at 12 pages/min), scraped 356 items (at 12 items/min)
2018-01-19 05:30:49 [scrapy] INFO: Crawled 371 pages (at 8 pages/min), scraped 364 items (at 8 items/min)
2018-01-19 05:31:44 [scrapy] INFO: Crawled 377 pages (at 6 pages/min), scraped 370 items (at 6 items/min)
2018-01-19 05:32:45 [scrapy] INFO: Crawled 387 pages (at 10 pages/min), scraped 380 items (at 10 items/min)
2018-01-19 05:33:55 [scrapy] INFO: Crawled 399 pages (at 12 pages/min), scraped 392 items (at 12 items/min)
2018-01-19 05:34:45 [scrapy] INFO: Crawled 403 pages (at 4 pages/min), scraped 396 items (at 4 items/min)
2018-01-19 05:35:49 [scrapy] INFO: Crawled 413 pages (at 10 pages/min), scraped 406 items (at 10 items/min)
2018-01-19 05:36:57 [scrapy] INFO: Crawled 423 pages (at 10 pages/min), scraped 416 items (at 10 items/min)
2018-01-19 05:37:56 [scrapy] INFO: Crawled 437 pages (at 14 pages/min), scraped 430 items (at 14 items/min)
2018-01-19 05:38:45 [scrapy] INFO: Crawled 441 pages (at 4 pages/min), scraped 434 items (at 4 items/min)
2018-01-19 05:40:06 [scrapy] INFO: Crawled 447 pages (at 6 pages/min), scraped 440 items (at 6 items/min)
2018-01-19 05:40:54 [scrapy] INFO: Crawled 456 pages (at 9 pages/min), scraped 448 items (at 8 items/min)
2018-01-19 05:43:38 [scrapy] INFO: Crawled 461 pages (at 5 pages/min), scraped 454 items (at 6 items/min)
2018-01-19 05:43:45 [scrapy] INFO: Crawled 463 pages (at 2 pages/min), scraped 456 items (at 2 items/min)
2018-01-19 05:44:50 [scrapy] INFO: Crawled 473 pages (at 10 pages/min), scraped 466 items (at 10 items/min)
2018-01-19 05:46:25 [scrapy] INFO: Crawled 475 pages (at 2 pages/min), scraped 468 items (at 2 items/min)
2018-01-19 05:46:56 [scrapy] INFO: Crawled 481 pages (at 6 pages/min), scraped 474 items (at 6 items/min)
2018-01-19 05:48:00 [scrapy] INFO: Crawled 489 pages (at 8 pages/min), scraped 482 items (at 8 items/min)
2018-01-19 05:48:52 [scrapy] INFO: Crawled 497 pages (at 8 pages/min), scraped 490 items (at 8 items/min)
2018-01-19 05:49:59 [scrapy] INFO: Crawled 501 pages (at 4 pages/min), scraped 496 items (at 6 items/min)
2018-01-19 05:49:59 [scrapy] INFO: Closing spider (finished)
2018-01-19 05:49:59 [scrapy] INFO: Dumping Scrapy stats:
{'downloader/exception_count': 2,
 'downloader/exception_type_count/twisted.internet.error.TimeoutError': 2,
 'downloader/request_bytes': 425047,
 'downloader/request_count': 505,
 'downloader/request_method_count/GET': 505,
 'downloader/response_bytes': 37516529,
 'downloader/response_count': 503,
 'downloader/response_status_count/200': 501,
 'downloader/response_status_count/302': 2,
 'finish_reason': 'finished',
 'finish_time': datetime.datetime(2018, 1, 18, 21, 49, 59, 583000),
 'item_scraped_count': 496,
 'log_count/ERROR': 4,
 'log_count/INFO': 65,
 'response_received_count': 501,
 'scheduler/dequeued': 504,
 'scheduler/dequeued/memory': 504,
 'scheduler/enqueued': 504,
 'scheduler/enqueued/memory': 504,
 'spider_exceptions/IndexError': 2,
 'spider_exceptions/ValueError': 2,
 'start_time': datetime.datetime(2018, 1, 18, 20, 32, 44, 858000)}
2018-01-19 05:49:59 [scrapy] INFO: Spider closed (finished)
