2018-01-18 11:05:56 [scrapy] INFO: Scrapy 1.1.1 started (bot: kickstarter)
2018-01-18 11:05:56 [scrapy] INFO: Overridden settings: {'NEWSPIDER_MODULE': 'kickstarter.spiders', 'ROBOTSTXT_OBEY': True, 'LOG_LEVEL': 'INFO', 'SPIDER_MODULES': ['kickstarter.spiders'], 'BOT_NAME': 'kickstarter', 'LOG_STDOUT': True, 'LOG_FILE': 'log/KickSpider_181105.log'}
2018-01-18 11:05:56 [scrapy] INFO: Enabled extensions:
['scrapy.extensions.logstats.LogStats',
 'scrapy.extensions.telnet.TelnetConsole',
 'scrapy.extensions.corestats.CoreStats']
2018-01-18 11:05:57 [scrapy] INFO: Enabled downloader middlewares:
['scrapy.downloadermiddlewares.robotstxt.RobotsTxtMiddleware',
 'scrapy.downloadermiddlewares.httpauth.HttpAuthMiddleware',
 'scrapy.downloadermiddlewares.downloadtimeout.DownloadTimeoutMiddleware',
 'scrapy.downloadermiddlewares.useragent.UserAgentMiddleware',
 'scrapy.downloadermiddlewares.retry.RetryMiddleware',
 'scrapy.downloadermiddlewares.defaultheaders.DefaultHeadersMiddleware',
 'scrapy.downloadermiddlewares.redirect.MetaRefreshMiddleware',
 'scrapy.downloadermiddlewares.httpcompression.HttpCompressionMiddleware',
 'scrapy.downloadermiddlewares.redirect.RedirectMiddleware',
 'scrapy.downloadermiddlewares.cookies.CookiesMiddleware',
 'scrapy.downloadermiddlewares.chunked.ChunkedTransferMiddleware',
 'scrapy.downloadermiddlewares.stats.DownloaderStats']
2018-01-18 11:05:57 [scrapy] INFO: Enabled spider middlewares:
['scrapy.spidermiddlewares.httperror.HttpErrorMiddleware',
 'scrapy.spidermiddlewares.offsite.OffsiteMiddleware',
 'scrapy.spidermiddlewares.referer.RefererMiddleware',
 'scrapy.spidermiddlewares.urllength.UrlLengthMiddleware',
 'scrapy.spidermiddlewares.depth.DepthMiddleware']
2018-01-18 11:05:57 [scrapy] INFO: Enabled item pipelines:
['kickstarter.pipelines.MongodbPipeline']
2018-01-18 11:05:57 [scrapy] INFO: Spider opened
2018-01-18 11:05:57 [scrapy] INFO: Crawled 0 pages (at 0 pages/min), scraped 0 items (at 0 items/min)
2018-01-18 11:07:14 [scrapy] INFO: Crawled 18 pages (at 18 pages/min), scraped 9 items (at 9 items/min)
2018-01-18 11:08:33 [scrapy] INFO: Crawled 19 pages (at 1 pages/min), scraped 16 items (at 7 items/min)
2018-01-18 11:09:34 [scrapy] INFO: Crawled 26 pages (at 7 pages/min), scraped 18 items (at 2 items/min)
2018-01-18 11:10:13 [scrapy] INFO: Crawled 27 pages (at 1 pages/min), scraped 25 items (at 7 items/min)
2018-01-18 11:14:30 [scrapy] INFO: Crawled 35 pages (at 8 pages/min), scraped 31 items (at 6 items/min)
2018-01-18 11:15:05 [scrapy] INFO: Crawled 42 pages (at 7 pages/min), scraped 38 items (at 7 items/min)
2018-01-18 11:16:10 [scrapy] INFO: Crawled 55 pages (at 13 pages/min), scraped 50 items (at 12 items/min)
2018-01-18 11:18:20 [scrapy] INFO: Crawled 60 pages (at 5 pages/min), scraped 57 items (at 7 items/min)
2018-01-18 11:18:58 [scrapy] INFO: Crawled 64 pages (at 4 pages/min), scraped 61 items (at 4 items/min)
2018-01-18 11:20:04 [scrapy] INFO: Crawled 76 pages (at 12 pages/min), scraped 73 items (at 12 items/min)
2018-01-18 11:21:00 [scrapy] INFO: Crawled 88 pages (at 12 pages/min), scraped 85 items (at 12 items/min)
2018-01-18 11:21:59 [scrapy] INFO: Crawled 94 pages (at 6 pages/min), scraped 91 items (at 6 items/min)
2018-01-18 11:22:58 [scrapy] INFO: Crawled 100 pages (at 6 pages/min), scraped 97 items (at 6 items/min)
2018-01-18 11:24:19 [scrapy] INFO: Crawled 108 pages (at 8 pages/min), scraped 105 items (at 8 items/min)
2018-01-18 11:25:01 [scrapy] INFO: Crawled 112 pages (at 4 pages/min), scraped 109 items (at 4 items/min)
2018-01-18 11:26:09 [scrapy] INFO: Crawled 124 pages (at 12 pages/min), scraped 121 items (at 12 items/min)
2018-01-18 11:27:01 [scrapy] INFO: Crawled 134 pages (at 10 pages/min), scraped 131 items (at 10 items/min)
2018-01-18 11:28:48 [scrapy] INFO: Crawled 140 pages (at 6 pages/min), scraped 137 items (at 6 items/min)
2018-01-18 11:29:03 [scrapy] INFO: Crawled 142 pages (at 2 pages/min), scraped 139 items (at 2 items/min)
2018-01-18 11:29:59 [scrapy] INFO: Crawled 151 pages (at 9 pages/min), scraped 147 items (at 8 items/min)
2018-01-18 11:31:02 [scrapy] INFO: Crawled 164 pages (at 13 pages/min), scraped 161 items (at 14 items/min)
2018-01-18 11:32:01 [scrapy] INFO: Crawled 172 pages (at 8 pages/min), scraped 169 items (at 8 items/min)
2018-01-18 11:33:06 [scrapy] INFO: Crawled 183 pages (at 11 pages/min), scraped 179 items (at 10 items/min)
2018-01-18 11:34:12 [scrapy] INFO: Crawled 192 pages (at 9 pages/min), scraped 189 items (at 10 items/min)
2018-01-18 11:35:05 [scrapy] INFO: Crawled 200 pages (at 8 pages/min), scraped 197 items (at 8 items/min)
2018-01-18 11:35:58 [scrapy] INFO: Crawled 212 pages (at 12 pages/min), scraped 209 items (at 12 items/min)
2018-01-18 11:37:11 [scrapy] INFO: Crawled 220 pages (at 8 pages/min), scraped 217 items (at 8 items/min)
2018-01-18 11:37:58 [scrapy] INFO: Crawled 226 pages (at 6 pages/min), scraped 223 items (at 6 items/min)
2018-01-18 11:39:08 [scrapy] INFO: Crawled 243 pages (at 17 pages/min), scraped 239 items (at 16 items/min)
2018-01-18 11:39:58 [scrapy] INFO: Crawled 251 pages (at 8 pages/min), scraped 247 items (at 8 items/min)
2018-01-18 11:41:11 [scrapy] INFO: Crawled 266 pages (at 15 pages/min), scraped 263 items (at 16 items/min)
2018-01-18 11:42:07 [scrapy] INFO: Crawled 272 pages (at 6 pages/min), scraped 269 items (at 6 items/min)
2018-01-18 11:43:02 [scrapy] INFO: Crawled 282 pages (at 10 pages/min), scraped 279 items (at 10 items/min)
2018-01-18 11:44:04 [scrapy] INFO: Crawled 293 pages (at 11 pages/min), scraped 289 items (at 10 items/min)
2018-01-18 11:44:54 [scrapy] ERROR: Spider error processing <GET https://www.kickstarter.com/projects/jpoprevolution/j-pop-revolution/rewards> (referer: None)
Traceback (most recent call last):
  File "D:\ProgramData\Anaconda2\lib\site-packages\scrapy\utils\defer.py", line 102, in iter_errback
    yield next(it)
  File "D:\ProgramData\Anaconda2\lib\site-packages\scrapy\spidermiddlewares\offsite.py", line 29, in process_spider_output
    for x in result:
  File "D:\ProgramData\Anaconda2\lib\site-packages\scrapy\spidermiddlewares\referer.py", line 22, in <genexpr>
    return (_set_referer(r) for r in result or ())
  File "D:\ProgramData\Anaconda2\lib\site-packages\scrapy\spidermiddlewares\urllength.py", line 37, in <genexpr>
    return (r for r in result or () if _filter(r))
  File "D:\ProgramData\Anaconda2\lib\site-packages\scrapy\spidermiddlewares\depth.py", line 58, in <genexpr>
    return (r for r in result or () if _filter(r))
  File "d:\mypy\kickstarter\kickstarter\kickstarter\spiders\reward_spider.py", line 21, in parse
    cp = json.loads(current_project)
  File "D:\ProgramData\Anaconda2\lib\json\__init__.py", line 339, in loads
    return _default_decoder.decode(s)
  File "D:\ProgramData\Anaconda2\lib\json\decoder.py", line 364, in decode
    obj, end = self.raw_decode(s, idx=_w(s, 0).end())
  File "D:\ProgramData\Anaconda2\lib\json\decoder.py", line 380, in raw_decode
    obj, end = self.scan_once(s, idx)
ValueError: Expecting ',' delimiter: line 1 column 14407 (char 14406)
2018-01-18 11:45:01 [scrapy] INFO: Crawled 305 pages (at 12 pages/min), scraped 300 items (at 11 items/min)
2018-01-18 11:45:59 [scrapy] INFO: Crawled 314 pages (at 9 pages/min), scraped 310 items (at 10 items/min)
2018-01-18 11:47:09 [scrapy] INFO: Crawled 316 pages (at 2 pages/min), scraped 312 items (at 2 items/min)
2018-01-18 11:48:09 [scrapy] INFO: Crawled 326 pages (at 10 pages/min), scraped 322 items (at 10 items/min)
2018-01-18 11:49:01 [scrapy] INFO: Crawled 332 pages (at 6 pages/min), scraped 328 items (at 6 items/min)
2018-01-18 11:50:24 [scrapy] INFO: Crawled 346 pages (at 14 pages/min), scraped 342 items (at 14 items/min)
2018-01-18 11:51:01 [scrapy] INFO: Crawled 352 pages (at 6 pages/min), scraped 348 items (at 6 items/min)
2018-01-18 11:51:58 [scrapy] INFO: Crawled 364 pages (at 12 pages/min), scraped 360 items (at 12 items/min)
2018-01-18 11:52:59 [scrapy] INFO: Crawled 374 pages (at 10 pages/min), scraped 370 items (at 10 items/min)
2018-01-18 11:54:08 [scrapy] INFO: Crawled 384 pages (at 10 pages/min), scraped 380 items (at 10 items/min)
2018-01-18 11:55:58 [scrapy] INFO: Crawled 393 pages (at 9 pages/min), scraped 388 items (at 8 items/min)
2018-01-18 11:57:03 [scrapy] INFO: Crawled 408 pages (at 15 pages/min), scraped 404 items (at 16 items/min)
2018-01-18 11:58:16 [scrapy] INFO: Crawled 417 pages (at 9 pages/min), scraped 412 items (at 8 items/min)
2018-01-18 11:59:03 [scrapy] INFO: Crawled 424 pages (at 7 pages/min), scraped 420 items (at 8 items/min)
2018-01-18 12:01:30 [scrapy] INFO: Crawled 432 pages (at 8 pages/min), scraped 428 items (at 8 items/min)
2018-01-18 12:01:58 [scrapy] INFO: Crawled 436 pages (at 4 pages/min), scraped 432 items (at 4 items/min)
2018-01-18 12:03:07 [scrapy] INFO: Crawled 448 pages (at 12 pages/min), scraped 444 items (at 12 items/min)
2018-01-18 12:04:07 [scrapy] INFO: Crawled 458 pages (at 10 pages/min), scraped 454 items (at 10 items/min)
2018-01-18 12:04:59 [scrapy] INFO: Crawled 468 pages (at 10 pages/min), scraped 464 items (at 10 items/min)
2018-01-18 12:06:03 [scrapy] INFO: Crawled 478 pages (at 10 pages/min), scraped 474 items (at 10 items/min)
2018-01-18 12:07:07 [scrapy] INFO: Crawled 486 pages (at 8 pages/min), scraped 482 items (at 8 items/min)
2018-01-18 12:08:22 [scrapy] INFO: Crawled 494 pages (at 8 pages/min), scraped 490 items (at 8 items/min)
2018-01-18 12:09:00 [scrapy] INFO: Crawled 501 pages (at 7 pages/min), scraped 498 items (at 8 items/min)
2018-01-18 12:09:03 [scrapy] INFO: Closing spider (finished)
2018-01-18 12:09:03 [scrapy] INFO: Dumping Scrapy stats:
{'downloader/exception_count': 2,
 'downloader/exception_type_count/twisted.internet.error.TimeoutError': 2,
 'downloader/request_bytes': 422643,
 'downloader/request_count': 504,
 'downloader/request_method_count/GET': 504,
 'downloader/response_bytes': 37425975,
 'downloader/response_count': 502,
 'downloader/response_status_count/200': 501,
 'downloader/response_status_count/302': 1,
 'finish_reason': 'finished',
 'finish_time': datetime.datetime(2018, 1, 18, 4, 9, 3, 891000),
 'item_scraped_count': 499,
 'log_count/ERROR': 1,
 'log_count/INFO': 64,
 'response_received_count': 501,
 'scheduler/dequeued': 503,
 'scheduler/dequeued/memory': 503,
 'scheduler/enqueued': 503,
 'scheduler/enqueued/memory': 503,
 'spider_exceptions/ValueError': 1,
 'start_time': datetime.datetime(2018, 1, 18, 3, 5, 57, 377000)}
2018-01-18 12:09:03 [scrapy] INFO: Spider closed (finished)
