2018-01-18 12:13:09 [scrapy] INFO: Scrapy 1.1.1 started (bot: kickstarter)
2018-01-18 12:13:09 [scrapy] INFO: Overridden settings: {'NEWSPIDER_MODULE': 'kickstarter.spiders', 'ROBOTSTXT_OBEY': True, 'LOG_LEVEL': 'INFO', 'SPIDER_MODULES': ['kickstarter.spiders'], 'BOT_NAME': 'kickstarter', 'LOG_STDOUT': True, 'LOG_FILE': 'log/KickSpider_181212.log'}
2018-01-18 12:13:09 [scrapy] INFO: Enabled extensions:
['scrapy.extensions.logstats.LogStats',
 'scrapy.extensions.telnet.TelnetConsole',
 'scrapy.extensions.corestats.CoreStats']
2018-01-18 12:13:10 [scrapy] INFO: Enabled downloader middlewares:
['scrapy.downloadermiddlewares.robotstxt.RobotsTxtMiddleware',
 'scrapy.downloadermiddlewares.httpauth.HttpAuthMiddleware',
 'scrapy.downloadermiddlewares.downloadtimeout.DownloadTimeoutMiddleware',
 'scrapy.downloadermiddlewares.useragent.UserAgentMiddleware',
 'scrapy.downloadermiddlewares.retry.RetryMiddleware',
 'scrapy.downloadermiddlewares.defaultheaders.DefaultHeadersMiddleware',
 'scrapy.downloadermiddlewares.redirect.MetaRefreshMiddleware',
 'scrapy.downloadermiddlewares.httpcompression.HttpCompressionMiddleware',
 'scrapy.downloadermiddlewares.redirect.RedirectMiddleware',
 'scrapy.downloadermiddlewares.cookies.CookiesMiddleware',
 'scrapy.downloadermiddlewares.chunked.ChunkedTransferMiddleware',
 'scrapy.downloadermiddlewares.stats.DownloaderStats']
2018-01-18 12:13:10 [scrapy] INFO: Enabled spider middlewares:
['scrapy.spidermiddlewares.httperror.HttpErrorMiddleware',
 'scrapy.spidermiddlewares.offsite.OffsiteMiddleware',
 'scrapy.spidermiddlewares.referer.RefererMiddleware',
 'scrapy.spidermiddlewares.urllength.UrlLengthMiddleware',
 'scrapy.spidermiddlewares.depth.DepthMiddleware']
2018-01-18 12:13:10 [scrapy] INFO: Enabled item pipelines:
['kickstarter.pipelines.MongodbPipeline']
2018-01-18 12:13:10 [scrapy] INFO: Spider opened
2018-01-18 12:13:10 [scrapy] INFO: Crawled 0 pages (at 0 pages/min), scraped 0 items (at 0 items/min)
2018-01-18 12:13:12 [scrapy] ERROR: Spider error processing <GET https://www.kickstarter.com/projects/jpoprevolution/j-pop-revolution/rewards> (referer: None)
Traceback (most recent call last):
  File "D:\ProgramData\Anaconda2\lib\site-packages\scrapy\utils\defer.py", line 102, in iter_errback
    yield next(it)
  File "D:\ProgramData\Anaconda2\lib\site-packages\scrapy\spidermiddlewares\offsite.py", line 29, in process_spider_output
    for x in result:
  File "D:\ProgramData\Anaconda2\lib\site-packages\scrapy\spidermiddlewares\referer.py", line 22, in <genexpr>
    return (_set_referer(r) for r in result or ())
  File "D:\ProgramData\Anaconda2\lib\site-packages\scrapy\spidermiddlewares\urllength.py", line 37, in <genexpr>
    return (r for r in result or () if _filter(r))
  File "D:\ProgramData\Anaconda2\lib\site-packages\scrapy\spidermiddlewares\depth.py", line 58, in <genexpr>
    return (r for r in result or () if _filter(r))
  File "d:\mypy\kickstarter\kickstarter\kickstarter\spiders\reward_spider.py", line 21, in parse
    cp = json.loads(current_project)
  File "D:\ProgramData\Anaconda2\lib\json\__init__.py", line 339, in loads
    return _default_decoder.decode(s)
  File "D:\ProgramData\Anaconda2\lib\json\decoder.py", line 364, in decode
    obj, end = self.raw_decode(s, idx=_w(s, 0).end())
  File "D:\ProgramData\Anaconda2\lib\json\decoder.py", line 380, in raw_decode
    obj, end = self.scan_once(s, idx)
ValueError: Expecting ',' delimiter: line 1 column 14407 (char 14406)
2018-01-18 12:14:19 [scrapy] INFO: Crawled 16 pages (at 16 pages/min), scraped 11 items (at 11 items/min)
2018-01-18 12:15:32 [scrapy] INFO: Crawled 24 pages (at 8 pages/min), scraped 19 items (at 8 items/min)
2018-01-18 12:16:22 [scrapy] INFO: Crawled 29 pages (at 5 pages/min), scraped 25 items (at 6 items/min)
2018-01-18 12:17:19 [scrapy] INFO: Crawled 37 pages (at 8 pages/min), scraped 33 items (at 8 items/min)
2018-01-18 12:18:11 [scrapy] INFO: Crawled 45 pages (at 8 pages/min), scraped 41 items (at 8 items/min)
2018-01-18 12:19:11 [scrapy] INFO: Crawled 55 pages (at 10 pages/min), scraped 51 items (at 10 items/min)
2018-01-18 12:24:42 [scrapy] INFO: Crawled 63 pages (at 8 pages/min), scraped 59 items (at 8 items/min)
2018-01-18 12:25:16 [scrapy] INFO: Crawled 75 pages (at 12 pages/min), scraped 65 items (at 6 items/min)
2018-01-18 12:26:17 [scrapy] INFO: Crawled 83 pages (at 8 pages/min), scraped 77 items (at 12 items/min)
2018-01-18 12:27:28 [scrapy] INFO: Crawled 91 pages (at 8 pages/min), scraped 87 items (at 10 items/min)
2018-01-18 12:28:20 [scrapy] INFO: Crawled 99 pages (at 8 pages/min), scraped 95 items (at 8 items/min)
2018-01-18 12:29:18 [scrapy] INFO: Crawled 107 pages (at 8 pages/min), scraped 103 items (at 8 items/min)
2018-01-18 12:30:13 [scrapy] INFO: Crawled 115 pages (at 8 pages/min), scraped 111 items (at 8 items/min)
2018-01-18 12:31:15 [scrapy] INFO: Crawled 125 pages (at 10 pages/min), scraped 121 items (at 10 items/min)
2018-01-18 12:32:11 [scrapy] INFO: Crawled 137 pages (at 12 pages/min), scraped 133 items (at 12 items/min)
2018-01-18 12:33:12 [scrapy] INFO: Crawled 149 pages (at 12 pages/min), scraped 145 items (at 12 items/min)
2018-01-18 12:34:48 [scrapy] INFO: Crawled 157 pages (at 8 pages/min), scraped 153 items (at 8 items/min)
2018-01-18 12:35:33 [scrapy] INFO: Crawled 163 pages (at 6 pages/min), scraped 159 items (at 6 items/min)
2018-01-18 12:36:26 [scrapy] INFO: Crawled 165 pages (at 2 pages/min), scraped 161 items (at 2 items/min)
2018-01-18 12:37:18 [scrapy] INFO: Crawled 171 pages (at 6 pages/min), scraped 167 items (at 6 items/min)
2018-01-18 12:38:14 [scrapy] INFO: Crawled 181 pages (at 10 pages/min), scraped 177 items (at 10 items/min)
2018-01-18 12:39:14 [scrapy] INFO: Crawled 195 pages (at 14 pages/min), scraped 191 items (at 14 items/min)
2018-01-18 12:42:07 [scrapy] INFO: Crawled 199 pages (at 4 pages/min), scraped 195 items (at 4 items/min)
2018-01-18 12:42:15 [scrapy] INFO: Crawled 201 pages (at 2 pages/min), scraped 197 items (at 2 items/min)
2018-01-18 12:43:23 [scrapy] INFO: Crawled 209 pages (at 8 pages/min), scraped 205 items (at 8 items/min)
2018-01-18 12:44:20 [scrapy] INFO: Crawled 221 pages (at 12 pages/min), scraped 217 items (at 12 items/min)
2018-01-18 12:45:24 [scrapy] INFO: Crawled 231 pages (at 10 pages/min), scraped 227 items (at 10 items/min)
2018-01-18 12:46:20 [scrapy] INFO: Crawled 239 pages (at 8 pages/min), scraped 235 items (at 8 items/min)
2018-01-18 12:47:18 [scrapy] INFO: Crawled 253 pages (at 14 pages/min), scraped 249 items (at 14 items/min)
2018-01-18 12:48:14 [scrapy] INFO: Crawled 263 pages (at 10 pages/min), scraped 259 items (at 10 items/min)
2018-01-18 12:49:11 [scrapy] INFO: Crawled 273 pages (at 10 pages/min), scraped 269 items (at 10 items/min)
2018-01-18 12:50:22 [scrapy] INFO: Crawled 285 pages (at 12 pages/min), scraped 281 items (at 12 items/min)
2018-01-18 12:52:00 [scrapy] INFO: Crawled 289 pages (at 4 pages/min), scraped 285 items (at 4 items/min)
2018-01-18 12:52:12 [scrapy] INFO: Crawled 291 pages (at 2 pages/min), scraped 287 items (at 2 items/min)
2018-01-18 12:53:25 [scrapy] INFO: Crawled 299 pages (at 8 pages/min), scraped 295 items (at 8 items/min)
2018-01-18 12:54:19 [scrapy] INFO: Crawled 305 pages (at 6 pages/min), scraped 301 items (at 6 items/min)
2018-01-18 12:55:14 [scrapy] INFO: Crawled 313 pages (at 8 pages/min), scraped 309 items (at 8 items/min)
2018-01-18 12:56:16 [scrapy] INFO: Crawled 326 pages (at 13 pages/min), scraped 321 items (at 12 items/min)
2018-01-18 12:57:40 [scrapy] INFO: Crawled 339 pages (at 13 pages/min), scraped 335 items (at 14 items/min)
2018-01-18 12:58:24 [scrapy] INFO: Crawled 345 pages (at 6 pages/min), scraped 341 items (at 6 items/min)
2018-01-18 12:59:13 [scrapy] INFO: Crawled 349 pages (at 4 pages/min), scraped 345 items (at 4 items/min)
2018-01-18 13:00:15 [scrapy] INFO: Crawled 353 pages (at 4 pages/min), scraped 349 items (at 4 items/min)
2018-01-18 13:01:24 [scrapy] INFO: Crawled 361 pages (at 8 pages/min), scraped 357 items (at 8 items/min)
2018-01-18 13:02:16 [scrapy] INFO: Crawled 371 pages (at 10 pages/min), scraped 367 items (at 10 items/min)
2018-01-18 13:03:22 [scrapy] INFO: Crawled 381 pages (at 10 pages/min), scraped 377 items (at 10 items/min)
2018-01-18 13:04:17 [scrapy] INFO: Crawled 389 pages (at 8 pages/min), scraped 385 items (at 8 items/min)
2018-01-18 13:05:18 [scrapy] INFO: Crawled 393 pages (at 4 pages/min), scraped 389 items (at 4 items/min)
2018-01-18 13:06:18 [scrapy] INFO: Crawled 405 pages (at 12 pages/min), scraped 401 items (at 12 items/min)
2018-01-18 13:07:17 [scrapy] INFO: Crawled 415 pages (at 10 pages/min), scraped 411 items (at 10 items/min)
2018-01-18 13:08:35 [scrapy] INFO: Crawled 425 pages (at 10 pages/min), scraped 421 items (at 10 items/min)
2018-01-18 13:09:19 [scrapy] INFO: Crawled 435 pages (at 10 pages/min), scraped 431 items (at 10 items/min)
2018-01-18 13:17:30 [scrapy] INFO: Crawled 445 pages (at 10 pages/min), scraped 441 items (at 10 items/min)
2018-01-18 13:18:22 [scrapy] INFO: Crawled 450 pages (at 5 pages/min), scraped 447 items (at 6 items/min)
2018-01-18 13:19:23 [scrapy] INFO: Crawled 465 pages (at 15 pages/min), scraped 455 items (at 8 items/min)
2018-01-18 13:21:31 [scrapy] INFO: Crawled 465 pages (at 0 pages/min), scraped 463 items (at 8 items/min)
2018-01-18 13:22:19 [scrapy] INFO: Crawled 481 pages (at 16 pages/min), scraped 471 items (at 8 items/min)
2018-01-18 13:23:13 [scrapy] INFO: Crawled 489 pages (at 8 pages/min), scraped 480 items (at 9 items/min)
2018-01-18 13:24:40 [scrapy] INFO: Crawled 497 pages (at 8 pages/min), scraped 495 items (at 15 items/min)
2018-01-18 13:25:31 [scrapy] INFO: Crawled 501 pages (at 4 pages/min), scraped 499 items (at 4 items/min)
2018-01-18 13:25:31 [scrapy] INFO: Closing spider (finished)
2018-01-18 13:25:31 [scrapy] INFO: Dumping Scrapy stats:
{'downloader/exception_count': 4,
 'downloader/exception_type_count/twisted.internet.error.TimeoutError': 4,
 'downloader/request_bytes': 424868,
 'downloader/request_count': 505,
 'downloader/request_method_count/GET': 505,
 'downloader/response_bytes': 37395514,
 'downloader/response_count': 501,
 'downloader/response_status_count/200': 501,
 'finish_reason': 'finished',
 'finish_time': datetime.datetime(2018, 1, 18, 5, 25, 31, 393000),
 'item_scraped_count': 499,
 'log_count/ERROR': 1,
 'log_count/INFO': 66,
 'response_received_count': 501,
 'scheduler/dequeued': 504,
 'scheduler/dequeued/memory': 504,
 'scheduler/enqueued': 504,
 'scheduler/enqueued/memory': 504,
 'spider_exceptions/ValueError': 1,
 'start_time': datetime.datetime(2018, 1, 18, 4, 13, 10, 172000)}
2018-01-18 13:25:31 [scrapy] INFO: Spider closed (finished)
