2018-01-19 03:30:20 [scrapy] INFO: Scrapy 1.1.1 started (bot: kickstarter)
2018-01-19 03:30:20 [scrapy] INFO: Overridden settings: {'NEWSPIDER_MODULE': 'kickstarter.spiders', 'ROBOTSTXT_OBEY': True, 'LOG_LEVEL': 'INFO', 'SPIDER_MODULES': ['kickstarter.spiders'], 'BOT_NAME': 'kickstarter', 'LOG_STDOUT': True, 'LOG_FILE': 'log/KickSpider_190329.log'}
2018-01-19 03:30:20 [scrapy] INFO: Enabled extensions:
['scrapy.extensions.logstats.LogStats',
 'scrapy.extensions.telnet.TelnetConsole',
 'scrapy.extensions.corestats.CoreStats']
2018-01-19 03:30:20 [scrapy] INFO: Enabled downloader middlewares:
['scrapy.downloadermiddlewares.robotstxt.RobotsTxtMiddleware',
 'scrapy.downloadermiddlewares.httpauth.HttpAuthMiddleware',
 'scrapy.downloadermiddlewares.downloadtimeout.DownloadTimeoutMiddleware',
 'scrapy.downloadermiddlewares.useragent.UserAgentMiddleware',
 'scrapy.downloadermiddlewares.retry.RetryMiddleware',
 'scrapy.downloadermiddlewares.defaultheaders.DefaultHeadersMiddleware',
 'scrapy.downloadermiddlewares.redirect.MetaRefreshMiddleware',
 'scrapy.downloadermiddlewares.httpcompression.HttpCompressionMiddleware',
 'scrapy.downloadermiddlewares.redirect.RedirectMiddleware',
 'scrapy.downloadermiddlewares.cookies.CookiesMiddleware',
 'scrapy.downloadermiddlewares.chunked.ChunkedTransferMiddleware',
 'scrapy.downloadermiddlewares.stats.DownloaderStats']
2018-01-19 03:30:20 [scrapy] INFO: Enabled spider middlewares:
['scrapy.spidermiddlewares.httperror.HttpErrorMiddleware',
 'scrapy.spidermiddlewares.offsite.OffsiteMiddleware',
 'scrapy.spidermiddlewares.referer.RefererMiddleware',
 'scrapy.spidermiddlewares.urllength.UrlLengthMiddleware',
 'scrapy.spidermiddlewares.depth.DepthMiddleware']
2018-01-19 03:30:20 [scrapy] INFO: Enabled item pipelines:
['kickstarter.pipelines.MongodbPipeline']
2018-01-19 03:30:20 [scrapy] INFO: Spider opened
2018-01-19 03:30:20 [scrapy] INFO: Crawled 0 pages (at 0 pages/min), scraped 0 items (at 0 items/min)
2018-01-19 03:30:23 [scrapy] ERROR: Spider error processing <GET https://www.kickstarter.com/projects/jpoprevolution/j-pop-revolution/rewards> (referer: None)
Traceback (most recent call last):
  File "D:\ProgramData\Anaconda2\lib\site-packages\scrapy\utils\defer.py", line 102, in iter_errback
    yield next(it)
  File "D:\ProgramData\Anaconda2\lib\site-packages\scrapy\spidermiddlewares\offsite.py", line 29, in process_spider_output
    for x in result:
  File "D:\ProgramData\Anaconda2\lib\site-packages\scrapy\spidermiddlewares\referer.py", line 22, in <genexpr>
    return (_set_referer(r) for r in result or ())
  File "D:\ProgramData\Anaconda2\lib\site-packages\scrapy\spidermiddlewares\urllength.py", line 37, in <genexpr>
    return (r for r in result or () if _filter(r))
  File "D:\ProgramData\Anaconda2\lib\site-packages\scrapy\spidermiddlewares\depth.py", line 58, in <genexpr>
    return (r for r in result or () if _filter(r))
  File "d:\mypy\kickstarter\kickstarter\kickstarter\spiders\reward_spider.py", line 21, in parse
    cp = json.loads(current_project)
  File "D:\ProgramData\Anaconda2\lib\json\__init__.py", line 339, in loads
    return _default_decoder.decode(s)
  File "D:\ProgramData\Anaconda2\lib\json\decoder.py", line 364, in decode
    obj, end = self.raw_decode(s, idx=_w(s, 0).end())
  File "D:\ProgramData\Anaconda2\lib\json\decoder.py", line 380, in raw_decode
    obj, end = self.scan_once(s, idx)
ValueError: Expecting ',' delimiter: line 1 column 14407 (char 14406)
2018-01-19 03:30:27 [scrapy] ERROR: Spider error processing <GET https://www.kickstarter.com/projects/snckpck/raddddd-a-poetry-short-story-illustration-book/rewards> (referer: None)
Traceback (most recent call last):
  File "D:\ProgramData\Anaconda2\lib\site-packages\scrapy\utils\defer.py", line 102, in iter_errback
    yield next(it)
  File "D:\ProgramData\Anaconda2\lib\site-packages\scrapy\spidermiddlewares\offsite.py", line 29, in process_spider_output
    for x in result:
  File "D:\ProgramData\Anaconda2\lib\site-packages\scrapy\spidermiddlewares\referer.py", line 22, in <genexpr>
    return (_set_referer(r) for r in result or ())
  File "D:\ProgramData\Anaconda2\lib\site-packages\scrapy\spidermiddlewares\urllength.py", line 37, in <genexpr>
    return (r for r in result or () if _filter(r))
  File "D:\ProgramData\Anaconda2\lib\site-packages\scrapy\spidermiddlewares\depth.py", line 58, in <genexpr>
    return (r for r in result or () if _filter(r))
  File "d:\mypy\kickstarter\kickstarter\kickstarter\spiders\reward_spider.py", line 21, in parse
    cp = json.loads(current_project)
  File "D:\ProgramData\Anaconda2\lib\json\__init__.py", line 339, in loads
    return _default_decoder.decode(s)
  File "D:\ProgramData\Anaconda2\lib\json\decoder.py", line 364, in decode
    obj, end = self.raw_decode(s, idx=_w(s, 0).end())
  File "D:\ProgramData\Anaconda2\lib\json\decoder.py", line 380, in raw_decode
    obj, end = self.scan_once(s, idx)
ValueError: Expecting ',' delimiter: line 1 column 6400 (char 6399)
2018-01-19 03:31:30 [scrapy] INFO: Crawled 17 pages (at 17 pages/min), scraped 10 items (at 10 items/min)
2018-01-19 03:31:41 [scrapy] ERROR: Spider error processing <GET https://www.kickstarter.com/login?then=%2Fprojects%2Fisyana%2F69489148%2Frewards> (referer: None)
Traceback (most recent call last):
  File "D:\ProgramData\Anaconda2\lib\site-packages\scrapy\utils\defer.py", line 102, in iter_errback
    yield next(it)
  File "D:\ProgramData\Anaconda2\lib\site-packages\scrapy\spidermiddlewares\offsite.py", line 29, in process_spider_output
    for x in result:
  File "D:\ProgramData\Anaconda2\lib\site-packages\scrapy\spidermiddlewares\referer.py", line 22, in <genexpr>
    return (_set_referer(r) for r in result or ())
  File "D:\ProgramData\Anaconda2\lib\site-packages\scrapy\spidermiddlewares\urllength.py", line 37, in <genexpr>
    return (r for r in result or () if _filter(r))
  File "D:\ProgramData\Anaconda2\lib\site-packages\scrapy\spidermiddlewares\depth.py", line 58, in <genexpr>
    return (r for r in result or () if _filter(r))
  File "d:\mypy\kickstarter\kickstarter\kickstarter\spiders\reward_spider.py", line 16, in parse
    current_project = response.css('script').re(r'window\.current_project.+?"(\{.+?\})";')[0]
IndexError: list index out of range
2018-01-19 03:32:14 [scrapy] ERROR: Spider error processing <GET https://www.kickstarter.com/login?then=%2Fprojects%2FPaulHartner%2F1384087152%2Frewards> (referer: None)
Traceback (most recent call last):
  File "D:\ProgramData\Anaconda2\lib\site-packages\scrapy\utils\defer.py", line 102, in iter_errback
    yield next(it)
  File "D:\ProgramData\Anaconda2\lib\site-packages\scrapy\spidermiddlewares\offsite.py", line 29, in process_spider_output
    for x in result:
  File "D:\ProgramData\Anaconda2\lib\site-packages\scrapy\spidermiddlewares\referer.py", line 22, in <genexpr>
    return (_set_referer(r) for r in result or ())
  File "D:\ProgramData\Anaconda2\lib\site-packages\scrapy\spidermiddlewares\urllength.py", line 37, in <genexpr>
    return (r for r in result or () if _filter(r))
  File "D:\ProgramData\Anaconda2\lib\site-packages\scrapy\spidermiddlewares\depth.py", line 58, in <genexpr>
    return (r for r in result or () if _filter(r))
  File "d:\mypy\kickstarter\kickstarter\kickstarter\spiders\reward_spider.py", line 16, in parse
    current_project = response.css('script').re(r'window\.current_project.+?"(\{.+?\})";')[0]
IndexError: list index out of range
2018-01-19 03:32:41 [scrapy] INFO: Crawled 27 pages (at 10 pages/min), scraped 20 items (at 10 items/min)
2018-01-19 03:33:28 [scrapy] INFO: Crawled 35 pages (at 8 pages/min), scraped 28 items (at 8 items/min)
2018-01-19 03:34:26 [scrapy] INFO: Crawled 47 pages (at 12 pages/min), scraped 40 items (at 12 items/min)
2018-01-19 03:36:04 [scrapy] INFO: Crawled 57 pages (at 10 pages/min), scraped 50 items (at 10 items/min)
2018-01-19 03:37:10 [scrapy] INFO: Crawled 61 pages (at 4 pages/min), scraped 54 items (at 4 items/min)
2018-01-19 03:37:24 [scrapy] INFO: Crawled 63 pages (at 2 pages/min), scraped 56 items (at 2 items/min)
2018-01-19 03:38:32 [scrapy] INFO: Crawled 73 pages (at 10 pages/min), scraped 66 items (at 10 items/min)
2018-01-19 03:39:43 [scrapy] INFO: Crawled 81 pages (at 8 pages/min), scraped 74 items (at 8 items/min)
2018-01-19 03:40:25 [scrapy] INFO: Crawled 85 pages (at 4 pages/min), scraped 78 items (at 4 items/min)
2018-01-19 03:41:37 [scrapy] INFO: Crawled 95 pages (at 10 pages/min), scraped 88 items (at 10 items/min)
2018-01-19 03:42:25 [scrapy] INFO: Crawled 105 pages (at 10 pages/min), scraped 98 items (at 10 items/min)
2018-01-19 03:43:48 [scrapy] INFO: Crawled 117 pages (at 12 pages/min), scraped 110 items (at 12 items/min)
2018-01-19 03:44:26 [scrapy] INFO: Crawled 123 pages (at 6 pages/min), scraped 116 items (at 6 items/min)
2018-01-19 03:45:29 [scrapy] INFO: Crawled 133 pages (at 10 pages/min), scraped 126 items (at 10 items/min)
2018-01-19 03:46:26 [scrapy] INFO: Crawled 137 pages (at 4 pages/min), scraped 130 items (at 4 items/min)
2018-01-19 03:47:22 [scrapy] INFO: Crawled 148 pages (at 11 pages/min), scraped 140 items (at 10 items/min)
2018-01-19 03:48:26 [scrapy] INFO: Crawled 155 pages (at 7 pages/min), scraped 148 items (at 8 items/min)
2018-01-19 03:49:28 [scrapy] INFO: Crawled 165 pages (at 10 pages/min), scraped 158 items (at 10 items/min)
2018-01-19 03:50:34 [scrapy] INFO: Crawled 171 pages (at 6 pages/min), scraped 164 items (at 6 items/min)
2018-01-19 03:51:28 [scrapy] INFO: Crawled 179 pages (at 8 pages/min), scraped 172 items (at 8 items/min)
2018-01-19 03:52:30 [scrapy] INFO: Crawled 187 pages (at 8 pages/min), scraped 180 items (at 8 items/min)
2018-01-19 03:53:29 [scrapy] INFO: Crawled 195 pages (at 8 pages/min), scraped 188 items (at 8 items/min)
2018-01-19 03:54:24 [scrapy] INFO: Crawled 207 pages (at 12 pages/min), scraped 200 items (at 12 items/min)
2018-01-19 03:55:26 [scrapy] INFO: Crawled 219 pages (at 12 pages/min), scraped 212 items (at 12 items/min)
2018-01-19 03:56:38 [scrapy] INFO: Crawled 231 pages (at 12 pages/min), scraped 224 items (at 12 items/min)
2018-01-19 03:57:27 [scrapy] INFO: Crawled 241 pages (at 10 pages/min), scraped 234 items (at 10 items/min)
2018-01-19 03:58:23 [scrapy] INFO: Crawled 251 pages (at 10 pages/min), scraped 244 items (at 10 items/min)
2018-01-19 03:59:26 [scrapy] INFO: Crawled 262 pages (at 11 pages/min), scraped 254 items (at 10 items/min)
2018-01-19 04:00:25 [scrapy] INFO: Crawled 272 pages (at 10 pages/min), scraped 264 items (at 10 items/min)
2018-01-19 04:01:25 [scrapy] INFO: Crawled 279 pages (at 7 pages/min), scraped 272 items (at 8 items/min)
2018-01-19 04:02:23 [scrapy] INFO: Crawled 287 pages (at 8 pages/min), scraped 280 items (at 8 items/min)
2018-01-19 04:03:34 [scrapy] INFO: Crawled 295 pages (at 8 pages/min), scraped 288 items (at 8 items/min)
2018-01-19 04:04:26 [scrapy] INFO: Crawled 303 pages (at 8 pages/min), scraped 296 items (at 8 items/min)
2018-01-19 04:05:23 [scrapy] INFO: Crawled 313 pages (at 10 pages/min), scraped 306 items (at 10 items/min)
2018-01-19 04:06:28 [scrapy] INFO: Crawled 325 pages (at 12 pages/min), scraped 318 items (at 12 items/min)
2018-01-19 04:07:25 [scrapy] INFO: Crawled 333 pages (at 8 pages/min), scraped 326 items (at 8 items/min)
2018-01-19 04:08:24 [scrapy] INFO: Crawled 345 pages (at 12 pages/min), scraped 338 items (at 12 items/min)
2018-01-19 04:09:20 [scrapy] INFO: Crawled 355 pages (at 10 pages/min), scraped 348 items (at 10 items/min)
2018-01-19 04:11:05 [scrapy] INFO: Crawled 359 pages (at 4 pages/min), scraped 352 items (at 4 items/min)
2018-01-19 04:12:38 [scrapy] INFO: Crawled 361 pages (at 2 pages/min), scraped 354 items (at 2 items/min)
2018-01-19 04:13:33 [scrapy] INFO: Crawled 372 pages (at 11 pages/min), scraped 364 items (at 10 items/min)
2018-01-19 04:14:41 [scrapy] INFO: Crawled 379 pages (at 7 pages/min), scraped 372 items (at 8 items/min)
2018-01-19 04:15:28 [scrapy] INFO: Crawled 387 pages (at 8 pages/min), scraped 380 items (at 8 items/min)
2018-01-19 04:16:23 [scrapy] INFO: Crawled 399 pages (at 12 pages/min), scraped 392 items (at 12 items/min)
2018-01-19 04:17:25 [scrapy] INFO: Crawled 412 pages (at 13 pages/min), scraped 404 items (at 12 items/min)
2018-01-19 04:18:31 [scrapy] INFO: Crawled 425 pages (at 13 pages/min), scraped 418 items (at 14 items/min)
2018-01-19 04:19:21 [scrapy] INFO: Crawled 435 pages (at 10 pages/min), scraped 428 items (at 10 items/min)
2018-01-19 04:22:05 [scrapy] INFO: Crawled 443 pages (at 8 pages/min), scraped 436 items (at 8 items/min)
2018-01-19 04:22:23 [scrapy] INFO: Crawled 447 pages (at 4 pages/min), scraped 440 items (at 4 items/min)
2018-01-19 04:23:26 [scrapy] INFO: Crawled 457 pages (at 10 pages/min), scraped 450 items (at 10 items/min)
2018-01-19 04:24:24 [scrapy] INFO: Crawled 468 pages (at 11 pages/min), scraped 460 items (at 10 items/min)
2018-01-19 04:25:27 [scrapy] INFO: Crawled 475 pages (at 7 pages/min), scraped 468 items (at 8 items/min)
2018-01-19 04:26:26 [scrapy] INFO: Crawled 485 pages (at 10 pages/min), scraped 478 items (at 10 items/min)
2018-01-19 04:27:36 [scrapy] INFO: Crawled 497 pages (at 12 pages/min), scraped 490 items (at 12 items/min)
2018-01-19 04:28:22 [scrapy] INFO: Crawled 501 pages (at 4 pages/min), scraped 494 items (at 4 items/min)
2018-01-19 04:28:35 [scrapy] INFO: Closing spider (finished)
2018-01-19 04:28:35 [scrapy] INFO: Dumping Scrapy stats:
{'downloader/request_bytes': 422978,
 'downloader/request_count': 503,
 'downloader/request_method_count/GET': 503,
 'downloader/response_bytes': 37431114,
 'downloader/response_count': 503,
 'downloader/response_status_count/200': 501,
 'downloader/response_status_count/302': 2,
 'finish_reason': 'finished',
 'finish_time': datetime.datetime(2018, 1, 18, 20, 28, 35, 498000),
 'item_scraped_count': 496,
 'log_count/ERROR': 4,
 'log_count/INFO': 63,
 'response_received_count': 501,
 'scheduler/dequeued': 502,
 'scheduler/dequeued/memory': 502,
 'scheduler/enqueued': 502,
 'scheduler/enqueued/memory': 502,
 'spider_exceptions/IndexError': 2,
 'spider_exceptions/ValueError': 2,
 'start_time': datetime.datetime(2018, 1, 18, 19, 30, 20, 537000)}
2018-01-19 04:28:35 [scrapy] INFO: Spider closed (finished)
