2018-01-18 17:26:25 [scrapy] INFO: Scrapy 1.1.1 started (bot: kickstarter)
2018-01-18 17:26:25 [scrapy] INFO: Overridden settings: {'NEWSPIDER_MODULE': 'kickstarter.spiders', 'ROBOTSTXT_OBEY': True, 'LOG_LEVEL': 'INFO', 'SPIDER_MODULES': ['kickstarter.spiders'], 'BOT_NAME': 'kickstarter', 'LOG_STDOUT': True, 'LOG_FILE': 'log/KickSpider_181725.log'}
2018-01-18 17:26:25 [scrapy] INFO: Enabled extensions:
['scrapy.extensions.logstats.LogStats',
 'scrapy.extensions.telnet.TelnetConsole',
 'scrapy.extensions.corestats.CoreStats']
2018-01-18 17:26:25 [scrapy] INFO: Enabled downloader middlewares:
['scrapy.downloadermiddlewares.robotstxt.RobotsTxtMiddleware',
 'scrapy.downloadermiddlewares.httpauth.HttpAuthMiddleware',
 'scrapy.downloadermiddlewares.downloadtimeout.DownloadTimeoutMiddleware',
 'scrapy.downloadermiddlewares.useragent.UserAgentMiddleware',
 'scrapy.downloadermiddlewares.retry.RetryMiddleware',
 'scrapy.downloadermiddlewares.defaultheaders.DefaultHeadersMiddleware',
 'scrapy.downloadermiddlewares.redirect.MetaRefreshMiddleware',
 'scrapy.downloadermiddlewares.httpcompression.HttpCompressionMiddleware',
 'scrapy.downloadermiddlewares.redirect.RedirectMiddleware',
 'scrapy.downloadermiddlewares.cookies.CookiesMiddleware',
 'scrapy.downloadermiddlewares.chunked.ChunkedTransferMiddleware',
 'scrapy.downloadermiddlewares.stats.DownloaderStats']
2018-01-18 17:26:25 [scrapy] INFO: Enabled spider middlewares:
['scrapy.spidermiddlewares.httperror.HttpErrorMiddleware',
 'scrapy.spidermiddlewares.offsite.OffsiteMiddleware',
 'scrapy.spidermiddlewares.referer.RefererMiddleware',
 'scrapy.spidermiddlewares.urllength.UrlLengthMiddleware',
 'scrapy.spidermiddlewares.depth.DepthMiddleware']
2018-01-18 17:26:25 [scrapy] INFO: Enabled item pipelines:
['kickstarter.pipelines.MongodbPipeline']
2018-01-18 17:26:25 [scrapy] INFO: Spider opened
2018-01-18 17:26:25 [scrapy] INFO: Crawled 0 pages (at 0 pages/min), scraped 0 items (at 0 items/min)
2018-01-18 17:26:28 [scrapy] ERROR: Spider error processing <GET https://www.kickstarter.com/projects/jpoprevolution/j-pop-revolution/rewards> (referer: None)
Traceback (most recent call last):
  File "D:\ProgramData\Anaconda2\lib\site-packages\scrapy\utils\defer.py", line 102, in iter_errback
    yield next(it)
  File "D:\ProgramData\Anaconda2\lib\site-packages\scrapy\spidermiddlewares\offsite.py", line 29, in process_spider_output
    for x in result:
  File "D:\ProgramData\Anaconda2\lib\site-packages\scrapy\spidermiddlewares\referer.py", line 22, in <genexpr>
    return (_set_referer(r) for r in result or ())
  File "D:\ProgramData\Anaconda2\lib\site-packages\scrapy\spidermiddlewares\urllength.py", line 37, in <genexpr>
    return (r for r in result or () if _filter(r))
  File "D:\ProgramData\Anaconda2\lib\site-packages\scrapy\spidermiddlewares\depth.py", line 58, in <genexpr>
    return (r for r in result or () if _filter(r))
  File "d:\mypy\kickstarter\kickstarter\kickstarter\spiders\reward_spider.py", line 21, in parse
    cp = json.loads(current_project)
  File "D:\ProgramData\Anaconda2\lib\json\__init__.py", line 339, in loads
    return _default_decoder.decode(s)
  File "D:\ProgramData\Anaconda2\lib\json\decoder.py", line 364, in decode
    obj, end = self.raw_decode(s, idx=_w(s, 0).end())
  File "D:\ProgramData\Anaconda2\lib\json\decoder.py", line 380, in raw_decode
    obj, end = self.scan_once(s, idx)
ValueError: Expecting ',' delimiter: line 1 column 14407 (char 14406)
2018-01-18 17:27:28 [scrapy] INFO: Crawled 18 pages (at 18 pages/min), scraped 11 items (at 11 items/min)
2018-01-18 17:27:28 [scrapy] ERROR: Spider error processing <GET https://www.kickstarter.com/login?then=%2Fprojects%2Fisyana%2F69489148%2Frewards> (referer: None)
Traceback (most recent call last):
  File "D:\ProgramData\Anaconda2\lib\site-packages\scrapy\utils\defer.py", line 102, in iter_errback
    yield next(it)
  File "D:\ProgramData\Anaconda2\lib\site-packages\scrapy\spidermiddlewares\offsite.py", line 29, in process_spider_output
    for x in result:
  File "D:\ProgramData\Anaconda2\lib\site-packages\scrapy\spidermiddlewares\referer.py", line 22, in <genexpr>
    return (_set_referer(r) for r in result or ())
  File "D:\ProgramData\Anaconda2\lib\site-packages\scrapy\spidermiddlewares\urllength.py", line 37, in <genexpr>
    return (r for r in result or () if _filter(r))
  File "D:\ProgramData\Anaconda2\lib\site-packages\scrapy\spidermiddlewares\depth.py", line 58, in <genexpr>
    return (r for r in result or () if _filter(r))
  File "d:\mypy\kickstarter\kickstarter\kickstarter\spiders\reward_spider.py", line 16, in parse
    current_project = response.css('script').re(r'window\.current_project.+?"(\{.+?\})";')[0]
IndexError: list index out of range
2018-01-18 17:27:28 [scrapy] ERROR: Spider error processing <GET https://www.kickstarter.com/login?then=%2Fprojects%2FPaulHartner%2F1384087152%2Frewards> (referer: None)
Traceback (most recent call last):
  File "D:\ProgramData\Anaconda2\lib\site-packages\scrapy\utils\defer.py", line 102, in iter_errback
    yield next(it)
  File "D:\ProgramData\Anaconda2\lib\site-packages\scrapy\spidermiddlewares\offsite.py", line 29, in process_spider_output
    for x in result:
  File "D:\ProgramData\Anaconda2\lib\site-packages\scrapy\spidermiddlewares\referer.py", line 22, in <genexpr>
    return (_set_referer(r) for r in result or ())
  File "D:\ProgramData\Anaconda2\lib\site-packages\scrapy\spidermiddlewares\urllength.py", line 37, in <genexpr>
    return (r for r in result or () if _filter(r))
  File "D:\ProgramData\Anaconda2\lib\site-packages\scrapy\spidermiddlewares\depth.py", line 58, in <genexpr>
    return (r for r in result or () if _filter(r))
  File "d:\mypy\kickstarter\kickstarter\kickstarter\spiders\reward_spider.py", line 16, in parse
    current_project = response.css('script').re(r'window\.current_project.+?"(\{.+?\})";')[0]
IndexError: list index out of range
2018-01-18 17:28:29 [scrapy] INFO: Crawled 27 pages (at 9 pages/min), scraped 21 items (at 10 items/min)
2018-01-18 17:29:40 [scrapy] INFO: Crawled 37 pages (at 10 pages/min), scraped 31 items (at 10 items/min)
2018-01-18 17:30:28 [scrapy] INFO: Crawled 43 pages (at 6 pages/min), scraped 37 items (at 6 items/min)
2018-01-18 17:31:26 [scrapy] INFO: Crawled 55 pages (at 12 pages/min), scraped 49 items (at 12 items/min)
2018-01-18 17:33:02 [scrapy] INFO: Crawled 67 pages (at 12 pages/min), scraped 61 items (at 12 items/min)
2018-01-18 17:33:35 [scrapy] INFO: Crawled 73 pages (at 6 pages/min), scraped 67 items (at 6 items/min)
2018-01-18 17:34:31 [scrapy] INFO: Crawled 84 pages (at 11 pages/min), scraped 77 items (at 10 items/min)
2018-01-18 17:35:40 [scrapy] INFO: Crawled 92 pages (at 8 pages/min), scraped 85 items (at 8 items/min)
2018-01-18 17:36:26 [scrapy] INFO: Crawled 99 pages (at 7 pages/min), scraped 93 items (at 8 items/min)
2018-01-18 17:37:34 [scrapy] INFO: Crawled 109 pages (at 10 pages/min), scraped 103 items (at 10 items/min)
2018-01-18 17:38:40 [scrapy] INFO: Crawled 115 pages (at 6 pages/min), scraped 109 items (at 6 items/min)
2018-01-18 17:39:29 [scrapy] INFO: Crawled 123 pages (at 8 pages/min), scraped 117 items (at 8 items/min)
2018-01-18 17:40:28 [scrapy] INFO: Crawled 131 pages (at 8 pages/min), scraped 125 items (at 8 items/min)
2018-01-18 17:41:29 [scrapy] INFO: Crawled 145 pages (at 14 pages/min), scraped 139 items (at 14 items/min)
2018-01-18 17:42:25 [scrapy] INFO: Crawled 155 pages (at 10 pages/min), scraped 149 items (at 10 items/min)
2018-01-18 17:43:35 [scrapy] INFO: Crawled 165 pages (at 10 pages/min), scraped 159 items (at 10 items/min)
2018-01-18 17:44:32 [scrapy] INFO: Crawled 173 pages (at 8 pages/min), scraped 167 items (at 8 items/min)
2018-01-18 17:45:30 [scrapy] INFO: Crawled 178 pages (at 5 pages/min), scraped 171 items (at 4 items/min)
2018-01-18 17:46:32 [scrapy] INFO: Crawled 189 pages (at 11 pages/min), scraped 183 items (at 12 items/min)
2018-01-18 17:47:30 [scrapy] INFO: Crawled 201 pages (at 12 pages/min), scraped 195 items (at 12 items/min)
2018-01-18 17:48:37 [scrapy] INFO: Crawled 211 pages (at 10 pages/min), scraped 205 items (at 10 items/min)
2018-01-18 17:49:40 [scrapy] INFO: Crawled 221 pages (at 10 pages/min), scraped 215 items (at 10 items/min)
2018-01-18 17:50:33 [scrapy] INFO: Crawled 229 pages (at 8 pages/min), scraped 223 items (at 8 items/min)
2018-01-18 17:51:33 [scrapy] INFO: Crawled 241 pages (at 12 pages/min), scraped 235 items (at 12 items/min)
2018-01-18 17:52:32 [scrapy] INFO: Crawled 249 pages (at 8 pages/min), scraped 243 items (at 8 items/min)
2018-01-18 17:53:36 [scrapy] INFO: Crawled 253 pages (at 4 pages/min), scraped 247 items (at 4 items/min)
2018-01-18 17:54:27 [scrapy] INFO: Crawled 261 pages (at 8 pages/min), scraped 255 items (at 8 items/min)
2018-01-18 17:55:31 [scrapy] INFO: Crawled 273 pages (at 12 pages/min), scraped 267 items (at 12 items/min)
2018-01-18 17:56:34 [scrapy] INFO: Crawled 281 pages (at 8 pages/min), scraped 275 items (at 8 items/min)
2018-01-18 17:57:34 [scrapy] INFO: Crawled 289 pages (at 8 pages/min), scraped 283 items (at 8 items/min)
2018-01-18 17:58:34 [scrapy] INFO: Crawled 295 pages (at 6 pages/min), scraped 289 items (at 6 items/min)
2018-01-18 17:59:42 [scrapy] INFO: Crawled 305 pages (at 10 pages/min), scraped 299 items (at 10 items/min)
2018-01-18 18:00:43 [scrapy] INFO: Crawled 313 pages (at 8 pages/min), scraped 307 items (at 8 items/min)
2018-01-18 18:01:40 [scrapy] INFO: Crawled 321 pages (at 8 pages/min), scraped 315 items (at 8 items/min)
2018-01-18 18:02:33 [scrapy] INFO: Crawled 329 pages (at 8 pages/min), scraped 323 items (at 8 items/min)
2018-01-18 18:03:33 [scrapy] INFO: Crawled 333 pages (at 4 pages/min), scraped 327 items (at 4 items/min)
2018-01-18 18:04:38 [scrapy] INFO: Crawled 345 pages (at 12 pages/min), scraped 339 items (at 12 items/min)
2018-01-18 18:05:33 [scrapy] INFO: Crawled 353 pages (at 8 pages/min), scraped 347 items (at 8 items/min)
2018-01-18 18:06:27 [scrapy] INFO: Crawled 365 pages (at 12 pages/min), scraped 359 items (at 12 items/min)
2018-01-18 18:07:38 [scrapy] INFO: Crawled 377 pages (at 12 pages/min), scraped 371 items (at 12 items/min)
2018-01-18 18:08:33 [scrapy] INFO: Crawled 387 pages (at 10 pages/min), scraped 381 items (at 10 items/min)
2018-01-18 18:09:29 [scrapy] INFO: Crawled 395 pages (at 8 pages/min), scraped 389 items (at 8 items/min)
2018-01-18 18:11:08 [scrapy] INFO: Crawled 403 pages (at 8 pages/min), scraped 397 items (at 8 items/min)
2018-01-18 18:11:40 [scrapy] INFO: Crawled 407 pages (at 4 pages/min), scraped 401 items (at 4 items/min)
2018-01-18 18:12:31 [scrapy] INFO: Crawled 415 pages (at 8 pages/min), scraped 409 items (at 8 items/min)
2018-01-18 18:13:48 [scrapy] INFO: Crawled 421 pages (at 6 pages/min), scraped 415 items (at 6 items/min)
2018-01-18 18:14:43 [scrapy] INFO: Crawled 429 pages (at 8 pages/min), scraped 423 items (at 8 items/min)
2018-01-18 18:16:08 [scrapy] INFO: Crawled 440 pages (at 11 pages/min), scraped 433 items (at 10 items/min)
2018-01-18 18:16:29 [scrapy] INFO: Crawled 443 pages (at 3 pages/min), scraped 437 items (at 4 items/min)
2018-01-18 18:17:49 [scrapy] INFO: Crawled 451 pages (at 8 pages/min), scraped 445 items (at 8 items/min)
2018-01-18 18:18:35 [scrapy] INFO: Crawled 455 pages (at 4 pages/min), scraped 449 items (at 4 items/min)
2018-01-18 18:19:34 [scrapy] INFO: Crawled 463 pages (at 8 pages/min), scraped 457 items (at 8 items/min)
2018-01-18 18:20:26 [scrapy] INFO: Crawled 469 pages (at 6 pages/min), scraped 463 items (at 6 items/min)
2018-01-18 18:21:34 [scrapy] INFO: Crawled 479 pages (at 10 pages/min), scraped 473 items (at 10 items/min)
2018-01-18 18:22:34 [scrapy] INFO: Crawled 487 pages (at 8 pages/min), scraped 481 items (at 8 items/min)
2018-01-18 18:23:30 [scrapy] INFO: Crawled 499 pages (at 12 pages/min), scraped 493 items (at 12 items/min)
2018-01-18 18:23:42 [scrapy] INFO: Closing spider (finished)
2018-01-18 18:23:42 [scrapy] INFO: Dumping Scrapy stats:
{'downloader/request_bytes': 423478,
 'downloader/request_count': 503,
 'downloader/request_method_count/GET': 503,
 'downloader/response_bytes': 37444695,
 'downloader/response_count': 503,
 'downloader/response_status_count/200': 501,
 'downloader/response_status_count/302': 2,
 'finish_reason': 'finished',
 'finish_time': datetime.datetime(2018, 1, 18, 10, 23, 42, 879000),
 'item_scraped_count': 497,
 'log_count/ERROR': 3,
 'log_count/INFO': 64,
 'response_received_count': 501,
 'scheduler/dequeued': 502,
 'scheduler/dequeued/memory': 502,
 'scheduler/enqueued': 502,
 'scheduler/enqueued/memory': 502,
 'spider_exceptions/IndexError': 2,
 'spider_exceptions/ValueError': 1,
 'start_time': datetime.datetime(2018, 1, 18, 9, 26, 25, 869000)}
2018-01-18 18:23:42 [scrapy] INFO: Spider closed (finished)
