2018-01-18 20:48:20 [scrapy] INFO: Scrapy 1.1.1 started (bot: kickstarter)
2018-01-18 20:48:20 [scrapy] INFO: Overridden settings: {'NEWSPIDER_MODULE': 'kickstarter.spiders', 'ROBOTSTXT_OBEY': True, 'LOG_LEVEL': 'INFO', 'SPIDER_MODULES': ['kickstarter.spiders'], 'BOT_NAME': 'kickstarter', 'LOG_STDOUT': True, 'LOG_FILE': 'log/KickSpider_182047.log'}
2018-01-18 20:48:20 [scrapy] INFO: Enabled extensions:
['scrapy.extensions.logstats.LogStats',
 'scrapy.extensions.telnet.TelnetConsole',
 'scrapy.extensions.corestats.CoreStats']
2018-01-18 20:48:21 [scrapy] INFO: Enabled downloader middlewares:
['scrapy.downloadermiddlewares.robotstxt.RobotsTxtMiddleware',
 'scrapy.downloadermiddlewares.httpauth.HttpAuthMiddleware',
 'scrapy.downloadermiddlewares.downloadtimeout.DownloadTimeoutMiddleware',
 'scrapy.downloadermiddlewares.useragent.UserAgentMiddleware',
 'scrapy.downloadermiddlewares.retry.RetryMiddleware',
 'scrapy.downloadermiddlewares.defaultheaders.DefaultHeadersMiddleware',
 'scrapy.downloadermiddlewares.redirect.MetaRefreshMiddleware',
 'scrapy.downloadermiddlewares.httpcompression.HttpCompressionMiddleware',
 'scrapy.downloadermiddlewares.redirect.RedirectMiddleware',
 'scrapy.downloadermiddlewares.cookies.CookiesMiddleware',
 'scrapy.downloadermiddlewares.chunked.ChunkedTransferMiddleware',
 'scrapy.downloadermiddlewares.stats.DownloaderStats']
2018-01-18 20:48:21 [scrapy] INFO: Enabled spider middlewares:
['scrapy.spidermiddlewares.httperror.HttpErrorMiddleware',
 'scrapy.spidermiddlewares.offsite.OffsiteMiddleware',
 'scrapy.spidermiddlewares.referer.RefererMiddleware',
 'scrapy.spidermiddlewares.urllength.UrlLengthMiddleware',
 'scrapy.spidermiddlewares.depth.DepthMiddleware']
2018-01-18 20:48:21 [scrapy] INFO: Enabled item pipelines:
['kickstarter.pipelines.MongodbPipeline']
2018-01-18 20:48:21 [scrapy] INFO: Spider opened
2018-01-18 20:48:21 [scrapy] INFO: Crawled 0 pages (at 0 pages/min), scraped 0 items (at 0 items/min)
2018-01-18 20:48:24 [scrapy] ERROR: Spider error processing <GET https://www.kickstarter.com/projects/jpoprevolution/j-pop-revolution/rewards> (referer: None)
Traceback (most recent call last):
  File "D:\ProgramData\Anaconda2\lib\site-packages\scrapy\utils\defer.py", line 102, in iter_errback
    yield next(it)
  File "D:\ProgramData\Anaconda2\lib\site-packages\scrapy\spidermiddlewares\offsite.py", line 29, in process_spider_output
    for x in result:
  File "D:\ProgramData\Anaconda2\lib\site-packages\scrapy\spidermiddlewares\referer.py", line 22, in <genexpr>
    return (_set_referer(r) for r in result or ())
  File "D:\ProgramData\Anaconda2\lib\site-packages\scrapy\spidermiddlewares\urllength.py", line 37, in <genexpr>
    return (r for r in result or () if _filter(r))
  File "D:\ProgramData\Anaconda2\lib\site-packages\scrapy\spidermiddlewares\depth.py", line 58, in <genexpr>
    return (r for r in result or () if _filter(r))
  File "d:\mypy\kickstarter\kickstarter\kickstarter\spiders\reward_spider.py", line 21, in parse
    cp = json.loads(current_project)
  File "D:\ProgramData\Anaconda2\lib\json\__init__.py", line 339, in loads
    return _default_decoder.decode(s)
  File "D:\ProgramData\Anaconda2\lib\json\decoder.py", line 364, in decode
    obj, end = self.raw_decode(s, idx=_w(s, 0).end())
  File "D:\ProgramData\Anaconda2\lib\json\decoder.py", line 380, in raw_decode
    obj, end = self.scan_once(s, idx)
ValueError: Expecting ',' delimiter: line 1 column 14407 (char 14406)
2018-01-18 20:49:30 [scrapy] INFO: Crawled 18 pages (at 18 pages/min), scraped 10 items (at 10 items/min)
2018-01-18 20:49:34 [scrapy] ERROR: Spider error processing <GET https://www.kickstarter.com/login?then=%2Fprojects%2FPaulHartner%2F1384087152%2Frewards> (referer: None)
Traceback (most recent call last):
  File "D:\ProgramData\Anaconda2\lib\site-packages\scrapy\utils\defer.py", line 102, in iter_errback
    yield next(it)
  File "D:\ProgramData\Anaconda2\lib\site-packages\scrapy\spidermiddlewares\offsite.py", line 29, in process_spider_output
    for x in result:
  File "D:\ProgramData\Anaconda2\lib\site-packages\scrapy\spidermiddlewares\referer.py", line 22, in <genexpr>
    return (_set_referer(r) for r in result or ())
  File "D:\ProgramData\Anaconda2\lib\site-packages\scrapy\spidermiddlewares\urllength.py", line 37, in <genexpr>
    return (r for r in result or () if _filter(r))
  File "D:\ProgramData\Anaconda2\lib\site-packages\scrapy\spidermiddlewares\depth.py", line 58, in <genexpr>
    return (r for r in result or () if _filter(r))
  File "d:\mypy\kickstarter\kickstarter\kickstarter\spiders\reward_spider.py", line 16, in parse
    current_project = response.css('script').re(r'window\.current_project.+?"(\{.+?\})";')[0]
IndexError: list index out of range
2018-01-18 20:49:34 [scrapy] ERROR: Spider error processing <GET https://www.kickstarter.com/login?then=%2Fprojects%2Fisyana%2F69489148%2Frewards> (referer: None)
Traceback (most recent call last):
  File "D:\ProgramData\Anaconda2\lib\site-packages\scrapy\utils\defer.py", line 102, in iter_errback
    yield next(it)
  File "D:\ProgramData\Anaconda2\lib\site-packages\scrapy\spidermiddlewares\offsite.py", line 29, in process_spider_output
    for x in result:
  File "D:\ProgramData\Anaconda2\lib\site-packages\scrapy\spidermiddlewares\referer.py", line 22, in <genexpr>
    return (_set_referer(r) for r in result or ())
  File "D:\ProgramData\Anaconda2\lib\site-packages\scrapy\spidermiddlewares\urllength.py", line 37, in <genexpr>
    return (r for r in result or () if _filter(r))
  File "D:\ProgramData\Anaconda2\lib\site-packages\scrapy\spidermiddlewares\depth.py", line 58, in <genexpr>
    return (r for r in result or () if _filter(r))
  File "d:\mypy\kickstarter\kickstarter\kickstarter\spiders\reward_spider.py", line 16, in parse
    current_project = response.css('script').re(r'window\.current_project.+?"(\{.+?\})";')[0]
IndexError: list index out of range
2018-01-18 20:50:21 [scrapy] INFO: Crawled 24 pages (at 6 pages/min), scraped 18 items (at 8 items/min)
2018-01-18 20:50:42 [scrapy] ERROR: Spider error processing <GET https://www.kickstarter.com/projects/snckpck/raddddd-a-poetry-short-story-illustration-book/rewards> (referer: None)
Traceback (most recent call last):
  File "D:\ProgramData\Anaconda2\lib\site-packages\scrapy\utils\defer.py", line 102, in iter_errback
    yield next(it)
  File "D:\ProgramData\Anaconda2\lib\site-packages\scrapy\spidermiddlewares\offsite.py", line 29, in process_spider_output
    for x in result:
  File "D:\ProgramData\Anaconda2\lib\site-packages\scrapy\spidermiddlewares\referer.py", line 22, in <genexpr>
    return (_set_referer(r) for r in result or ())
  File "D:\ProgramData\Anaconda2\lib\site-packages\scrapy\spidermiddlewares\urllength.py", line 37, in <genexpr>
    return (r for r in result or () if _filter(r))
  File "D:\ProgramData\Anaconda2\lib\site-packages\scrapy\spidermiddlewares\depth.py", line 58, in <genexpr>
    return (r for r in result or () if _filter(r))
  File "d:\mypy\kickstarter\kickstarter\kickstarter\spiders\reward_spider.py", line 21, in parse
    cp = json.loads(current_project)
  File "D:\ProgramData\Anaconda2\lib\json\__init__.py", line 339, in loads
    return _default_decoder.decode(s)
  File "D:\ProgramData\Anaconda2\lib\json\decoder.py", line 364, in decode
    obj, end = self.raw_decode(s, idx=_w(s, 0).end())
  File "D:\ProgramData\Anaconda2\lib\json\decoder.py", line 380, in raw_decode
    obj, end = self.scan_once(s, idx)
ValueError: Expecting ',' delimiter: line 1 column 6400 (char 6399)
2018-01-18 20:51:26 [scrapy] INFO: Crawled 32 pages (at 8 pages/min), scraped 25 items (at 7 items/min)
2018-01-18 20:52:21 [scrapy] INFO: Crawled 38 pages (at 6 pages/min), scraped 31 items (at 6 items/min)
2018-01-18 20:53:23 [scrapy] INFO: Crawled 46 pages (at 8 pages/min), scraped 39 items (at 8 items/min)
2018-01-18 20:54:31 [scrapy] INFO: Crawled 54 pages (at 8 pages/min), scraped 47 items (at 8 items/min)
2018-01-18 20:56:00 [scrapy] INFO: Crawled 66 pages (at 12 pages/min), scraped 59 items (at 12 items/min)
2018-01-18 20:56:28 [scrapy] INFO: Crawled 72 pages (at 6 pages/min), scraped 65 items (at 6 items/min)
2018-01-18 20:57:29 [scrapy] INFO: Crawled 78 pages (at 6 pages/min), scraped 71 items (at 6 items/min)
2018-01-18 20:58:38 [scrapy] INFO: Crawled 86 pages (at 8 pages/min), scraped 79 items (at 8 items/min)
2018-01-18 20:59:27 [scrapy] INFO: Crawled 94 pages (at 8 pages/min), scraped 87 items (at 8 items/min)
2018-01-18 21:00:31 [scrapy] INFO: Crawled 103 pages (at 9 pages/min), scraped 95 items (at 8 items/min)
2018-01-18 21:01:43 [scrapy] INFO: Crawled 104 pages (at 1 pages/min), scraped 97 items (at 2 items/min)
2018-01-18 21:02:34 [scrapy] INFO: Crawled 110 pages (at 6 pages/min), scraped 103 items (at 6 items/min)
2018-01-18 21:03:38 [scrapy] INFO: Crawled 120 pages (at 10 pages/min), scraped 113 items (at 10 items/min)
2018-01-18 21:04:30 [scrapy] INFO: Crawled 124 pages (at 4 pages/min), scraped 117 items (at 4 items/min)
2018-01-18 21:05:36 [scrapy] INFO: Crawled 135 pages (at 11 pages/min), scraped 127 items (at 10 items/min)
2018-01-18 21:06:25 [scrapy] INFO: Crawled 144 pages (at 9 pages/min), scraped 137 items (at 10 items/min)
2018-01-18 21:07:31 [scrapy] INFO: Crawled 154 pages (at 10 pages/min), scraped 147 items (at 10 items/min)
2018-01-18 21:08:37 [scrapy] INFO: Crawled 161 pages (at 7 pages/min), scraped 153 items (at 6 items/min)
2018-01-18 21:09:21 [scrapy] INFO: Crawled 166 pages (at 5 pages/min), scraped 159 items (at 6 items/min)
2018-01-18 21:10:54 [scrapy] INFO: Crawled 174 pages (at 8 pages/min), scraped 167 items (at 8 items/min)
2018-01-18 21:11:23 [scrapy] INFO: Crawled 178 pages (at 4 pages/min), scraped 171 items (at 4 items/min)
2018-01-18 21:12:25 [scrapy] INFO: Crawled 186 pages (at 8 pages/min), scraped 179 items (at 8 items/min)
2018-01-18 21:14:09 [scrapy] INFO: Crawled 196 pages (at 10 pages/min), scraped 189 items (at 10 items/min)
2018-01-18 21:14:39 [scrapy] INFO: Crawled 200 pages (at 4 pages/min), scraped 193 items (at 4 items/min)
2018-01-18 21:15:29 [scrapy] INFO: Crawled 206 pages (at 6 pages/min), scraped 199 items (at 6 items/min)
2018-01-18 21:16:27 [scrapy] INFO: Crawled 214 pages (at 8 pages/min), scraped 207 items (at 8 items/min)
2018-01-18 21:18:04 [scrapy] INFO: Crawled 218 pages (at 4 pages/min), scraped 211 items (at 4 items/min)
2018-01-18 21:18:38 [scrapy] INFO: Crawled 222 pages (at 4 pages/min), scraped 215 items (at 4 items/min)
2018-01-18 21:19:52 [scrapy] INFO: Crawled 228 pages (at 6 pages/min), scraped 221 items (at 6 items/min)
2018-01-18 21:20:26 [scrapy] INFO: Crawled 234 pages (at 6 pages/min), scraped 227 items (at 6 items/min)
2018-01-18 21:21:26 [scrapy] INFO: Crawled 244 pages (at 10 pages/min), scraped 237 items (at 10 items/min)
2018-01-18 21:22:24 [scrapy] INFO: Crawled 250 pages (at 6 pages/min), scraped 243 items (at 6 items/min)
2018-01-18 21:23:21 [scrapy] INFO: Crawled 259 pages (at 9 pages/min), scraped 251 items (at 8 items/min)
2018-01-18 21:24:53 [scrapy] INFO: Crawled 262 pages (at 3 pages/min), scraped 255 items (at 4 items/min)
2018-01-18 21:25:27 [scrapy] INFO: Crawled 268 pages (at 6 pages/min), scraped 261 items (at 6 items/min)
2018-01-18 21:26:24 [scrapy] INFO: Crawled 278 pages (at 10 pages/min), scraped 271 items (at 10 items/min)
2018-01-18 21:27:27 [scrapy] INFO: Crawled 290 pages (at 12 pages/min), scraped 283 items (at 12 items/min)
2018-01-18 21:28:36 [scrapy] INFO: Crawled 300 pages (at 10 pages/min), scraped 293 items (at 10 items/min)
2018-01-18 21:29:41 [scrapy] INFO: Crawled 308 pages (at 8 pages/min), scraped 301 items (at 8 items/min)
2018-01-18 21:30:32 [scrapy] INFO: Crawled 316 pages (at 8 pages/min), scraped 309 items (at 8 items/min)
2018-01-18 21:31:38 [scrapy] INFO: Crawled 324 pages (at 8 pages/min), scraped 317 items (at 8 items/min)
2018-01-18 21:32:42 [scrapy] INFO: Crawled 332 pages (at 8 pages/min), scraped 325 items (at 8 items/min)
2018-01-18 21:33:25 [scrapy] INFO: Crawled 336 pages (at 4 pages/min), scraped 329 items (at 4 items/min)
2018-01-18 21:34:28 [scrapy] INFO: Crawled 344 pages (at 8 pages/min), scraped 337 items (at 8 items/min)
2018-01-18 21:35:24 [scrapy] INFO: Crawled 350 pages (at 6 pages/min), scraped 343 items (at 6 items/min)
2018-01-18 21:36:31 [scrapy] INFO: Crawled 360 pages (at 10 pages/min), scraped 353 items (at 10 items/min)
2018-01-18 21:37:35 [scrapy] INFO: Crawled 370 pages (at 10 pages/min), scraped 363 items (at 10 items/min)
2018-01-18 21:38:22 [scrapy] INFO: Crawled 378 pages (at 8 pages/min), scraped 371 items (at 8 items/min)
2018-01-18 21:39:29 [scrapy] INFO: Crawled 384 pages (at 6 pages/min), scraped 377 items (at 6 items/min)
2018-01-18 21:41:03 [scrapy] INFO: Crawled 397 pages (at 13 pages/min), scraped 389 items (at 12 items/min)
2018-01-18 21:41:33 [scrapy] INFO: Crawled 398 pages (at 1 pages/min), scraped 391 items (at 2 items/min)
2018-01-18 21:43:07 [scrapy] INFO: Crawled 404 pages (at 6 pages/min), scraped 397 items (at 6 items/min)
2018-01-18 21:43:34 [scrapy] INFO: Crawled 408 pages (at 4 pages/min), scraped 401 items (at 4 items/min)
2018-01-18 21:44:34 [scrapy] INFO: Crawled 416 pages (at 8 pages/min), scraped 409 items (at 8 items/min)
2018-01-18 21:45:37 [scrapy] INFO: Crawled 426 pages (at 10 pages/min), scraped 419 items (at 10 items/min)
2018-01-18 21:46:38 [scrapy] INFO: Crawled 434 pages (at 8 pages/min), scraped 427 items (at 8 items/min)
2018-01-18 21:47:31 [scrapy] INFO: Crawled 440 pages (at 6 pages/min), scraped 433 items (at 6 items/min)
2018-01-18 21:48:24 [scrapy] INFO: Crawled 446 pages (at 6 pages/min), scraped 439 items (at 6 items/min)
2018-01-18 21:49:52 [scrapy] INFO: Crawled 452 pages (at 6 pages/min), scraped 445 items (at 6 items/min)
2018-01-18 21:50:27 [scrapy] INFO: Crawled 459 pages (at 7 pages/min), scraped 451 items (at 6 items/min)
2018-01-18 21:51:28 [scrapy] INFO: Crawled 464 pages (at 5 pages/min), scraped 457 items (at 6 items/min)
2018-01-18 21:52:22 [scrapy] INFO: Crawled 472 pages (at 8 pages/min), scraped 465 items (at 8 items/min)
2018-01-18 21:53:32 [scrapy] INFO: Crawled 484 pages (at 12 pages/min), scraped 477 items (at 12 items/min)
2018-01-18 21:54:28 [scrapy] INFO: Crawled 497 pages (at 13 pages/min), scraped 489 items (at 12 items/min)
2018-01-18 21:55:02 [scrapy] INFO: Closing spider (finished)
2018-01-18 21:55:02 [scrapy] INFO: Dumping Scrapy stats:
{'downloader/request_bytes': 423379,
 'downloader/request_count': 503,
 'downloader/request_method_count/GET': 503,
 'downloader/response_bytes': 37436943,
 'downloader/response_count': 503,
 'downloader/response_status_count/200': 501,
 'downloader/response_status_count/302': 2,
 'finish_reason': 'finished',
 'finish_time': datetime.datetime(2018, 1, 18, 13, 55, 2, 898000),
 'item_scraped_count': 496,
 'log_count/ERROR': 4,
 'log_count/INFO': 73,
 'response_received_count': 501,
 'scheduler/dequeued': 502,
 'scheduler/dequeued/memory': 502,
 'scheduler/enqueued': 502,
 'scheduler/enqueued/memory': 502,
 'spider_exceptions/IndexError': 2,
 'spider_exceptions/ValueError': 2,
 'start_time': datetime.datetime(2018, 1, 18, 12, 48, 21, 258000)}
2018-01-18 21:55:02 [scrapy] INFO: Spider closed (finished)
