2018-01-19 06:56:00 [scrapy] INFO: Scrapy 1.1.1 started (bot: kickstarter)
2018-01-19 06:56:00 [scrapy] INFO: Overridden settings: {'NEWSPIDER_MODULE': 'kickstarter.spiders', 'ROBOTSTXT_OBEY': True, 'LOG_LEVEL': 'INFO', 'SPIDER_MODULES': ['kickstarter.spiders'], 'BOT_NAME': 'kickstarter', 'LOG_STDOUT': True, 'LOG_FILE': 'log/KickSpider_190654.log'}
2018-01-19 06:56:00 [scrapy] INFO: Enabled extensions:
['scrapy.extensions.logstats.LogStats',
 'scrapy.extensions.telnet.TelnetConsole',
 'scrapy.extensions.corestats.CoreStats']
2018-01-19 06:56:01 [scrapy] INFO: Enabled downloader middlewares:
['scrapy.downloadermiddlewares.robotstxt.RobotsTxtMiddleware',
 'scrapy.downloadermiddlewares.httpauth.HttpAuthMiddleware',
 'scrapy.downloadermiddlewares.downloadtimeout.DownloadTimeoutMiddleware',
 'scrapy.downloadermiddlewares.useragent.UserAgentMiddleware',
 'scrapy.downloadermiddlewares.retry.RetryMiddleware',
 'scrapy.downloadermiddlewares.defaultheaders.DefaultHeadersMiddleware',
 'scrapy.downloadermiddlewares.redirect.MetaRefreshMiddleware',
 'scrapy.downloadermiddlewares.httpcompression.HttpCompressionMiddleware',
 'scrapy.downloadermiddlewares.redirect.RedirectMiddleware',
 'scrapy.downloadermiddlewares.cookies.CookiesMiddleware',
 'scrapy.downloadermiddlewares.chunked.ChunkedTransferMiddleware',
 'scrapy.downloadermiddlewares.stats.DownloaderStats']
2018-01-19 06:56:01 [scrapy] INFO: Enabled spider middlewares:
['scrapy.spidermiddlewares.httperror.HttpErrorMiddleware',
 'scrapy.spidermiddlewares.offsite.OffsiteMiddleware',
 'scrapy.spidermiddlewares.referer.RefererMiddleware',
 'scrapy.spidermiddlewares.urllength.UrlLengthMiddleware',
 'scrapy.spidermiddlewares.depth.DepthMiddleware']
2018-01-19 06:56:01 [scrapy] INFO: Enabled item pipelines:
['kickstarter.pipelines.MongodbPipeline']
2018-01-19 06:56:01 [scrapy] INFO: Spider opened
2018-01-19 06:56:01 [scrapy] INFO: Crawled 0 pages (at 0 pages/min), scraped 0 items (at 0 items/min)
2018-01-19 06:56:04 [scrapy] ERROR: Spider error processing <GET https://www.kickstarter.com/projects/jpoprevolution/j-pop-revolution/rewards> (referer: None)
Traceback (most recent call last):
  File "D:\ProgramData\Anaconda2\lib\site-packages\scrapy\utils\defer.py", line 102, in iter_errback
    yield next(it)
  File "D:\ProgramData\Anaconda2\lib\site-packages\scrapy\spidermiddlewares\offsite.py", line 29, in process_spider_output
    for x in result:
  File "D:\ProgramData\Anaconda2\lib\site-packages\scrapy\spidermiddlewares\referer.py", line 22, in <genexpr>
    return (_set_referer(r) for r in result or ())
  File "D:\ProgramData\Anaconda2\lib\site-packages\scrapy\spidermiddlewares\urllength.py", line 37, in <genexpr>
    return (r for r in result or () if _filter(r))
  File "D:\ProgramData\Anaconda2\lib\site-packages\scrapy\spidermiddlewares\depth.py", line 58, in <genexpr>
    return (r for r in result or () if _filter(r))
  File "d:\mypy\kickstarter\kickstarter\kickstarter\spiders\reward_spider.py", line 21, in parse
    cp = json.loads(current_project)
  File "D:\ProgramData\Anaconda2\lib\json\__init__.py", line 339, in loads
    return _default_decoder.decode(s)
  File "D:\ProgramData\Anaconda2\lib\json\decoder.py", line 364, in decode
    obj, end = self.raw_decode(s, idx=_w(s, 0).end())
  File "D:\ProgramData\Anaconda2\lib\json\decoder.py", line 380, in raw_decode
    obj, end = self.scan_once(s, idx)
ValueError: Expecting ',' delimiter: line 1 column 14407 (char 14406)
2018-01-19 06:56:04 [scrapy] ERROR: Spider error processing <GET https://www.kickstarter.com/projects/snckpck/raddddd-a-poetry-short-story-illustration-book/rewards> (referer: None)
Traceback (most recent call last):
  File "D:\ProgramData\Anaconda2\lib\site-packages\scrapy\utils\defer.py", line 102, in iter_errback
    yield next(it)
  File "D:\ProgramData\Anaconda2\lib\site-packages\scrapy\spidermiddlewares\offsite.py", line 29, in process_spider_output
    for x in result:
  File "D:\ProgramData\Anaconda2\lib\site-packages\scrapy\spidermiddlewares\referer.py", line 22, in <genexpr>
    return (_set_referer(r) for r in result or ())
  File "D:\ProgramData\Anaconda2\lib\site-packages\scrapy\spidermiddlewares\urllength.py", line 37, in <genexpr>
    return (r for r in result or () if _filter(r))
  File "D:\ProgramData\Anaconda2\lib\site-packages\scrapy\spidermiddlewares\depth.py", line 58, in <genexpr>
    return (r for r in result or () if _filter(r))
  File "d:\mypy\kickstarter\kickstarter\kickstarter\spiders\reward_spider.py", line 21, in parse
    cp = json.loads(current_project)
  File "D:\ProgramData\Anaconda2\lib\json\__init__.py", line 339, in loads
    return _default_decoder.decode(s)
  File "D:\ProgramData\Anaconda2\lib\json\decoder.py", line 364, in decode
    obj, end = self.raw_decode(s, idx=_w(s, 0).end())
  File "D:\ProgramData\Anaconda2\lib\json\decoder.py", line 380, in raw_decode
    obj, end = self.scan_once(s, idx)
ValueError: Expecting ',' delimiter: line 1 column 6400 (char 6399)
2018-01-19 06:59:40 [scrapy] INFO: Crawled 17 pages (at 17 pages/min), scraped 11 items (at 11 items/min)
2018-01-19 06:59:45 [scrapy] ERROR: Spider error processing <GET https://www.kickstarter.com/login?then=%2Fprojects%2Fisyana%2F69489148%2Frewards> (referer: None)
Traceback (most recent call last):
  File "D:\ProgramData\Anaconda2\lib\site-packages\scrapy\utils\defer.py", line 102, in iter_errback
    yield next(it)
  File "D:\ProgramData\Anaconda2\lib\site-packages\scrapy\spidermiddlewares\offsite.py", line 29, in process_spider_output
    for x in result:
  File "D:\ProgramData\Anaconda2\lib\site-packages\scrapy\spidermiddlewares\referer.py", line 22, in <genexpr>
    return (_set_referer(r) for r in result or ())
  File "D:\ProgramData\Anaconda2\lib\site-packages\scrapy\spidermiddlewares\urllength.py", line 37, in <genexpr>
    return (r for r in result or () if _filter(r))
  File "D:\ProgramData\Anaconda2\lib\site-packages\scrapy\spidermiddlewares\depth.py", line 58, in <genexpr>
    return (r for r in result or () if _filter(r))
  File "d:\mypy\kickstarter\kickstarter\kickstarter\spiders\reward_spider.py", line 16, in parse
    current_project = response.css('script').re(r'window\.current_project.+?"(\{.+?\})";')[0]
IndexError: list index out of range
2018-01-19 06:59:45 [scrapy] ERROR: Spider error processing <GET https://www.kickstarter.com/login?then=%2Fprojects%2FPaulHartner%2F1384087152%2Frewards> (referer: None)
Traceback (most recent call last):
  File "D:\ProgramData\Anaconda2\lib\site-packages\scrapy\utils\defer.py", line 102, in iter_errback
    yield next(it)
  File "D:\ProgramData\Anaconda2\lib\site-packages\scrapy\spidermiddlewares\offsite.py", line 29, in process_spider_output
    for x in result:
  File "D:\ProgramData\Anaconda2\lib\site-packages\scrapy\spidermiddlewares\referer.py", line 22, in <genexpr>
    return (_set_referer(r) for r in result or ())
  File "D:\ProgramData\Anaconda2\lib\site-packages\scrapy\spidermiddlewares\urllength.py", line 37, in <genexpr>
    return (r for r in result or () if _filter(r))
  File "D:\ProgramData\Anaconda2\lib\site-packages\scrapy\spidermiddlewares\depth.py", line 58, in <genexpr>
    return (r for r in result or () if _filter(r))
  File "d:\mypy\kickstarter\kickstarter\kickstarter\spiders\reward_spider.py", line 16, in parse
    current_project = response.css('script').re(r'window\.current_project.+?"(\{.+?\})";')[0]
IndexError: list index out of range
2018-01-19 07:00:08 [scrapy] INFO: Crawled 23 pages (at 6 pages/min), scraped 18 items (at 7 items/min)
2018-01-19 07:01:46 [scrapy] INFO: Crawled 41 pages (at 18 pages/min), scraped 34 items (at 16 items/min)
2018-01-19 07:02:26 [scrapy] INFO: Crawled 50 pages (at 9 pages/min), scraped 42 items (at 8 items/min)
2018-01-19 07:03:11 [scrapy] INFO: Crawled 57 pages (at 7 pages/min), scraped 50 items (at 8 items/min)
2018-01-19 07:04:14 [scrapy] INFO: Crawled 65 pages (at 8 pages/min), scraped 58 items (at 8 items/min)
2018-01-19 07:05:16 [scrapy] INFO: Crawled 74 pages (at 9 pages/min), scraped 66 items (at 8 items/min)
2018-01-19 07:06:10 [scrapy] INFO: Crawled 83 pages (at 9 pages/min), scraped 76 items (at 10 items/min)
2018-01-19 07:07:17 [scrapy] INFO: Crawled 95 pages (at 12 pages/min), scraped 88 items (at 12 items/min)
2018-01-19 07:08:03 [scrapy] INFO: Crawled 101 pages (at 6 pages/min), scraped 94 items (at 6 items/min)
2018-01-19 07:09:08 [scrapy] INFO: Crawled 111 pages (at 10 pages/min), scraped 104 items (at 10 items/min)
2018-01-19 07:10:01 [scrapy] INFO: Crawled 119 pages (at 8 pages/min), scraped 112 items (at 8 items/min)
2018-01-19 07:11:27 [scrapy] INFO: Crawled 129 pages (at 10 pages/min), scraped 122 items (at 10 items/min)
2018-01-19 07:12:09 [scrapy] INFO: Crawled 135 pages (at 6 pages/min), scraped 128 items (at 6 items/min)
2018-01-19 07:13:03 [scrapy] INFO: Crawled 145 pages (at 10 pages/min), scraped 138 items (at 10 items/min)
2018-01-19 07:14:09 [scrapy] INFO: Crawled 157 pages (at 12 pages/min), scraped 149 items (at 11 items/min)
2018-01-19 07:15:04 [scrapy] INFO: Crawled 170 pages (at 13 pages/min), scraped 162 items (at 13 items/min)
2018-01-19 07:16:04 [scrapy] INFO: Crawled 181 pages (at 11 pages/min), scraped 174 items (at 12 items/min)
2018-01-19 07:17:12 [scrapy] INFO: Crawled 189 pages (at 8 pages/min), scraped 182 items (at 8 items/min)
2018-01-19 07:18:11 [scrapy] INFO: Crawled 198 pages (at 9 pages/min), scraped 190 items (at 8 items/min)
2018-01-19 07:19:03 [scrapy] INFO: Crawled 207 pages (at 9 pages/min), scraped 200 items (at 10 items/min)
2018-01-19 07:20:05 [scrapy] INFO: Crawled 219 pages (at 12 pages/min), scraped 212 items (at 12 items/min)
2018-01-19 07:21:08 [scrapy] INFO: Crawled 229 pages (at 10 pages/min), scraped 222 items (at 10 items/min)
2018-01-19 07:22:11 [scrapy] INFO: Crawled 241 pages (at 12 pages/min), scraped 234 items (at 12 items/min)
2018-01-19 07:23:49 [scrapy] INFO: Crawled 251 pages (at 10 pages/min), scraped 244 items (at 10 items/min)
2018-01-19 07:24:11 [scrapy] INFO: Crawled 255 pages (at 4 pages/min), scraped 248 items (at 4 items/min)
2018-01-19 07:25:04 [scrapy] INFO: Crawled 265 pages (at 10 pages/min), scraped 258 items (at 10 items/min)
2018-01-19 07:26:03 [scrapy] INFO: Crawled 277 pages (at 12 pages/min), scraped 270 items (at 12 items/min)
2018-01-19 07:27:01 [scrapy] INFO: Crawled 289 pages (at 12 pages/min), scraped 282 items (at 12 items/min)
2018-01-19 07:28:13 [scrapy] INFO: Crawled 300 pages (at 11 pages/min), scraped 292 items (at 10 items/min)
2018-01-19 07:29:06 [scrapy] INFO: Crawled 307 pages (at 7 pages/min), scraped 300 items (at 8 items/min)
2018-01-19 07:30:16 [scrapy] INFO: Crawled 317 pages (at 10 pages/min), scraped 310 items (at 10 items/min)
2018-01-19 07:31:05 [scrapy] INFO: Crawled 327 pages (at 10 pages/min), scraped 320 items (at 10 items/min)
2018-01-19 07:32:08 [scrapy] INFO: Crawled 339 pages (at 12 pages/min), scraped 332 items (at 12 items/min)
2018-01-19 07:33:08 [scrapy] INFO: Crawled 347 pages (at 8 pages/min), scraped 340 items (at 8 items/min)
2018-01-19 07:34:09 [scrapy] INFO: Crawled 357 pages (at 10 pages/min), scraped 350 items (at 10 items/min)
2018-01-19 07:35:07 [scrapy] INFO: Crawled 363 pages (at 6 pages/min), scraped 356 items (at 6 items/min)
2018-01-19 07:36:01 [scrapy] INFO: Crawled 371 pages (at 8 pages/min), scraped 364 items (at 8 items/min)
2018-01-19 07:37:02 [scrapy] INFO: Crawled 382 pages (at 11 pages/min), scraped 374 items (at 10 items/min)
2018-01-19 07:38:07 [scrapy] INFO: Crawled 386 pages (at 4 pages/min), scraped 378 items (at 4 items/min)
2018-01-19 07:39:05 [scrapy] INFO: Crawled 397 pages (at 11 pages/min), scraped 390 items (at 12 items/min)
2018-01-19 07:40:02 [scrapy] INFO: Crawled 409 pages (at 12 pages/min), scraped 402 items (at 12 items/min)
2018-01-19 07:41:03 [scrapy] INFO: Crawled 419 pages (at 10 pages/min), scraped 412 items (at 10 items/min)
2018-01-19 07:42:17 [scrapy] INFO: Crawled 425 pages (at 6 pages/min), scraped 418 items (at 6 items/min)
2018-01-19 07:43:02 [scrapy] INFO: Crawled 433 pages (at 8 pages/min), scraped 426 items (at 8 items/min)
2018-01-19 07:44:04 [scrapy] INFO: Crawled 445 pages (at 12 pages/min), scraped 438 items (at 12 items/min)
2018-01-19 07:45:06 [scrapy] INFO: Crawled 459 pages (at 14 pages/min), scraped 452 items (at 14 items/min)
2018-01-19 07:46:04 [scrapy] INFO: Crawled 473 pages (at 14 pages/min), scraped 466 items (at 14 items/min)
2018-01-19 07:47:03 [scrapy] INFO: Crawled 485 pages (at 12 pages/min), scraped 478 items (at 12 items/min)
2018-01-19 07:48:08 [scrapy] INFO: Crawled 495 pages (at 10 pages/min), scraped 488 items (at 10 items/min)
2018-01-19 07:49:13 [scrapy] INFO: Crawled 501 pages (at 6 pages/min), scraped 496 items (at 8 items/min)
2018-01-19 07:49:13 [scrapy] INFO: Closing spider (finished)
2018-01-19 07:49:13 [scrapy] INFO: Dumping Scrapy stats:
{'downloader/exception_count': 6,
 'downloader/exception_type_count/twisted.internet.error.TimeoutError': 6,
 'downloader/request_bytes': 426439,
 'downloader/request_count': 509,
 'downloader/request_method_count/GET': 509,
 'downloader/response_bytes': 37388433,
 'downloader/response_count': 503,
 'downloader/response_status_count/200': 501,
 'downloader/response_status_count/302': 2,
 'finish_reason': 'finished',
 'finish_time': datetime.datetime(2018, 1, 18, 23, 49, 13, 341000),
 'item_scraped_count': 496,
 'log_count/ERROR': 4,
 'log_count/INFO': 58,
 'response_received_count': 501,
 'scheduler/dequeued': 508,
 'scheduler/dequeued/memory': 508,
 'scheduler/enqueued': 508,
 'scheduler/enqueued/memory': 508,
 'spider_exceptions/IndexError': 2,
 'spider_exceptions/ValueError': 2,
 'start_time': datetime.datetime(2018, 1, 18, 22, 56, 1, 211000)}
2018-01-19 07:49:13 [scrapy] INFO: Spider closed (finished)
