2018-01-19 02:20:40 [scrapy] INFO: Scrapy 1.1.1 started (bot: kickstarter)
2018-01-19 02:20:40 [scrapy] INFO: Overridden settings: {'NEWSPIDER_MODULE': 'kickstarter.spiders', 'ROBOTSTXT_OBEY': True, 'LOG_LEVEL': 'INFO', 'SPIDER_MODULES': ['kickstarter.spiders'], 'BOT_NAME': 'kickstarter', 'LOG_STDOUT': True, 'LOG_FILE': 'log/KickSpider_190219.log'}
2018-01-19 02:20:40 [scrapy] INFO: Enabled extensions:
['scrapy.extensions.logstats.LogStats',
 'scrapy.extensions.telnet.TelnetConsole',
 'scrapy.extensions.corestats.CoreStats']
2018-01-19 02:20:41 [scrapy] INFO: Enabled downloader middlewares:
['scrapy.downloadermiddlewares.robotstxt.RobotsTxtMiddleware',
 'scrapy.downloadermiddlewares.httpauth.HttpAuthMiddleware',
 'scrapy.downloadermiddlewares.downloadtimeout.DownloadTimeoutMiddleware',
 'scrapy.downloadermiddlewares.useragent.UserAgentMiddleware',
 'scrapy.downloadermiddlewares.retry.RetryMiddleware',
 'scrapy.downloadermiddlewares.defaultheaders.DefaultHeadersMiddleware',
 'scrapy.downloadermiddlewares.redirect.MetaRefreshMiddleware',
 'scrapy.downloadermiddlewares.httpcompression.HttpCompressionMiddleware',
 'scrapy.downloadermiddlewares.redirect.RedirectMiddleware',
 'scrapy.downloadermiddlewares.cookies.CookiesMiddleware',
 'scrapy.downloadermiddlewares.chunked.ChunkedTransferMiddleware',
 'scrapy.downloadermiddlewares.stats.DownloaderStats']
2018-01-19 02:20:41 [scrapy] INFO: Enabled spider middlewares:
['scrapy.spidermiddlewares.httperror.HttpErrorMiddleware',
 'scrapy.spidermiddlewares.offsite.OffsiteMiddleware',
 'scrapy.spidermiddlewares.referer.RefererMiddleware',
 'scrapy.spidermiddlewares.urllength.UrlLengthMiddleware',
 'scrapy.spidermiddlewares.depth.DepthMiddleware']
2018-01-19 02:20:41 [scrapy] INFO: Enabled item pipelines:
['kickstarter.pipelines.MongodbPipeline']
2018-01-19 02:20:41 [scrapy] INFO: Spider opened
2018-01-19 02:20:41 [scrapy] INFO: Crawled 0 pages (at 0 pages/min), scraped 0 items (at 0 items/min)
2018-01-19 02:20:44 [scrapy] ERROR: Spider error processing <GET https://www.kickstarter.com/projects/jpoprevolution/j-pop-revolution/rewards> (referer: None)
Traceback (most recent call last):
  File "D:\ProgramData\Anaconda2\lib\site-packages\scrapy\utils\defer.py", line 102, in iter_errback
    yield next(it)
  File "D:\ProgramData\Anaconda2\lib\site-packages\scrapy\spidermiddlewares\offsite.py", line 29, in process_spider_output
    for x in result:
  File "D:\ProgramData\Anaconda2\lib\site-packages\scrapy\spidermiddlewares\referer.py", line 22, in <genexpr>
    return (_set_referer(r) for r in result or ())
  File "D:\ProgramData\Anaconda2\lib\site-packages\scrapy\spidermiddlewares\urllength.py", line 37, in <genexpr>
    return (r for r in result or () if _filter(r))
  File "D:\ProgramData\Anaconda2\lib\site-packages\scrapy\spidermiddlewares\depth.py", line 58, in <genexpr>
    return (r for r in result or () if _filter(r))
  File "d:\mypy\kickstarter\kickstarter\kickstarter\spiders\reward_spider.py", line 21, in parse
    cp = json.loads(current_project)
  File "D:\ProgramData\Anaconda2\lib\json\__init__.py", line 339, in loads
    return _default_decoder.decode(s)
  File "D:\ProgramData\Anaconda2\lib\json\decoder.py", line 364, in decode
    obj, end = self.raw_decode(s, idx=_w(s, 0).end())
  File "D:\ProgramData\Anaconda2\lib\json\decoder.py", line 380, in raw_decode
    obj, end = self.scan_once(s, idx)
ValueError: Expecting ',' delimiter: line 1 column 14407 (char 14406)
2018-01-19 02:20:44 [scrapy] ERROR: Spider error processing <GET https://www.kickstarter.com/projects/snckpck/raddddd-a-poetry-short-story-illustration-book/rewards> (referer: None)
Traceback (most recent call last):
  File "D:\ProgramData\Anaconda2\lib\site-packages\scrapy\utils\defer.py", line 102, in iter_errback
    yield next(it)
  File "D:\ProgramData\Anaconda2\lib\site-packages\scrapy\spidermiddlewares\offsite.py", line 29, in process_spider_output
    for x in result:
  File "D:\ProgramData\Anaconda2\lib\site-packages\scrapy\spidermiddlewares\referer.py", line 22, in <genexpr>
    return (_set_referer(r) for r in result or ())
  File "D:\ProgramData\Anaconda2\lib\site-packages\scrapy\spidermiddlewares\urllength.py", line 37, in <genexpr>
    return (r for r in result or () if _filter(r))
  File "D:\ProgramData\Anaconda2\lib\site-packages\scrapy\spidermiddlewares\depth.py", line 58, in <genexpr>
    return (r for r in result or () if _filter(r))
  File "d:\mypy\kickstarter\kickstarter\kickstarter\spiders\reward_spider.py", line 21, in parse
    cp = json.loads(current_project)
  File "D:\ProgramData\Anaconda2\lib\json\__init__.py", line 339, in loads
    return _default_decoder.decode(s)
  File "D:\ProgramData\Anaconda2\lib\json\decoder.py", line 364, in decode
    obj, end = self.raw_decode(s, idx=_w(s, 0).end())
  File "D:\ProgramData\Anaconda2\lib\json\decoder.py", line 380, in raw_decode
    obj, end = self.scan_once(s, idx)
ValueError: Expecting ',' delimiter: line 1 column 6400 (char 6399)
2018-01-19 02:21:54 [scrapy] INFO: Crawled 18 pages (at 18 pages/min), scraped 10 items (at 10 items/min)
2018-01-19 02:21:54 [scrapy] ERROR: Spider error processing <GET https://www.kickstarter.com/login?then=%2Fprojects%2Fisyana%2F69489148%2Frewards> (referer: None)
Traceback (most recent call last):
  File "D:\ProgramData\Anaconda2\lib\site-packages\scrapy\utils\defer.py", line 102, in iter_errback
    yield next(it)
  File "D:\ProgramData\Anaconda2\lib\site-packages\scrapy\spidermiddlewares\offsite.py", line 29, in process_spider_output
    for x in result:
  File "D:\ProgramData\Anaconda2\lib\site-packages\scrapy\spidermiddlewares\referer.py", line 22, in <genexpr>
    return (_set_referer(r) for r in result or ())
  File "D:\ProgramData\Anaconda2\lib\site-packages\scrapy\spidermiddlewares\urllength.py", line 37, in <genexpr>
    return (r for r in result or () if _filter(r))
  File "D:\ProgramData\Anaconda2\lib\site-packages\scrapy\spidermiddlewares\depth.py", line 58, in <genexpr>
    return (r for r in result or () if _filter(r))
  File "d:\mypy\kickstarter\kickstarter\kickstarter\spiders\reward_spider.py", line 16, in parse
    current_project = response.css('script').re(r'window\.current_project.+?"(\{.+?\})";')[0]
IndexError: list index out of range
2018-01-19 02:21:54 [scrapy] ERROR: Spider error processing <GET https://www.kickstarter.com/login?then=%2Fprojects%2FPaulHartner%2F1384087152%2Frewards> (referer: None)
Traceback (most recent call last):
  File "D:\ProgramData\Anaconda2\lib\site-packages\scrapy\utils\defer.py", line 102, in iter_errback
    yield next(it)
  File "D:\ProgramData\Anaconda2\lib\site-packages\scrapy\spidermiddlewares\offsite.py", line 29, in process_spider_output
    for x in result:
  File "D:\ProgramData\Anaconda2\lib\site-packages\scrapy\spidermiddlewares\referer.py", line 22, in <genexpr>
    return (_set_referer(r) for r in result or ())
  File "D:\ProgramData\Anaconda2\lib\site-packages\scrapy\spidermiddlewares\urllength.py", line 37, in <genexpr>
    return (r for r in result or () if _filter(r))
  File "D:\ProgramData\Anaconda2\lib\site-packages\scrapy\spidermiddlewares\depth.py", line 58, in <genexpr>
    return (r for r in result or () if _filter(r))
  File "d:\mypy\kickstarter\kickstarter\kickstarter\spiders\reward_spider.py", line 16, in parse
    current_project = response.css('script').re(r'window\.current_project.+?"(\{.+?\})";')[0]
IndexError: list index out of range
2018-01-19 02:22:45 [scrapy] INFO: Crawled 25 pages (at 7 pages/min), scraped 18 items (at 8 items/min)
2018-01-19 02:23:47 [scrapy] INFO: Crawled 35 pages (at 10 pages/min), scraped 28 items (at 10 items/min)
2018-01-19 02:24:48 [scrapy] INFO: Crawled 42 pages (at 7 pages/min), scraped 34 items (at 6 items/min)
2018-01-19 02:25:43 [scrapy] INFO: Crawled 49 pages (at 7 pages/min), scraped 42 items (at 8 items/min)
2018-01-19 02:26:42 [scrapy] INFO: Crawled 59 pages (at 10 pages/min), scraped 52 items (at 10 items/min)
2018-01-19 02:27:47 [scrapy] INFO: Crawled 67 pages (at 8 pages/min), scraped 60 items (at 8 items/min)
2018-01-19 02:28:52 [scrapy] INFO: Crawled 77 pages (at 10 pages/min), scraped 70 items (at 10 items/min)
2018-01-19 02:29:42 [scrapy] INFO: Crawled 83 pages (at 6 pages/min), scraped 76 items (at 6 items/min)
2018-01-19 02:30:48 [scrapy] INFO: Crawled 96 pages (at 13 pages/min), scraped 88 items (at 12 items/min)
2018-01-19 02:31:45 [scrapy] INFO: Crawled 107 pages (at 11 pages/min), scraped 100 items (at 12 items/min)
2018-01-19 02:32:42 [scrapy] INFO: Crawled 117 pages (at 10 pages/min), scraped 109 items (at 9 items/min)
2018-01-19 02:34:40 [scrapy] INFO: Crawled 119 pages (at 2 pages/min), scraped 112 items (at 3 items/min)
2018-01-19 02:34:51 [scrapy] INFO: Crawled 121 pages (at 2 pages/min), scraped 114 items (at 2 items/min)
2018-01-19 02:35:43 [scrapy] INFO: Crawled 131 pages (at 10 pages/min), scraped 124 items (at 10 items/min)
2018-01-19 02:36:47 [scrapy] INFO: Crawled 143 pages (at 12 pages/min), scraped 136 items (at 12 items/min)
2018-01-19 02:37:44 [scrapy] INFO: Crawled 157 pages (at 14 pages/min), scraped 150 items (at 14 items/min)
2018-01-19 02:38:44 [scrapy] INFO: Crawled 169 pages (at 12 pages/min), scraped 162 items (at 12 items/min)
2018-01-19 02:39:41 [scrapy] INFO: Crawled 181 pages (at 12 pages/min), scraped 174 items (at 12 items/min)
2018-01-19 02:40:41 [scrapy] INFO: Crawled 187 pages (at 6 pages/min), scraped 180 items (at 6 items/min)
2018-01-19 02:41:42 [scrapy] INFO: Crawled 195 pages (at 8 pages/min), scraped 188 items (at 8 items/min)
2018-01-19 02:42:44 [scrapy] INFO: Crawled 209 pages (at 14 pages/min), scraped 202 items (at 14 items/min)
2018-01-19 02:43:44 [scrapy] INFO: Crawled 223 pages (at 14 pages/min), scraped 216 items (at 14 items/min)
2018-01-19 02:44:56 [scrapy] INFO: Crawled 231 pages (at 8 pages/min), scraped 224 items (at 8 items/min)
2018-01-19 02:45:44 [scrapy] INFO: Crawled 237 pages (at 6 pages/min), scraped 230 items (at 6 items/min)
2018-01-19 02:46:50 [scrapy] INFO: Crawled 247 pages (at 10 pages/min), scraped 240 items (at 10 items/min)
2018-01-19 02:47:50 [scrapy] INFO: Crawled 255 pages (at 8 pages/min), scraped 248 items (at 8 items/min)
2018-01-19 02:48:42 [scrapy] INFO: Crawled 261 pages (at 6 pages/min), scraped 254 items (at 6 items/min)
2018-01-19 02:49:48 [scrapy] INFO: Crawled 265 pages (at 4 pages/min), scraped 258 items (at 4 items/min)
2018-01-19 02:50:44 [scrapy] INFO: Crawled 275 pages (at 10 pages/min), scraped 268 items (at 10 items/min)
2018-01-19 02:51:51 [scrapy] INFO: Crawled 283 pages (at 8 pages/min), scraped 276 items (at 8 items/min)
2018-01-19 02:53:02 [scrapy] INFO: Crawled 291 pages (at 8 pages/min), scraped 284 items (at 8 items/min)
2018-01-19 02:53:42 [scrapy] INFO: Crawled 299 pages (at 8 pages/min), scraped 292 items (at 8 items/min)
2018-01-19 02:55:14 [scrapy] INFO: Crawled 305 pages (at 6 pages/min), scraped 298 items (at 6 items/min)
2018-01-19 02:55:49 [scrapy] INFO: Crawled 309 pages (at 4 pages/min), scraped 302 items (at 4 items/min)
2018-01-19 02:56:45 [scrapy] INFO: Crawled 317 pages (at 8 pages/min), scraped 309 items (at 7 items/min)
2018-01-19 02:57:51 [scrapy] INFO: Crawled 325 pages (at 8 pages/min), scraped 318 items (at 9 items/min)
2018-01-19 02:59:03 [scrapy] INFO: Crawled 331 pages (at 6 pages/min), scraped 324 items (at 6 items/min)
2018-01-19 03:00:02 [scrapy] INFO: Crawled 337 pages (at 6 pages/min), scraped 330 items (at 6 items/min)
2018-01-19 03:00:52 [scrapy] INFO: Crawled 345 pages (at 8 pages/min), scraped 338 items (at 8 items/min)
2018-01-19 03:01:49 [scrapy] INFO: Crawled 355 pages (at 10 pages/min), scraped 348 items (at 10 items/min)
2018-01-19 03:02:41 [scrapy] INFO: Crawled 364 pages (at 9 pages/min), scraped 356 items (at 8 items/min)
2018-01-19 03:03:48 [scrapy] INFO: Crawled 369 pages (at 5 pages/min), scraped 362 items (at 6 items/min)
2018-01-19 03:04:41 [scrapy] INFO: Crawled 379 pages (at 10 pages/min), scraped 372 items (at 10 items/min)
2018-01-19 03:05:46 [scrapy] INFO: Crawled 387 pages (at 8 pages/min), scraped 380 items (at 8 items/min)
2018-01-19 03:06:46 [scrapy] INFO: Crawled 399 pages (at 12 pages/min), scraped 392 items (at 12 items/min)
2018-01-19 03:07:44 [scrapy] INFO: Crawled 409 pages (at 10 pages/min), scraped 402 items (at 10 items/min)
2018-01-19 03:08:42 [scrapy] INFO: Crawled 419 pages (at 10 pages/min), scraped 412 items (at 10 items/min)
2018-01-19 03:16:04 [scrapy] INFO: Crawled 427 pages (at 8 pages/min), scraped 420 items (at 8 items/min)
2018-01-19 03:17:27 [scrapy] INFO: Crawled 448 pages (at 21 pages/min), scraped 434 items (at 14 items/min)
2018-01-19 03:19:10 [scrapy] INFO: Crawled 449 pages (at 1 pages/min), scraped 442 items (at 8 items/min)
2018-01-19 03:20:47 [scrapy] INFO: Crawled 457 pages (at 8 pages/min), scraped 451 items (at 9 items/min)
2018-01-19 03:21:49 [scrapy] INFO: Crawled 470 pages (at 13 pages/min), scraped 462 items (at 11 items/min)
2018-01-19 03:22:52 [scrapy] INFO: Crawled 482 pages (at 12 pages/min), scraped 475 items (at 13 items/min)
2018-01-19 03:24:15 [scrapy] INFO: Crawled 487 pages (at 5 pages/min), scraped 480 items (at 5 items/min)
2018-01-19 03:24:49 [scrapy] INFO: Crawled 491 pages (at 4 pages/min), scraped 484 items (at 4 items/min)
2018-01-19 03:25:43 [scrapy] INFO: Crawled 499 pages (at 8 pages/min), scraped 492 items (at 8 items/min)
2018-01-19 03:26:10 [scrapy] INFO: Closing spider (finished)
2018-01-19 03:26:10 [scrapy] INFO: Dumping Scrapy stats:
{'downloader/exception_count': 2,
 'downloader/exception_type_count/twisted.internet.error.TimeoutError': 2,
 'downloader/request_bytes': 425692,
 'downloader/request_count': 506,
 'downloader/request_method_count/GET': 506,
 'downloader/response_bytes': 37605564,
 'downloader/response_count': 504,
 'downloader/response_status_count/200': 501,
 'downloader/response_status_count/302': 3,
 'finish_reason': 'finished',
 'finish_time': datetime.datetime(2018, 1, 18, 19, 26, 10, 791000),
 'item_scraped_count': 496,
 'log_count/ERROR': 4,
 'log_count/INFO': 64,
 'response_received_count': 501,
 'scheduler/dequeued': 505,
 'scheduler/dequeued/memory': 505,
 'scheduler/enqueued': 505,
 'scheduler/enqueued/memory': 505,
 'spider_exceptions/IndexError': 2,
 'spider_exceptions/ValueError': 2,
 'start_time': datetime.datetime(2018, 1, 18, 18, 20, 41, 352000)}
2018-01-19 03:26:10 [scrapy] INFO: Spider closed (finished)
