2018-01-18 15:15:28 [scrapy] INFO: Scrapy 1.1.1 started (bot: kickstarter)
2018-01-18 15:15:28 [scrapy] INFO: Overridden settings: {'NEWSPIDER_MODULE': 'kickstarter.spiders', 'ROBOTSTXT_OBEY': True, 'LOG_LEVEL': 'INFO', 'SPIDER_MODULES': ['kickstarter.spiders'], 'BOT_NAME': 'kickstarter', 'LOG_STDOUT': True, 'LOG_FILE': 'log/KickSpider_181513.log'}
2018-01-18 15:15:28 [scrapy] INFO: Enabled extensions:
['scrapy.extensions.logstats.LogStats',
 'scrapy.extensions.telnet.TelnetConsole',
 'scrapy.extensions.corestats.CoreStats']
2018-01-18 15:15:29 [scrapy] INFO: Enabled downloader middlewares:
['scrapy.downloadermiddlewares.robotstxt.RobotsTxtMiddleware',
 'scrapy.downloadermiddlewares.httpauth.HttpAuthMiddleware',
 'scrapy.downloadermiddlewares.downloadtimeout.DownloadTimeoutMiddleware',
 'scrapy.downloadermiddlewares.useragent.UserAgentMiddleware',
 'scrapy.downloadermiddlewares.retry.RetryMiddleware',
 'scrapy.downloadermiddlewares.defaultheaders.DefaultHeadersMiddleware',
 'scrapy.downloadermiddlewares.redirect.MetaRefreshMiddleware',
 'scrapy.downloadermiddlewares.httpcompression.HttpCompressionMiddleware',
 'scrapy.downloadermiddlewares.redirect.RedirectMiddleware',
 'scrapy.downloadermiddlewares.cookies.CookiesMiddleware',
 'scrapy.downloadermiddlewares.chunked.ChunkedTransferMiddleware',
 'scrapy.downloadermiddlewares.stats.DownloaderStats']
2018-01-18 15:15:29 [scrapy] INFO: Enabled spider middlewares:
['scrapy.spidermiddlewares.httperror.HttpErrorMiddleware',
 'scrapy.spidermiddlewares.offsite.OffsiteMiddleware',
 'scrapy.spidermiddlewares.referer.RefererMiddleware',
 'scrapy.spidermiddlewares.urllength.UrlLengthMiddleware',
 'scrapy.spidermiddlewares.depth.DepthMiddleware']
2018-01-18 15:15:29 [scrapy] INFO: Enabled item pipelines:
['kickstarter.pipelines.MongodbPipeline']
2018-01-18 15:15:29 [scrapy] INFO: Spider opened
2018-01-18 15:15:29 [scrapy] INFO: Crawled 0 pages (at 0 pages/min), scraped 0 items (at 0 items/min)
2018-01-18 15:15:32 [scrapy] ERROR: Spider error processing <GET https://www.kickstarter.com/projects/jpoprevolution/j-pop-revolution/rewards> (referer: None)
Traceback (most recent call last):
  File "D:\ProgramData\Anaconda2\lib\site-packages\scrapy\utils\defer.py", line 102, in iter_errback
    yield next(it)
  File "D:\ProgramData\Anaconda2\lib\site-packages\scrapy\spidermiddlewares\offsite.py", line 29, in process_spider_output
    for x in result:
  File "D:\ProgramData\Anaconda2\lib\site-packages\scrapy\spidermiddlewares\referer.py", line 22, in <genexpr>
    return (_set_referer(r) for r in result or ())
  File "D:\ProgramData\Anaconda2\lib\site-packages\scrapy\spidermiddlewares\urllength.py", line 37, in <genexpr>
    return (r for r in result or () if _filter(r))
  File "D:\ProgramData\Anaconda2\lib\site-packages\scrapy\spidermiddlewares\depth.py", line 58, in <genexpr>
    return (r for r in result or () if _filter(r))
  File "d:\mypy\kickstarter\kickstarter\kickstarter\spiders\reward_spider.py", line 21, in parse
    cp = json.loads(current_project)
  File "D:\ProgramData\Anaconda2\lib\json\__init__.py", line 339, in loads
    return _default_decoder.decode(s)
  File "D:\ProgramData\Anaconda2\lib\json\decoder.py", line 364, in decode
    obj, end = self.raw_decode(s, idx=_w(s, 0).end())
  File "D:\ProgramData\Anaconda2\lib\json\decoder.py", line 380, in raw_decode
    obj, end = self.scan_once(s, idx)
ValueError: Expecting ',' delimiter: line 1 column 14407 (char 14406)
2018-01-18 15:16:42 [scrapy] INFO: Crawled 17 pages (at 17 pages/min), scraped 13 items (at 13 items/min)
2018-01-18 15:17:32 [scrapy] INFO: Crawled 25 pages (at 8 pages/min), scraped 21 items (at 8 items/min)
2018-01-18 15:18:37 [scrapy] INFO: Crawled 35 pages (at 10 pages/min), scraped 31 items (at 10 items/min)
2018-01-18 15:19:54 [scrapy] INFO: Crawled 43 pages (at 8 pages/min), scraped 39 items (at 8 items/min)
2018-01-18 15:21:06 [scrapy] INFO: Crawled 49 pages (at 6 pages/min), scraped 45 items (at 6 items/min)
2018-01-18 15:21:39 [scrapy] INFO: Crawled 51 pages (at 2 pages/min), scraped 47 items (at 2 items/min)
2018-01-18 15:22:48 [scrapy] INFO: Crawled 61 pages (at 10 pages/min), scraped 57 items (at 10 items/min)
2018-01-18 15:23:30 [scrapy] INFO: Crawled 69 pages (at 8 pages/min), scraped 65 items (at 8 items/min)
2018-01-18 15:24:35 [scrapy] INFO: Crawled 81 pages (at 12 pages/min), scraped 77 items (at 12 items/min)
2018-01-18 15:25:38 [scrapy] INFO: Crawled 89 pages (at 8 pages/min), scraped 85 items (at 8 items/min)
2018-01-18 15:26:35 [scrapy] INFO: Crawled 99 pages (at 10 pages/min), scraped 95 items (at 10 items/min)
2018-01-18 15:27:35 [scrapy] INFO: Crawled 109 pages (at 10 pages/min), scraped 105 items (at 10 items/min)
2018-01-18 15:29:02 [scrapy] INFO: Crawled 119 pages (at 10 pages/min), scraped 115 items (at 10 items/min)
2018-01-18 15:29:31 [scrapy] INFO: Crawled 124 pages (at 5 pages/min), scraped 119 items (at 4 items/min)
2018-01-18 15:30:42 [scrapy] INFO: Crawled 133 pages (at 9 pages/min), scraped 129 items (at 10 items/min)
2018-01-18 15:31:34 [scrapy] INFO: Crawled 143 pages (at 10 pages/min), scraped 139 items (at 10 items/min)
2018-01-18 15:33:13 [scrapy] INFO: Crawled 155 pages (at 12 pages/min), scraped 151 items (at 12 items/min)
2018-01-18 15:33:45 [scrapy] INFO: Crawled 157 pages (at 2 pages/min), scraped 153 items (at 2 items/min)
2018-01-18 15:34:53 [scrapy] INFO: Crawled 161 pages (at 4 pages/min), scraped 157 items (at 4 items/min)
2018-01-18 15:35:40 [scrapy] INFO: Crawled 167 pages (at 6 pages/min), scraped 163 items (at 6 items/min)
2018-01-18 15:36:30 [scrapy] INFO: Crawled 171 pages (at 4 pages/min), scraped 167 items (at 4 items/min)
2018-01-18 15:37:34 [scrapy] INFO: Crawled 181 pages (at 10 pages/min), scraped 177 items (at 10 items/min)
2018-01-18 15:38:33 [scrapy] INFO: Crawled 193 pages (at 12 pages/min), scraped 189 items (at 12 items/min)
2018-01-18 15:39:52 [scrapy] INFO: Crawled 203 pages (at 10 pages/min), scraped 199 items (at 10 items/min)
2018-01-18 15:40:31 [scrapy] INFO: Crawled 209 pages (at 6 pages/min), scraped 205 items (at 6 items/min)
2018-01-18 15:41:40 [scrapy] INFO: Crawled 217 pages (at 8 pages/min), scraped 213 items (at 8 items/min)
2018-01-18 15:42:37 [scrapy] INFO: Crawled 225 pages (at 8 pages/min), scraped 221 items (at 8 items/min)
2018-01-18 15:43:39 [scrapy] INFO: Crawled 237 pages (at 12 pages/min), scraped 233 items (at 12 items/min)
2018-01-18 15:45:23 [scrapy] INFO: Crawled 241 pages (at 4 pages/min), scraped 237 items (at 4 items/min)
2018-01-18 15:45:29 [scrapy] INFO: Crawled 243 pages (at 2 pages/min), scraped 239 items (at 2 items/min)
2018-01-18 15:46:34 [scrapy] INFO: Crawled 255 pages (at 12 pages/min), scraped 251 items (at 12 items/min)
2018-01-18 15:47:29 [scrapy] INFO: Crawled 257 pages (at 2 pages/min), scraped 255 items (at 4 items/min)
2018-01-18 15:48:29 [scrapy] INFO: Crawled 257 pages (at 0 pages/min), scraped 255 items (at 0 items/min)
2018-01-18 15:49:29 [scrapy] INFO: Crawled 257 pages (at 0 pages/min), scraped 255 items (at 0 items/min)
2018-01-18 15:50:52 [scrapy] INFO: Crawled 267 pages (at 10 pages/min), scraped 264 items (at 9 items/min)
2018-01-18 15:51:38 [scrapy] INFO: Crawled 275 pages (at 8 pages/min), scraped 272 items (at 8 items/min)
2018-01-18 15:53:16 [scrapy] INFO: Crawled 283 pages (at 8 pages/min), scraped 280 items (at 8 items/min)
2018-01-18 15:53:52 [scrapy] INFO: Crawled 290 pages (at 7 pages/min), scraped 286 items (at 6 items/min)
2018-01-18 15:55:01 [scrapy] INFO: Crawled 298 pages (at 8 pages/min), scraped 294 items (at 8 items/min)
2018-01-18 15:55:30 [scrapy] INFO: Crawled 304 pages (at 6 pages/min), scraped 300 items (at 6 items/min)
2018-01-18 15:56:30 [scrapy] INFO: Crawled 316 pages (at 12 pages/min), scraped 312 items (at 12 items/min)
2018-01-18 15:57:40 [scrapy] INFO: Crawled 320 pages (at 4 pages/min), scraped 316 items (at 4 items/min)
2018-01-18 15:57:58 [scrapy] ERROR: Spider error processing <GET https://www.kickstarter.com/login?then=%2Fprojects%2Fisyana%2F69489148%2Frewards> (referer: None)
Traceback (most recent call last):
  File "D:\ProgramData\Anaconda2\lib\site-packages\scrapy\utils\defer.py", line 102, in iter_errback
    yield next(it)
  File "D:\ProgramData\Anaconda2\lib\site-packages\scrapy\spidermiddlewares\offsite.py", line 29, in process_spider_output
    for x in result:
  File "D:\ProgramData\Anaconda2\lib\site-packages\scrapy\spidermiddlewares\referer.py", line 22, in <genexpr>
    return (_set_referer(r) for r in result or ())
  File "D:\ProgramData\Anaconda2\lib\site-packages\scrapy\spidermiddlewares\urllength.py", line 37, in <genexpr>
    return (r for r in result or () if _filter(r))
  File "D:\ProgramData\Anaconda2\lib\site-packages\scrapy\spidermiddlewares\depth.py", line 58, in <genexpr>
    return (r for r in result or () if _filter(r))
  File "d:\mypy\kickstarter\kickstarter\kickstarter\spiders\reward_spider.py", line 16, in parse
    current_project = response.css('script').re(r'window\.current_project.+?"(\{.+?\})";')[0]
IndexError: list index out of range
2018-01-18 15:59:04 [scrapy] INFO: Crawled 332 pages (at 12 pages/min), scraped 327 items (at 11 items/min)
2018-01-18 15:59:37 [scrapy] INFO: Crawled 338 pages (at 6 pages/min), scraped 333 items (at 6 items/min)
2018-01-18 16:00:33 [scrapy] INFO: Crawled 344 pages (at 6 pages/min), scraped 339 items (at 6 items/min)
2018-01-18 16:01:33 [scrapy] INFO: Crawled 354 pages (at 10 pages/min), scraped 349 items (at 10 items/min)
2018-01-18 16:02:36 [scrapy] INFO: Crawled 360 pages (at 6 pages/min), scraped 355 items (at 6 items/min)
2018-01-18 16:03:39 [scrapy] INFO: Crawled 369 pages (at 9 pages/min), scraped 363 items (at 8 items/min)
2018-01-18 16:04:46 [scrapy] INFO: Crawled 378 pages (at 9 pages/min), scraped 373 items (at 10 items/min)
2018-01-18 16:05:45 [scrapy] INFO: Crawled 384 pages (at 6 pages/min), scraped 379 items (at 6 items/min)
2018-01-18 16:06:39 [scrapy] INFO: Crawled 390 pages (at 6 pages/min), scraped 385 items (at 6 items/min)
2018-01-18 16:07:31 [scrapy] INFO: Crawled 399 pages (at 9 pages/min), scraped 393 items (at 8 items/min)
2018-01-18 16:08:34 [scrapy] INFO: Crawled 411 pages (at 12 pages/min), scraped 405 items (at 12 items/min)
2018-01-18 16:09:39 [scrapy] INFO: Crawled 424 pages (at 13 pages/min), scraped 419 items (at 14 items/min)
2018-01-18 16:10:29 [scrapy] INFO: Crawled 429 pages (at 5 pages/min), scraped 423 items (at 4 items/min)
2018-01-18 16:11:37 [scrapy] INFO: Crawled 440 pages (at 11 pages/min), scraped 435 items (at 12 items/min)
2018-01-18 16:12:32 [scrapy] INFO: Crawled 451 pages (at 11 pages/min), scraped 445 items (at 10 items/min)
2018-01-18 16:13:33 [scrapy] INFO: Crawled 460 pages (at 9 pages/min), scraped 455 items (at 10 items/min)
2018-01-18 16:14:34 [scrapy] INFO: Crawled 472 pages (at 12 pages/min), scraped 467 items (at 12 items/min)
2018-01-18 16:15:35 [scrapy] INFO: Crawled 482 pages (at 10 pages/min), scraped 477 items (at 10 items/min)
2018-01-18 16:16:34 [scrapy] INFO: Crawled 489 pages (at 7 pages/min), scraped 485 items (at 8 items/min)
2018-01-18 16:16:39 [scrapy] INFO: Closing spider (finished)
2018-01-18 16:16:39 [scrapy] INFO: Dumping Scrapy stats:
{'downloader/exception_count': 44,
 'downloader/exception_type_count/twisted.internet.error.TCPTimedOutError': 44,
 'downloader/request_bytes': 449219,
 'downloader/request_count': 534,
 'downloader/request_method_count/GET': 534,
 'downloader/response_bytes': 37023524,
 'downloader/response_count': 490,
 'downloader/response_status_count/200': 489,
 'downloader/response_status_count/302': 1,
 'finish_reason': 'finished',
 'finish_time': datetime.datetime(2018, 1, 18, 8, 16, 39, 708000),
 'item_scraped_count': 486,
 'log_count/ERROR': 14,
 'log_count/INFO': 68,
 'response_received_count': 489,
 'scheduler/dequeued': 533,
 'scheduler/dequeued/memory': 533,
 'scheduler/enqueued': 533,
 'scheduler/enqueued/memory': 533,
 'spider_exceptions/IndexError': 1,
 'spider_exceptions/ValueError': 1,
 'start_time': datetime.datetime(2018, 1, 18, 7, 15, 29, 369000)}
2018-01-18 16:16:39 [scrapy] INFO: Spider closed (finished)
