2018-01-18 13:29:25 [scrapy] INFO: Scrapy 1.1.1 started (bot: kickstarter)
2018-01-18 13:29:25 [scrapy] INFO: Overridden settings: {'NEWSPIDER_MODULE': 'kickstarter.spiders', 'ROBOTSTXT_OBEY': True, 'LOG_LEVEL': 'INFO', 'SPIDER_MODULES': ['kickstarter.spiders'], 'BOT_NAME': 'kickstarter', 'LOG_STDOUT': True, 'LOG_FILE': 'log/KickSpider_181328.log'}
2018-01-18 13:29:25 [scrapy] INFO: Enabled extensions:
['scrapy.extensions.logstats.LogStats',
 'scrapy.extensions.telnet.TelnetConsole',
 'scrapy.extensions.corestats.CoreStats']
2018-01-18 13:29:25 [scrapy] INFO: Enabled downloader middlewares:
['scrapy.downloadermiddlewares.robotstxt.RobotsTxtMiddleware',
 'scrapy.downloadermiddlewares.httpauth.HttpAuthMiddleware',
 'scrapy.downloadermiddlewares.downloadtimeout.DownloadTimeoutMiddleware',
 'scrapy.downloadermiddlewares.useragent.UserAgentMiddleware',
 'scrapy.downloadermiddlewares.retry.RetryMiddleware',
 'scrapy.downloadermiddlewares.defaultheaders.DefaultHeadersMiddleware',
 'scrapy.downloadermiddlewares.redirect.MetaRefreshMiddleware',
 'scrapy.downloadermiddlewares.httpcompression.HttpCompressionMiddleware',
 'scrapy.downloadermiddlewares.redirect.RedirectMiddleware',
 'scrapy.downloadermiddlewares.cookies.CookiesMiddleware',
 'scrapy.downloadermiddlewares.chunked.ChunkedTransferMiddleware',
 'scrapy.downloadermiddlewares.stats.DownloaderStats']
2018-01-18 13:29:25 [scrapy] INFO: Enabled spider middlewares:
['scrapy.spidermiddlewares.httperror.HttpErrorMiddleware',
 'scrapy.spidermiddlewares.offsite.OffsiteMiddleware',
 'scrapy.spidermiddlewares.referer.RefererMiddleware',
 'scrapy.spidermiddlewares.urllength.UrlLengthMiddleware',
 'scrapy.spidermiddlewares.depth.DepthMiddleware']
2018-01-18 13:29:25 [scrapy] INFO: Enabled item pipelines:
['kickstarter.pipelines.MongodbPipeline']
2018-01-18 13:29:25 [scrapy] INFO: Spider opened
2018-01-18 13:29:25 [scrapy] INFO: Crawled 0 pages (at 0 pages/min), scraped 0 items (at 0 items/min)
2018-01-18 13:29:28 [scrapy] ERROR: Spider error processing <GET https://www.kickstarter.com/projects/jpoprevolution/j-pop-revolution/rewards> (referer: None)
Traceback (most recent call last):
  File "D:\ProgramData\Anaconda2\lib\site-packages\scrapy\utils\defer.py", line 102, in iter_errback
    yield next(it)
  File "D:\ProgramData\Anaconda2\lib\site-packages\scrapy\spidermiddlewares\offsite.py", line 29, in process_spider_output
    for x in result:
  File "D:\ProgramData\Anaconda2\lib\site-packages\scrapy\spidermiddlewares\referer.py", line 22, in <genexpr>
    return (_set_referer(r) for r in result or ())
  File "D:\ProgramData\Anaconda2\lib\site-packages\scrapy\spidermiddlewares\urllength.py", line 37, in <genexpr>
    return (r for r in result or () if _filter(r))
  File "D:\ProgramData\Anaconda2\lib\site-packages\scrapy\spidermiddlewares\depth.py", line 58, in <genexpr>
    return (r for r in result or () if _filter(r))
  File "d:\mypy\kickstarter\kickstarter\kickstarter\spiders\reward_spider.py", line 21, in parse
    cp = json.loads(current_project)
  File "D:\ProgramData\Anaconda2\lib\json\__init__.py", line 339, in loads
    return _default_decoder.decode(s)
  File "D:\ProgramData\Anaconda2\lib\json\decoder.py", line 364, in decode
    obj, end = self.raw_decode(s, idx=_w(s, 0).end())
  File "D:\ProgramData\Anaconda2\lib\json\decoder.py", line 380, in raw_decode
    obj, end = self.scan_once(s, idx)
ValueError: Expecting ',' delimiter: line 1 column 14407 (char 14406)
2018-01-18 13:30:25 [scrapy] INFO: Crawled 16 pages (at 16 pages/min), scraped 11 items (at 11 items/min)
2018-01-18 13:31:31 [scrapy] INFO: Crawled 30 pages (at 14 pages/min), scraped 26 items (at 15 items/min)
2018-01-18 13:32:32 [scrapy] INFO: Crawled 38 pages (at 8 pages/min), scraped 34 items (at 8 items/min)
2018-01-18 13:33:34 [scrapy] INFO: Crawled 46 pages (at 8 pages/min), scraped 42 items (at 8 items/min)
2018-01-18 13:35:22 [scrapy] INFO: Crawled 56 pages (at 10 pages/min), scraped 52 items (at 10 items/min)
2018-01-18 13:35:32 [scrapy] INFO: Crawled 58 pages (at 2 pages/min), scraped 54 items (at 2 items/min)
2018-01-18 13:36:36 [scrapy] INFO: Crawled 68 pages (at 10 pages/min), scraped 64 items (at 10 items/min)
2018-01-18 13:37:29 [scrapy] INFO: Crawled 78 pages (at 10 pages/min), scraped 74 items (at 10 items/min)
2018-01-18 13:38:29 [scrapy] INFO: Crawled 88 pages (at 10 pages/min), scraped 84 items (at 10 items/min)
2018-01-18 13:39:36 [scrapy] INFO: Crawled 99 pages (at 11 pages/min), scraped 94 items (at 10 items/min)
2018-01-18 13:40:31 [scrapy] INFO: Crawled 108 pages (at 9 pages/min), scraped 104 items (at 10 items/min)
2018-01-18 13:41:29 [scrapy] INFO: Crawled 118 pages (at 10 pages/min), scraped 114 items (at 10 items/min)
2018-01-18 13:42:27 [scrapy] INFO: Crawled 130 pages (at 12 pages/min), scraped 126 items (at 12 items/min)
2018-01-18 13:43:55 [scrapy] INFO: Crawled 140 pages (at 10 pages/min), scraped 136 items (at 10 items/min)
2018-01-18 13:44:36 [scrapy] INFO: Crawled 144 pages (at 4 pages/min), scraped 140 items (at 4 items/min)
2018-01-18 13:45:30 [scrapy] INFO: Crawled 152 pages (at 8 pages/min), scraped 148 items (at 8 items/min)
2018-01-18 13:46:27 [scrapy] INFO: Crawled 158 pages (at 6 pages/min), scraped 154 items (at 6 items/min)
2018-01-18 13:47:33 [scrapy] INFO: Crawled 170 pages (at 12 pages/min), scraped 166 items (at 12 items/min)
2018-01-18 13:48:47 [scrapy] INFO: Crawled 176 pages (at 6 pages/min), scraped 172 items (at 6 items/min)
2018-01-18 13:49:41 [scrapy] INFO: Crawled 186 pages (at 10 pages/min), scraped 182 items (at 10 items/min)
2018-01-18 13:50:28 [scrapy] INFO: Crawled 194 pages (at 8 pages/min), scraped 190 items (at 8 items/min)
2018-01-18 13:51:31 [scrapy] INFO: Crawled 206 pages (at 12 pages/min), scraped 202 items (at 12 items/min)
2018-01-18 13:52:26 [scrapy] INFO: Crawled 216 pages (at 10 pages/min), scraped 212 items (at 10 items/min)
2018-01-18 13:53:30 [scrapy] INFO: Crawled 226 pages (at 10 pages/min), scraped 222 items (at 10 items/min)
2018-01-18 13:54:34 [scrapy] INFO: Crawled 240 pages (at 14 pages/min), scraped 236 items (at 14 items/min)
2018-01-18 13:55:28 [scrapy] INFO: Crawled 250 pages (at 10 pages/min), scraped 246 items (at 10 items/min)
2018-01-18 13:56:39 [scrapy] INFO: Crawled 260 pages (at 10 pages/min), scraped 256 items (at 10 items/min)
2018-01-18 13:57:26 [scrapy] INFO: Crawled 268 pages (at 8 pages/min), scraped 264 items (at 8 items/min)
2018-01-18 13:58:33 [scrapy] INFO: Crawled 280 pages (at 12 pages/min), scraped 276 items (at 12 items/min)
2018-01-18 13:59:35 [scrapy] INFO: Crawled 288 pages (at 8 pages/min), scraped 284 items (at 8 items/min)
2018-01-18 14:00:26 [scrapy] INFO: Crawled 298 pages (at 10 pages/min), scraped 294 items (at 10 items/min)
2018-01-18 14:01:32 [scrapy] INFO: Crawled 308 pages (at 10 pages/min), scraped 304 items (at 10 items/min)
2018-01-18 14:02:34 [scrapy] INFO: Crawled 318 pages (at 10 pages/min), scraped 314 items (at 10 items/min)
2018-01-18 14:03:27 [scrapy] INFO: Crawled 328 pages (at 10 pages/min), scraped 324 items (at 10 items/min)
2018-01-18 14:04:26 [scrapy] INFO: Crawled 336 pages (at 8 pages/min), scraped 332 items (at 8 items/min)
2018-01-18 14:05:32 [scrapy] INFO: Crawled 352 pages (at 16 pages/min), scraped 348 items (at 16 items/min)
2018-01-18 14:06:36 [scrapy] INFO: Crawled 364 pages (at 12 pages/min), scraped 360 items (at 12 items/min)
2018-01-18 14:07:38 [scrapy] INFO: Crawled 374 pages (at 10 pages/min), scraped 370 items (at 10 items/min)
2018-01-18 14:08:32 [scrapy] INFO: Crawled 383 pages (at 9 pages/min), scraped 378 items (at 8 items/min)
2018-01-18 14:09:41 [scrapy] INFO: Crawled 390 pages (at 7 pages/min), scraped 386 items (at 8 items/min)
2018-01-18 14:10:43 [scrapy] INFO: Crawled 398 pages (at 8 pages/min), scraped 394 items (at 8 items/min)
2018-01-18 14:11:38 [scrapy] INFO: Crawled 408 pages (at 10 pages/min), scraped 404 items (at 10 items/min)
2018-01-18 14:12:31 [scrapy] INFO: Crawled 418 pages (at 10 pages/min), scraped 414 items (at 10 items/min)
2018-01-18 14:14:05 [scrapy] INFO: Crawled 428 pages (at 10 pages/min), scraped 424 items (at 10 items/min)
2018-01-18 14:14:26 [scrapy] INFO: Crawled 432 pages (at 4 pages/min), scraped 428 items (at 4 items/min)
2018-01-18 14:15:30 [scrapy] INFO: Crawled 442 pages (at 10 pages/min), scraped 438 items (at 10 items/min)
2018-01-18 14:16:28 [scrapy] INFO: Crawled 452 pages (at 10 pages/min), scraped 448 items (at 10 items/min)
2018-01-18 14:17:42 [scrapy] INFO: Crawled 462 pages (at 10 pages/min), scraped 458 items (at 10 items/min)
2018-01-18 14:18:42 [scrapy] INFO: Crawled 468 pages (at 6 pages/min), scraped 464 items (at 6 items/min)
2018-01-18 14:19:30 [scrapy] INFO: Crawled 478 pages (at 10 pages/min), scraped 474 items (at 10 items/min)
2018-01-18 14:20:26 [scrapy] INFO: Crawled 486 pages (at 8 pages/min), scraped 482 items (at 8 items/min)
2018-01-18 14:21:27 [scrapy] INFO: Crawled 499 pages (at 13 pages/min), scraped 494 items (at 12 items/min)
2018-01-18 14:21:45 [scrapy] INFO: Closing spider (finished)
2018-01-18 14:21:45 [scrapy] INFO: Dumping Scrapy stats:
{'downloader/request_bytes': 423294,
 'downloader/request_count': 501,
 'downloader/request_method_count/GET': 501,
 'downloader/response_bytes': 37211392,
 'downloader/response_count': 501,
 'downloader/response_status_count/200': 501,
 'finish_reason': 'finished',
 'finish_time': datetime.datetime(2018, 1, 18, 6, 21, 45, 788000),
 'item_scraped_count': 499,
 'log_count/ERROR': 1,
 'log_count/INFO': 59,
 'response_received_count': 501,
 'scheduler/dequeued': 500,
 'scheduler/dequeued/memory': 500,
 'scheduler/enqueued': 500,
 'scheduler/enqueued/memory': 500,
 'spider_exceptions/ValueError': 1,
 'start_time': datetime.datetime(2018, 1, 18, 5, 29, 25, 548000)}
2018-01-18 14:21:45 [scrapy] INFO: Spider closed (finished)
