2018-01-18 21:59:05 [scrapy] INFO: Scrapy 1.1.1 started (bot: kickstarter)
2018-01-18 21:59:05 [scrapy] INFO: Overridden settings: {'NEWSPIDER_MODULE': 'kickstarter.spiders', 'ROBOTSTXT_OBEY': True, 'LOG_LEVEL': 'INFO', 'SPIDER_MODULES': ['kickstarter.spiders'], 'BOT_NAME': 'kickstarter', 'LOG_STDOUT': True, 'LOG_FILE': 'log/KickSpider_182158.log'}
2018-01-18 21:59:05 [scrapy] INFO: Enabled extensions:
['scrapy.extensions.logstats.LogStats',
 'scrapy.extensions.telnet.TelnetConsole',
 'scrapy.extensions.corestats.CoreStats']
2018-01-18 21:59:05 [scrapy] INFO: Enabled downloader middlewares:
['scrapy.downloadermiddlewares.robotstxt.RobotsTxtMiddleware',
 'scrapy.downloadermiddlewares.httpauth.HttpAuthMiddleware',
 'scrapy.downloadermiddlewares.downloadtimeout.DownloadTimeoutMiddleware',
 'scrapy.downloadermiddlewares.useragent.UserAgentMiddleware',
 'scrapy.downloadermiddlewares.retry.RetryMiddleware',
 'scrapy.downloadermiddlewares.defaultheaders.DefaultHeadersMiddleware',
 'scrapy.downloadermiddlewares.redirect.MetaRefreshMiddleware',
 'scrapy.downloadermiddlewares.httpcompression.HttpCompressionMiddleware',
 'scrapy.downloadermiddlewares.redirect.RedirectMiddleware',
 'scrapy.downloadermiddlewares.cookies.CookiesMiddleware',
 'scrapy.downloadermiddlewares.chunked.ChunkedTransferMiddleware',
 'scrapy.downloadermiddlewares.stats.DownloaderStats']
2018-01-18 21:59:05 [scrapy] INFO: Enabled spider middlewares:
['scrapy.spidermiddlewares.httperror.HttpErrorMiddleware',
 'scrapy.spidermiddlewares.offsite.OffsiteMiddleware',
 'scrapy.spidermiddlewares.referer.RefererMiddleware',
 'scrapy.spidermiddlewares.urllength.UrlLengthMiddleware',
 'scrapy.spidermiddlewares.depth.DepthMiddleware']
2018-01-18 21:59:05 [scrapy] INFO: Enabled item pipelines:
['kickstarter.pipelines.MongodbPipeline']
2018-01-18 21:59:05 [scrapy] INFO: Spider opened
2018-01-18 21:59:05 [scrapy] INFO: Crawled 0 pages (at 0 pages/min), scraped 0 items (at 0 items/min)
2018-01-18 21:59:08 [scrapy] ERROR: Spider error processing <GET https://www.kickstarter.com/projects/jpoprevolution/j-pop-revolution/rewards> (referer: None)
Traceback (most recent call last):
  File "D:\ProgramData\Anaconda2\lib\site-packages\scrapy\utils\defer.py", line 102, in iter_errback
    yield next(it)
  File "D:\ProgramData\Anaconda2\lib\site-packages\scrapy\spidermiddlewares\offsite.py", line 29, in process_spider_output
    for x in result:
  File "D:\ProgramData\Anaconda2\lib\site-packages\scrapy\spidermiddlewares\referer.py", line 22, in <genexpr>
    return (_set_referer(r) for r in result or ())
  File "D:\ProgramData\Anaconda2\lib\site-packages\scrapy\spidermiddlewares\urllength.py", line 37, in <genexpr>
    return (r for r in result or () if _filter(r))
  File "D:\ProgramData\Anaconda2\lib\site-packages\scrapy\spidermiddlewares\depth.py", line 58, in <genexpr>
    return (r for r in result or () if _filter(r))
  File "d:\mypy\kickstarter\kickstarter\kickstarter\spiders\reward_spider.py", line 21, in parse
    cp = json.loads(current_project)
  File "D:\ProgramData\Anaconda2\lib\json\__init__.py", line 339, in loads
    return _default_decoder.decode(s)
  File "D:\ProgramData\Anaconda2\lib\json\decoder.py", line 364, in decode
    obj, end = self.raw_decode(s, idx=_w(s, 0).end())
  File "D:\ProgramData\Anaconda2\lib\json\decoder.py", line 380, in raw_decode
    obj, end = self.scan_once(s, idx)
ValueError: Expecting ',' delimiter: line 1 column 14407 (char 14406)
2018-01-18 21:59:21 [scrapy] ERROR: Spider error processing <GET https://www.kickstarter.com/projects/snckpck/raddddd-a-poetry-short-story-illustration-book/rewards> (referer: None)
Traceback (most recent call last):
  File "D:\ProgramData\Anaconda2\lib\site-packages\scrapy\utils\defer.py", line 102, in iter_errback
    yield next(it)
  File "D:\ProgramData\Anaconda2\lib\site-packages\scrapy\spidermiddlewares\offsite.py", line 29, in process_spider_output
    for x in result:
  File "D:\ProgramData\Anaconda2\lib\site-packages\scrapy\spidermiddlewares\referer.py", line 22, in <genexpr>
    return (_set_referer(r) for r in result or ())
  File "D:\ProgramData\Anaconda2\lib\site-packages\scrapy\spidermiddlewares\urllength.py", line 37, in <genexpr>
    return (r for r in result or () if _filter(r))
  File "D:\ProgramData\Anaconda2\lib\site-packages\scrapy\spidermiddlewares\depth.py", line 58, in <genexpr>
    return (r for r in result or () if _filter(r))
  File "d:\mypy\kickstarter\kickstarter\kickstarter\spiders\reward_spider.py", line 21, in parse
    cp = json.loads(current_project)
  File "D:\ProgramData\Anaconda2\lib\json\__init__.py", line 339, in loads
    return _default_decoder.decode(s)
  File "D:\ProgramData\Anaconda2\lib\json\decoder.py", line 364, in decode
    obj, end = self.raw_decode(s, idx=_w(s, 0).end())
  File "D:\ProgramData\Anaconda2\lib\json\decoder.py", line 380, in raw_decode
    obj, end = self.scan_once(s, idx)
ValueError: Expecting ',' delimiter: line 1 column 6400 (char 6399)
2018-01-18 22:00:01 [scrapy] ERROR: Spider error processing <GET https://www.kickstarter.com/login?then=%2Fprojects%2FPaulHartner%2F1384087152%2Frewards> (referer: None)
Traceback (most recent call last):
  File "D:\ProgramData\Anaconda2\lib\site-packages\scrapy\utils\defer.py", line 102, in iter_errback
    yield next(it)
  File "D:\ProgramData\Anaconda2\lib\site-packages\scrapy\spidermiddlewares\offsite.py", line 29, in process_spider_output
    for x in result:
  File "D:\ProgramData\Anaconda2\lib\site-packages\scrapy\spidermiddlewares\referer.py", line 22, in <genexpr>
    return (_set_referer(r) for r in result or ())
  File "D:\ProgramData\Anaconda2\lib\site-packages\scrapy\spidermiddlewares\urllength.py", line 37, in <genexpr>
    return (r for r in result or () if _filter(r))
  File "D:\ProgramData\Anaconda2\lib\site-packages\scrapy\spidermiddlewares\depth.py", line 58, in <genexpr>
    return (r for r in result or () if _filter(r))
  File "d:\mypy\kickstarter\kickstarter\kickstarter\spiders\reward_spider.py", line 16, in parse
    current_project = response.css('script').re(r'window\.current_project.+?"(\{.+?\})";')[0]
IndexError: list index out of range
2018-01-18 22:00:01 [scrapy] ERROR: Spider error processing <GET https://www.kickstarter.com/login?then=%2Fprojects%2Fisyana%2F69489148%2Frewards> (referer: None)
Traceback (most recent call last):
  File "D:\ProgramData\Anaconda2\lib\site-packages\scrapy\utils\defer.py", line 102, in iter_errback
    yield next(it)
  File "D:\ProgramData\Anaconda2\lib\site-packages\scrapy\spidermiddlewares\offsite.py", line 29, in process_spider_output
    for x in result:
  File "D:\ProgramData\Anaconda2\lib\site-packages\scrapy\spidermiddlewares\referer.py", line 22, in <genexpr>
    return (_set_referer(r) for r in result or ())
  File "D:\ProgramData\Anaconda2\lib\site-packages\scrapy\spidermiddlewares\urllength.py", line 37, in <genexpr>
    return (r for r in result or () if _filter(r))
  File "D:\ProgramData\Anaconda2\lib\site-packages\scrapy\spidermiddlewares\depth.py", line 58, in <genexpr>
    return (r for r in result or () if _filter(r))
  File "d:\mypy\kickstarter\kickstarter\kickstarter\spiders\reward_spider.py", line 16, in parse
    current_project = response.css('script').re(r'window\.current_project.+?"(\{.+?\})";')[0]
IndexError: list index out of range
2018-01-18 22:00:55 [scrapy] INFO: Crawled 21 pages (at 21 pages/min), scraped 14 items (at 14 items/min)
2018-01-18 22:01:08 [scrapy] INFO: Crawled 27 pages (at 6 pages/min), scraped 16 items (at 2 items/min)
2018-01-18 22:02:09 [scrapy] INFO: Crawled 33 pages (at 6 pages/min), scraped 24 items (at 8 items/min)
2018-01-18 22:03:17 [scrapy] INFO: Crawled 41 pages (at 8 pages/min), scraped 34 items (at 10 items/min)
2018-01-18 22:04:08 [scrapy] INFO: Crawled 49 pages (at 8 pages/min), scraped 42 items (at 8 items/min)
2018-01-18 22:05:17 [scrapy] INFO: Crawled 54 pages (at 5 pages/min), scraped 46 items (at 4 items/min)
2018-01-18 22:06:07 [scrapy] INFO: Crawled 59 pages (at 5 pages/min), scraped 52 items (at 6 items/min)
2018-01-18 22:07:21 [scrapy] INFO: Crawled 71 pages (at 12 pages/min), scraped 64 items (at 12 items/min)
2018-01-18 22:08:09 [scrapy] INFO: Crawled 79 pages (at 8 pages/min), scraped 72 items (at 8 items/min)
2018-01-18 22:09:12 [scrapy] INFO: Crawled 87 pages (at 8 pages/min), scraped 80 items (at 8 items/min)
2018-01-18 22:10:34 [scrapy] INFO: Crawled 95 pages (at 8 pages/min), scraped 88 items (at 8 items/min)
2018-01-18 22:11:21 [scrapy] INFO: Crawled 101 pages (at 6 pages/min), scraped 94 items (at 6 items/min)
2018-01-18 22:12:08 [scrapy] INFO: Crawled 109 pages (at 8 pages/min), scraped 102 items (at 8 items/min)
2018-01-18 22:13:14 [scrapy] INFO: Crawled 119 pages (at 10 pages/min), scraped 112 items (at 10 items/min)
2018-01-18 22:14:10 [scrapy] INFO: Crawled 126 pages (at 7 pages/min), scraped 118 items (at 6 items/min)
2018-01-18 22:15:05 [scrapy] INFO: Crawled 134 pages (at 8 pages/min), scraped 126 items (at 8 items/min)
2018-01-18 22:16:28 [scrapy] INFO: Crawled 143 pages (at 9 pages/min), scraped 136 items (at 10 items/min)
2018-01-18 22:17:09 [scrapy] INFO: Crawled 151 pages (at 8 pages/min), scraped 144 items (at 8 items/min)
2018-01-18 22:18:06 [scrapy] INFO: Crawled 162 pages (at 11 pages/min), scraped 154 items (at 10 items/min)
2018-01-18 22:19:13 [scrapy] INFO: Crawled 171 pages (at 9 pages/min), scraped 164 items (at 10 items/min)
2018-01-18 22:20:05 [scrapy] INFO: Crawled 179 pages (at 8 pages/min), scraped 172 items (at 8 items/min)
2018-01-18 22:21:21 [scrapy] INFO: Crawled 189 pages (at 10 pages/min), scraped 182 items (at 10 items/min)
2018-01-18 22:22:16 [scrapy] INFO: Crawled 197 pages (at 8 pages/min), scraped 190 items (at 8 items/min)
2018-01-18 22:23:14 [scrapy] INFO: Crawled 207 pages (at 10 pages/min), scraped 200 items (at 10 items/min)
2018-01-18 22:24:08 [scrapy] INFO: Crawled 217 pages (at 10 pages/min), scraped 210 items (at 10 items/min)
2018-01-18 22:25:12 [scrapy] INFO: Crawled 227 pages (at 10 pages/min), scraped 220 items (at 10 items/min)
2018-01-18 22:26:29 [scrapy] INFO: Crawled 237 pages (at 10 pages/min), scraped 230 items (at 10 items/min)
2018-01-18 22:27:42 [scrapy] INFO: Crawled 239 pages (at 2 pages/min), scraped 232 items (at 2 items/min)
2018-01-18 22:28:07 [scrapy] INFO: Crawled 243 pages (at 4 pages/min), scraped 236 items (at 4 items/min)
2018-01-18 22:30:01 [scrapy] INFO: Crawled 249 pages (at 6 pages/min), scraped 242 items (at 6 items/min)
2018-01-18 22:30:25 [scrapy] INFO: Crawled 251 pages (at 2 pages/min), scraped 244 items (at 2 items/min)
2018-01-18 22:31:20 [scrapy] INFO: Crawled 257 pages (at 6 pages/min), scraped 250 items (at 6 items/min)
2018-01-18 22:32:06 [scrapy] INFO: Crawled 263 pages (at 6 pages/min), scraped 256 items (at 6 items/min)
2018-01-18 22:33:52 [scrapy] INFO: Crawled 276 pages (at 13 pages/min), scraped 268 items (at 12 items/min)
2018-01-18 22:34:08 [scrapy] INFO: Crawled 277 pages (at 1 pages/min), scraped 270 items (at 2 items/min)
2018-01-18 22:35:12 [scrapy] INFO: Crawled 281 pages (at 4 pages/min), scraped 274 items (at 4 items/min)
2018-01-18 22:36:23 [scrapy] INFO: Crawled 288 pages (at 7 pages/min), scraped 280 items (at 6 items/min)
2018-01-18 22:37:13 [scrapy] INFO: Crawled 293 pages (at 5 pages/min), scraped 286 items (at 6 items/min)
2018-01-18 22:38:10 [scrapy] INFO: Crawled 303 pages (at 10 pages/min), scraped 295 items (at 9 items/min)
2018-01-18 23:27:37 [scrapy] INFO: Crawled 304 pages (at 1 pages/min), scraped 298 items (at 3 items/min)
2018-01-18 23:30:11 [scrapy] INFO: Crawled 319 pages (at 15 pages/min), scraped 311 items (at 13 items/min)
2018-01-18 23:31:25 [scrapy] INFO: Crawled 327 pages (at 8 pages/min), scraped 319 items (at 8 items/min)
2018-01-18 23:32:06 [scrapy] INFO: Crawled 334 pages (at 7 pages/min), scraped 327 items (at 8 items/min)
2018-01-18 23:33:28 [scrapy] INFO: Crawled 346 pages (at 12 pages/min), scraped 339 items (at 12 items/min)
2018-01-18 23:34:09 [scrapy] INFO: Crawled 350 pages (at 4 pages/min), scraped 343 items (at 4 items/min)
2018-01-18 23:35:06 [scrapy] INFO: Crawled 359 pages (at 9 pages/min), scraped 351 items (at 8 items/min)
2018-01-18 23:36:09 [scrapy] INFO: Crawled 370 pages (at 11 pages/min), scraped 363 items (at 12 items/min)
2018-01-18 23:37:12 [scrapy] INFO: Crawled 372 pages (at 2 pages/min), scraped 365 items (at 2 items/min)
2018-01-18 23:38:06 [scrapy] INFO: Crawled 384 pages (at 12 pages/min), scraped 377 items (at 12 items/min)
2018-01-18 23:39:06 [scrapy] INFO: Crawled 395 pages (at 11 pages/min), scraped 387 items (at 10 items/min)
2018-01-18 23:40:07 [scrapy] INFO: Crawled 406 pages (at 11 pages/min), scraped 399 items (at 12 items/min)
2018-01-18 23:41:11 [scrapy] INFO: Crawled 412 pages (at 6 pages/min), scraped 405 items (at 6 items/min)
2018-01-18 23:42:07 [scrapy] INFO: Crawled 418 pages (at 6 pages/min), scraped 411 items (at 6 items/min)
2018-01-18 23:43:11 [scrapy] INFO: Crawled 428 pages (at 10 pages/min), scraped 421 items (at 10 items/min)
2018-01-18 23:44:14 [scrapy] INFO: Crawled 438 pages (at 10 pages/min), scraped 431 items (at 10 items/min)
2018-01-18 23:45:06 [scrapy] INFO: Crawled 444 pages (at 6 pages/min), scraped 437 items (at 6 items/min)
2018-01-18 23:46:13 [scrapy] INFO: Crawled 457 pages (at 13 pages/min), scraped 449 items (at 12 items/min)
2018-01-18 23:47:30 [scrapy] INFO: Crawled 468 pages (at 11 pages/min), scraped 461 items (at 12 items/min)
2018-01-18 23:48:13 [scrapy] INFO: Crawled 476 pages (at 8 pages/min), scraped 469 items (at 8 items/min)
2018-01-18 23:49:15 [scrapy] INFO: Crawled 488 pages (at 12 pages/min), scraped 481 items (at 12 items/min)
2018-01-18 23:50:13 [scrapy] INFO: Crawled 498 pages (at 10 pages/min), scraped 491 items (at 10 items/min)
2018-01-18 23:50:50 [scrapy] INFO: Closing spider (finished)
2018-01-18 23:50:50 [scrapy] INFO: Dumping Scrapy stats:
{'downloader/request_bytes': 420887,
 'downloader/request_count': 503,
 'downloader/request_method_count/GET': 503,
 'downloader/response_bytes': 37986250,
 'downloader/response_count': 503,
 'downloader/response_status_count/200': 501,
 'downloader/response_status_count/302': 2,
 'finish_reason': 'finished',
 'finish_time': datetime.datetime(2018, 1, 18, 15, 50, 50, 612000),
 'item_scraped_count': 496,
 'log_count/ERROR': 4,
 'log_count/INFO': 68,
 'response_received_count': 501,
 'scheduler/dequeued': 502,
 'scheduler/dequeued/memory': 502,
 'scheduler/enqueued': 502,
 'scheduler/enqueued/memory': 502,
 'spider_exceptions/IndexError': 2,
 'spider_exceptions/ValueError': 2,
 'start_time': datetime.datetime(2018, 1, 18, 13, 59, 5, 660000)}
2018-01-18 23:50:50 [scrapy] INFO: Spider closed (finished)
